Unity Editor version:    2021.3.24f1 (cf10dcf7010d)
Branch:                  2021.3/staging
Build type:              Release
Batch mode:              YES
macOS version:           Version 14.1.2 (Build 23B92)
Darwin version:          23.1.0
Architecture:            arm64
Running under Rosetta:   NO
Available memory:        16384 MB
Using pre-set license
Pro License: YES

COMMAND LINE ARGUMENTS:
/Applications/Unity/Hub/Editor/2021.3.24f1/Unity.app/Contents/MacOS/Unity
-adb2
-batchMode
-noUpm
-name
AssetImportWorker0
-projectPath
/Users/jeremyyan/Documents/GitHub_old/virtualboyfriend/445-VirtualBoyfriend-ver11.28
-logFile
Logs/AssetImportWorker0.log
-srvPort
61732
Successfully changed project path to: /Users/jeremyyan/Documents/GitHub_old/virtualboyfriend/445-VirtualBoyfriend-ver11.28
/Users/jeremyyan/Documents/GitHub_old/virtualboyfriend/445-VirtualBoyfriend-ver11.28
[UnityMemory] Configuration Parameters - Can be set up in boot.config
    "memorysetup-bucket-allocator-granularity=16"
    "memorysetup-bucket-allocator-bucket-count=8"
    "memorysetup-bucket-allocator-block-size=33554432"
    "memorysetup-bucket-allocator-block-count=8"
    "memorysetup-main-allocator-block-size=16777216"
    "memorysetup-thread-allocator-block-size=16777216"
    "memorysetup-gfx-main-allocator-block-size=16777216"
    "memorysetup-gfx-thread-allocator-block-size=16777216"
    "memorysetup-cache-allocator-block-size=4194304"
    "memorysetup-typetree-allocator-block-size=2097152"
    "memorysetup-profiler-bucket-allocator-granularity=16"
    "memorysetup-profiler-bucket-allocator-bucket-count=8"
    "memorysetup-profiler-bucket-allocator-block-size=33554432"
    "memorysetup-profiler-bucket-allocator-block-count=8"
    "memorysetup-profiler-allocator-block-size=16777216"
    "memorysetup-profiler-editor-allocator-block-size=1048576"
    "memorysetup-temp-allocator-size-main=16777216"
    "memorysetup-job-temp-allocator-block-size=2097152"
    "memorysetup-job-temp-allocator-block-size-background=1048576"
    "memorysetup-job-temp-allocator-reduction-small-platforms=262144"
    "memorysetup-temp-allocator-size-background-worker=32768"
    "memorysetup-temp-allocator-size-job-worker=262144"
    "memorysetup-temp-allocator-size-preload-manager=33554432"
    "memorysetup-temp-allocator-size-nav-mesh-worker=65536"
    "memorysetup-temp-allocator-size-audio-worker=65536"
    "memorysetup-temp-allocator-size-cloud-worker=32768"
    "memorysetup-temp-allocator-size-gi-baking-worker=262144"
    "memorysetup-temp-allocator-size-gfx=262144"
Player connection [8099454656] Host "[IP] 10.0.0.199 [Port] 0 [Flags] 2 [Guid] 3543752049 [EditorId] 3543752049 [Version] 1048832 [Id] OSXEditor(0,Jeremys-MacBook-Pro.local) [Debug] 1 [PackageName] OSXEditor [ProjectName] Editor" joined multi-casting on [225.0.0.222:54997]...

Player connection [8099454656] Host "[IP] 10.0.0.199 [Port] 0 [Flags] 2 [Guid] 3543752049 [EditorId] 3543752049 [Version] 1048832 [Id] OSXEditor(0,Jeremys-MacBook-Pro.local) [Debug] 1 [PackageName] OSXEditor [ProjectName] Editor" joined alternative multi-casting on [225.0.0.222:34997]...

Refreshing native plugins compatible for Editor in 101.18 ms, found 2 plugins.
Preloading 0 native plugins for Editor in 0.00 ms.
Initialize engine version: 2021.3.24f1 (cf10dcf7010d)
[Subsystems] Discovering subsystems at path /Applications/Unity/Hub/Editor/2021.3.24f1/Unity.app/Contents/Resources/UnitySubsystems
[Subsystems] Discovering subsystems at path /Users/jeremyyan/Documents/GitHub_old/virtualboyfriend/445-VirtualBoyfriend-ver11.28/Assets
GfxDevice: creating device client; threaded=0; jobified=0
 preferred device: Apple M1 Pro (high power)
Metal devices available: 1
0: Apple M1 Pro (high power)
Using device Apple M1 Pro (high power)
Initializing Metal device caps: Apple M1 Pro
Initialize mono
Mono path[0] = '/Applications/Unity/Hub/Editor/2021.3.24f1/Unity.app/Contents/Managed'
Mono path[1] = '/Applications/Unity/Hub/Editor/2021.3.24f1/Unity.app/Contents/MonoBleedingEdge/lib/mono/unityjit-macos'
Mono config path = '/Applications/Unity/Hub/Editor/2021.3.24f1/Unity.app/Contents/MonoBleedingEdge/etc'
Using monoOptions --debugger-agent=transport=dt_socket,embedding=1,server=y,suspend=n,address=127.0.0.1:56754
Begin MonoManager ReloadAssembly
Registering precompiled unity dll's ...
Register platform support module: /Applications/Unity/Hub/Editor/2021.3.24f1/Unity.app/Contents/PlaybackEngines/MacStandaloneSupport/UnityEditor.OSXStandalone.Extensions.dll
Registered in 0.002660 seconds.
Native extension for OSXStandalone target not found
Refreshing native plugins compatible for Editor in 88.54 ms, found 2 plugins.
Preloading 0 native plugins for Editor in 0.00 ms.
Mono: successfully reloaded assembly
- Completed reload, in  0.479 seconds
Domain Reload Profiling:
	ReloadAssembly (479ms)
		BeginReloadAssembly (67ms)
			ExecutionOrderSort (0ms)
			DisableScriptedObjects (0ms)
			BackupInstance (0ms)
			ReleaseScriptingObjects (0ms)
			CreateAndSetChildDomain (0ms)
		EndReloadAssembly (352ms)
			LoadAssemblies (68ms)
			RebuildTransferFunctionScriptingTraits (0ms)
			SetupTypeCache (71ms)
			ReleaseScriptCaches (0ms)
			RebuildScriptCaches (22ms)
			SetupLoadedEditorAssemblies (229ms)
				LogAssemblyErrors (0ms)
				InitializePlatformSupportModulesInManaged (4ms)
				SetLoadedEditorAssemblies (0ms)
				RefreshPlugins (89ms)
				BeforeProcessingInitializeOnLoad (1ms)
				ProcessInitializeOnLoadAttributes (110ms)
				ProcessInitializeOnLoadMethodAttributes (26ms)
				AfterProcessingInitializeOnLoad (0ms)
				EditorAssembliesLoaded (0ms)
			ExecutionOrderSort2 (0ms)
			AwakeInstancesAfterBackupRestoration (0ms)
Platform modules already initialized, skipping
Registering precompiled user dll's ...
Registered in 0.008459 seconds.
Begin MonoManager ReloadAssembly
Symbol file LoadedFromMemory doesn't match image /Users/jeremyyan/Documents/GitHub_old/virtualboyfriend/445-VirtualBoyfriend-ver11.28/Library/PackageCache/com.unity.visualscripting@1.8.0/Editor/VisualScripting.Core/Dependencies/DotNetZip/Unity.VisualScripting.IonicZip.dll
Symbol file LoadedFromMemory doesn't match image /Users/jeremyyan/Documents/GitHub_old/virtualboyfriend/445-VirtualBoyfriend-ver11.28/Library/PackageCache/com.unity.visualscripting@1.8.0/Editor/VisualScripting.Core/Dependencies/YamlDotNet/Unity.VisualScripting.YamlDotNet.dll
Native extension for OSXStandalone target not found
Refreshing native plugins compatible for Editor in 96.36 ms, found 2 plugins.
Preloading 0 native plugins for Editor in 0.00 ms.
Package Manager log level set to [2]
Mono: successfully reloaded assembly
- Completed reload, in  0.879 seconds
Domain Reload Profiling:
	ReloadAssembly (880ms)
		BeginReloadAssembly (68ms)
			ExecutionOrderSort (0ms)
			DisableScriptedObjects (4ms)
			BackupInstance (0ms)
			ReleaseScriptingObjects (0ms)
			CreateAndSetChildDomain (17ms)
		EndReloadAssembly (743ms)
			LoadAssemblies (74ms)
			RebuildTransferFunctionScriptingTraits (0ms)
			SetupTypeCache (203ms)
			ReleaseScriptCaches (1ms)
			RebuildScriptCaches (43ms)
			SetupLoadedEditorAssemblies (393ms)
				LogAssemblyErrors (0ms)
				InitializePlatformSupportModulesInManaged (2ms)
				SetLoadedEditorAssemblies (0ms)
				RefreshPlugins (96ms)
				BeforeProcessingInitializeOnLoad (68ms)
				ProcessInitializeOnLoadAttributes (214ms)
				ProcessInitializeOnLoadMethodAttributes (12ms)
				AfterProcessingInitializeOnLoad (1ms)
				EditorAssembliesLoaded (0ms)
			ExecutionOrderSort2 (0ms)
			AwakeInstancesAfterBackupRestoration (2ms)
Platform modules already initialized, skipping
========================================================================
Worker process is ready to serve import requests
Launching external process: /Applications/Unity/Hub/Editor/2021.3.24f1/Unity.app/Contents/Tools/UnityShaderCompiler
Launched and connected shader compiler UnityShaderCompiler after 0.05 seconds
Refreshing native plugins compatible for Editor in 0.73 ms, found 2 plugins.
Preloading 0 native plugins for Editor in 0.00 ms.
Unloading 3885 Unused Serialized files (Serialized files now loaded: 0)
Unloading 55 unused Assets / (62.8 MB). Loaded Objects now: 4333.
Memory consumption went from 141.8 MB to 79.0 MB.
Total: 5.645209 ms (FindLiveObjects: 0.147500 ms CreateObjectMapping: 0.057750 ms MarkObjects: 5.283458 ms  DeleteObjects: 0.156000 ms)

AssetImportParameters requested are different than current active one (requested -> active):
  custom:video-decoder-ogg-theora: a1e56fd34408186e4bbccfd4996cb3dc -> 
  custom:container-muxer-webm: aa71ff27fc2769a1b78a27578f13a17b -> 
  custom:container-demuxer-webm: 4f35f7cbe854078d1ac9338744f61a02 -> 
  custom:video-encoder-webm-vp8: eb34c28f22e8b96e1ab97ce403110664 -> 
  custom:framework-osx-AVFoundation: e770b220cccbd017edd2c1fefb359320 -> 
  custom:audio-encoder-webm-vorbis: bf7c407c2cedff20999df2af8eb42d56 -> 
  custom:container-demuxer-ogg: 62fdf1f143b41e24485cea50d1cbac27 -> 
  custom:video-decoder-webm-vp8: 9c59270c3fd7afecdb556c50c9e8de78 -> 
  custom:audio-decoder-ogg-vorbis: bf7c407c2cedff20999df2af8eb42d56 -> 
========================================================================
Received Import Request.
  Time since last request: 365939.448725 seconds.
  path: Assets/Scenes
  artifactKey: Guid(6ea315d0fd7389c41b19996891e99ae3) Importer(815301076,1909f56bfc062723c751e8b465ee728b)
Start importing Assets/Scenes using Guid(6ea315d0fd7389c41b19996891e99ae3) Importer(815301076,1909f56bfc062723c751e8b465ee728b)  -> (artifact id: 'b8193726cff86800c54781cdc6d54904') in 0.004164 seconds 
========================================================================
Received Import Request.
  Time since last request: 1.490980 seconds.
  path: Assets/Scenes/LivingRoom_scene2.unity
  artifactKey: Guid(37cc8971dc45543b89e97aaf1dd38d20) Importer(815301076,1909f56bfc062723c751e8b465ee728b)
Start importing Assets/Scenes/LivingRoom_scene2.unity using Guid(37cc8971dc45543b89e97aaf1dd38d20) Importer(815301076,1909f56bfc062723c751e8b465ee728b)  -> (artifact id: 'fd8fd86869287b4606497c8afcac4ade') in 0.001025 seconds 
========================================================================
Received Import Request.
  Time since last request: 0.448247 seconds.
  path: Assets/Scenes/LivingRoom_scene1.unity
  artifactKey: Guid(d98cc129a95719345af6123eee8550fd) Importer(815301076,1909f56bfc062723c751e8b465ee728b)
Start importing Assets/Scenes/LivingRoom_scene1.unity using Guid(d98cc129a95719345af6123eee8550fd) Importer(815301076,1909f56bfc062723c751e8b465ee728b)  -> (artifact id: '9e8752962986341d5104d971b4396ea8') in 0.001033 seconds 
========================================================================
Received Import Request.
  Time since last request: 12.568787 seconds.
  path: Assets/Scenes/Kitchen2
  artifactKey: Guid(f6f73651bb7ecf24f9e79270199b2741) Importer(815301076,1909f56bfc062723c751e8b465ee728b)
Start importing Assets/Scenes/Kitchen2 using Guid(f6f73651bb7ecf24f9e79270199b2741) Importer(815301076,1909f56bfc062723c751e8b465ee728b)  -> (artifact id: 'f0f9d698f7bf3f4f60a867cb2bc1dd33') in 0.000654 seconds 
========================================================================
Received Import Request.
  Time since last request: 1.278447 seconds.
  path: Assets/Scenes/Outside2.unity
  artifactKey: Guid(e47b40ec254516d499d41e88cca25b50) Importer(815301076,1909f56bfc062723c751e8b465ee728b)
Start importing Assets/Scenes/Outside2.unity using Guid(e47b40ec254516d499d41e88cca25b50) Importer(815301076,1909f56bfc062723c751e8b465ee728b)  -> (artifact id: 'eff5ab07f5ec1ae26772a7c84d67fecf') in 0.000699 seconds 
========================================================================
Received Import Request.
  Time since last request: 0.482900 seconds.
  path: Assets/Scenes/Outside.unity
  artifactKey: Guid(6f4bcd6d0aaddad47a150b78c885f901) Importer(815301076,1909f56bfc062723c751e8b465ee728b)
Start importing Assets/Scenes/Outside.unity using Guid(6f4bcd6d0aaddad47a150b78c885f901) Importer(815301076,1909f56bfc062723c751e8b465ee728b)  -> (artifact id: '081575c44f370a0081299d3b8b2fb2aa') in 0.000993 seconds 
========================================================================
Received Prepare
Registering precompiled user dll's ...
Registered in 0.002907 seconds.
Begin MonoManager ReloadAssembly
Thread 0x2997f7000 may have been prematurely finalized
Symbol file LoadedFromMemory doesn't match image /Users/jeremyyan/Documents/GitHub_old/virtualboyfriend/445-VirtualBoyfriend-ver11.28/Library/PackageCache/com.unity.visualscripting@1.8.0/Editor/VisualScripting.Core/Dependencies/DotNetZip/Unity.VisualScripting.IonicZip.dll
Symbol file LoadedFromMemory doesn't match image /Users/jeremyyan/Documents/GitHub_old/virtualboyfriend/445-VirtualBoyfriend-ver11.28/Library/PackageCache/com.unity.visualscripting@1.8.0/Editor/VisualScripting.Core/Dependencies/YamlDotNet/Unity.VisualScripting.YamlDotNet.dll
Native extension for OSXStandalone target not found
Refreshing native plugins compatible for Editor in 0.81 ms, found 2 plugins.
Preloading 0 native plugins for Editor in 0.00 ms.
Mono: successfully reloaded assembly
- Completed reload, in  0.632 seconds
Domain Reload Profiling:
	ReloadAssembly (632ms)
		BeginReloadAssembly (85ms)
			ExecutionOrderSort (0ms)
			DisableScriptedObjects (2ms)
			BackupInstance (0ms)
			ReleaseScriptingObjects (0ms)
			CreateAndSetChildDomain (31ms)
		EndReloadAssembly (495ms)
			LoadAssemblies (39ms)
			RebuildTransferFunctionScriptingTraits (0ms)
			SetupTypeCache (180ms)
			ReleaseScriptCaches (1ms)
			RebuildScriptCaches (27ms)
			SetupLoadedEditorAssemblies (223ms)
				LogAssemblyErrors (0ms)
				InitializePlatformSupportModulesInManaged (2ms)
				SetLoadedEditorAssemblies (1ms)
				RefreshPlugins (1ms)
				BeforeProcessingInitializeOnLoad (40ms)
				ProcessInitializeOnLoadAttributes (165ms)
				ProcessInitializeOnLoadMethodAttributes (13ms)
				AfterProcessingInitializeOnLoad (1ms)
				EditorAssembliesLoaded (0ms)
			ExecutionOrderSort2 (0ms)
			AwakeInstancesAfterBackupRestoration (2ms)
Platform modules already initialized, skipping
Refreshing native plugins compatible for Editor in 2.50 ms, found 2 plugins.
Preloading 0 native plugins for Editor in 0.00 ms.
Unloading 3844 Unused Serialized files (Serialized files now loaded: 0)
Unloading 45 unused Assets / (111.1 KB). Loaded Objects now: 4337.
Memory consumption went from 139.2 MB to 139.1 MB.
Total: 2.307042 ms (FindLiveObjects: 0.140166 ms CreateObjectMapping: 0.049375 ms MarkObjects: 2.045917 ms  DeleteObjects: 0.070916 ms)

AssetImportParameters requested are different than current active one (requested -> active):
  custom:video-decoder-ogg-theora: a1e56fd34408186e4bbccfd4996cb3dc -> 
  custom:container-muxer-webm: aa71ff27fc2769a1b78a27578f13a17b -> 
  custom:container-demuxer-webm: 4f35f7cbe854078d1ac9338744f61a02 -> 
  custom:video-encoder-webm-vp8: eb34c28f22e8b96e1ab97ce403110664 -> 
  custom:framework-osx-AVFoundation: e770b220cccbd017edd2c1fefb359320 -> 
  custom:audio-encoder-webm-vorbis: bf7c407c2cedff20999df2af8eb42d56 -> 
  custom:container-demuxer-ogg: 62fdf1f143b41e24485cea50d1cbac27 -> 
  custom:video-decoder-webm-vp8: 9c59270c3fd7afecdb556c50c9e8de78 -> 
  custom:audio-decoder-ogg-vorbis: bf7c407c2cedff20999df2af8eb42d56 -> 
========================================================================
Received Import Request.
  Time since last request: 250.700646 seconds.
  path: Assets/SteamVR/InteractionSystem/Samples/BuggyBuddy/Audio/Idle_loop.wav
  artifactKey: Guid(3ee1fc95c2ea4134fa1e8af41ac81b01) Importer(815301076,1909f56bfc062723c751e8b465ee728b)
Start importing Assets/SteamVR/InteractionSystem/Samples/BuggyBuddy/Audio/Idle_loop.wav using Guid(3ee1fc95c2ea4134fa1e8af41ac81b01) Importer(815301076,1909f56bfc062723c751e8b465ee728b)  -> (artifact id: '64dcb38a105bdc2afde62919d7138222') in 0.802553 seconds 
========================================================================
Received Import Request.
  Time since last request: 0.000106 seconds.
  path: Assets/Sound/KaramatsuVoiceLines/KaramatsuVoiceLine1.mp3
  artifactKey: Guid(aefc47dddeb874406a3ea9cf1ac43b39) Importer(815301076,1909f56bfc062723c751e8b465ee728b)
Start importing Assets/Sound/KaramatsuVoiceLines/KaramatsuVoiceLine1.mp3 using Guid(aefc47dddeb874406a3ea9cf1ac43b39) Importer(815301076,1909f56bfc062723c751e8b465ee728b)  -> (artifact id: 'df53804af37b20c6c591e89da3a47fee') in 0.049613 seconds 
========================================================================
Received Import Request.
  Time since last request: 3.203702 seconds.
  path: Assets/Scenes/Outside/door knock.mp3
  artifactKey: Guid(95ea11e5405afd248b8e2253fa1f76a6) Importer(815301076,1909f56bfc062723c751e8b465ee728b)
Start importing Assets/Scenes/Outside/door knock.mp3 using Guid(95ea11e5405afd248b8e2253fa1f76a6) Importer(815301076,1909f56bfc062723c751e8b465ee728b)  -> (artifact id: '42c4dd14cdfb207bedf4db336c94def7') in 0.006984 seconds 
========================================================================
Received Import Request.
  Time since last request: 0.009333 seconds.
  path: Assets/SteamVR/InteractionSystem/Longbow/Sounds/BalloonRubber01.wav
  artifactKey: Guid(23003f298f14cc24d9ff3988966f6292) Importer(815301076,1909f56bfc062723c751e8b465ee728b)
Start importing Assets/SteamVR/InteractionSystem/Longbow/Sounds/BalloonRubber01.wav using Guid(23003f298f14cc24d9ff3988966f6292) Importer(815301076,1909f56bfc062723c751e8b465ee728b)  -> (artifact id: '457970ef5b722fb63627100be13991e7') in 0.005414 seconds 
========================================================================
Received Import Request.
  Time since last request: 0.000047 seconds.
  path: Assets/Sound/Outside2/ChewingCookies.mp3
  artifactKey: Guid(7c733cbafbdf64c44b46cc9ad67c933b) Importer(815301076,1909f56bfc062723c751e8b465ee728b)
Start importing Assets/Sound/Outside2/ChewingCookies.mp3 using Guid(7c733cbafbdf64c44b46cc9ad67c933b) Importer(815301076,1909f56bfc062723c751e8b465ee728b)  -> (artifact id: 'cbd3507440a58ba2b976fef9e3e176f7') in 0.004817 seconds 
========================================================================
Received Import Request.
  Time since last request: 0.000045 seconds.
  path: Assets/SteamVR/InteractionSystem/Longbow/Sounds/BalloonRubber03.wav
  artifactKey: Guid(dbf37170840828344ae352756e49a99a) Importer(815301076,1909f56bfc062723c751e8b465ee728b)
Start importing Assets/SteamVR/InteractionSystem/Longbow/Sounds/BalloonRubber03.wav using Guid(dbf37170840828344ae352756e49a99a) Importer(815301076,1909f56bfc062723c751e8b465ee728b)  -> (artifact id: '07491e782251c634925279e11b25fafc') in 0.004194 seconds 
========================================================================
Received Import Request.
  Time since last request: 0.000040 seconds.
  path: Assets/SteamVR/InteractionSystem/Longbow/Sounds/BalloonPop05.wav
  artifactKey: Guid(747254780f5d81b40b16acac3b8f9585) Importer(815301076,1909f56bfc062723c751e8b465ee728b)
Start importing Assets/SteamVR/InteractionSystem/Longbow/Sounds/BalloonPop05.wav using Guid(747254780f5d81b40b16acac3b8f9585) Importer(815301076,1909f56bfc062723c751e8b465ee728b)  -> (artifact id: '7d0cf150fa1c5d1908dcaedcb431597f') in 0.013490 seconds 
========================================================================
Received Import Request.
  Time since last request: 0.000110 seconds.
  path: Assets/SteamVR/InteractionSystem/Longbow/Sounds/BalloonPop04.wav
  artifactKey: Guid(2f4d6eb6d012eea4991c7a63f81fd083) Importer(815301076,1909f56bfc062723c751e8b465ee728b)
Start importing Assets/SteamVR/InteractionSystem/Longbow/Sounds/BalloonPop04.wav using Guid(2f4d6eb6d012eea4991c7a63f81fd083) Importer(815301076,1909f56bfc062723c751e8b465ee728b)  -> (artifact id: '1488769aa3c944fe066064ec85feaac7') in 0.007650 seconds 
========================================================================
Received Import Request.
  Time since last request: 0.000049 seconds.
  path: Assets/SteamVR/InteractionSystem/Longbow/Sounds/BalloonPop07.wav
  artifactKey: Guid(7a1b97ffbdbef1d44aa8aab723f05560) Importer(815301076,1909f56bfc062723c751e8b465ee728b)
Start importing Assets/SteamVR/InteractionSystem/Longbow/Sounds/BalloonPop07.wav using Guid(7a1b97ffbdbef1d44aa8aab723f05560) Importer(815301076,1909f56bfc062723c751e8b465ee728b)  -> (artifact id: 'c12d3e271348c9bd0c74cdc9243f0983') in 0.004076 seconds 
========================================================================
Received Import Request.
  Time since last request: 0.000122 seconds.
  path: Assets/SteamVR/InteractionSystem/Longbow/Sounds/BalloonPop06.wav
  artifactKey: Guid(bb185b9d56707b64d8cd03434503252d) Importer(815301076,1909f56bfc062723c751e8b465ee728b)
Start importing Assets/SteamVR/InteractionSystem/Longbow/Sounds/BalloonPop06.wav using Guid(bb185b9d56707b64d8cd03434503252d) Importer(815301076,1909f56bfc062723c751e8b465ee728b)  -> (artifact id: 'a928f9081a27db90670a35cc0ebc10a3') in 0.003671 seconds 
========================================================================
Received Import Request.
  Time since last request: 0.407810 seconds.
  path: Assets/SteamVR/InteractionSystem/Longbow/Sounds/BalloonPop03.wav
  artifactKey: Guid(18ca642fc8ed05d4c8c6063b48440d0b) Importer(815301076,1909f56bfc062723c751e8b465ee728b)
Start importing Assets/SteamVR/InteractionSystem/Longbow/Sounds/BalloonPop03.wav using Guid(18ca642fc8ed05d4c8c6063b48440d0b) Importer(815301076,1909f56bfc062723c751e8b465ee728b)  -> (artifact id: 'ec44d949454a3db324381e1ae2ef454d') in 0.006982 seconds 
========================================================================
Received Import Request.
  Time since last request: 0.000063 seconds.
  path: Assets/SteamVR/InteractionSystem/Longbow/Sounds/BalloonBounce07.wav
  artifactKey: Guid(891b9c1d17e50204a85ebdf71b6670f5) Importer(815301076,1909f56bfc062723c751e8b465ee728b)
Start importing Assets/SteamVR/InteractionSystem/Longbow/Sounds/BalloonBounce07.wav using Guid(891b9c1d17e50204a85ebdf71b6670f5) Importer(815301076,1909f56bfc062723c751e8b465ee728b)  -> (artifact id: 'd05d4776763e1f7cf14a5da2b21900df') in 0.004124 seconds 
========================================================================
Received Import Request.
  Time since last request: 0.000045 seconds.
  path: Assets/SteamVR/InteractionSystem/Longbow/Sounds/BalloonPop01.wav
  artifactKey: Guid(fdcbdcd5e7d71594bb123666b2bcb779) Importer(815301076,1909f56bfc062723c751e8b465ee728b)
Start importing Assets/SteamVR/InteractionSystem/Longbow/Sounds/BalloonPop01.wav using Guid(fdcbdcd5e7d71594bb123666b2bcb779) Importer(815301076,1909f56bfc062723c751e8b465ee728b)  -> (artifact id: '2f0a6710ed422a92caaead923b1ebd03') in 0.004825 seconds 
========================================================================
Received Import Request.
  Time since last request: 0.000049 seconds.
  path: Assets/SteamVR/InteractionSystem/Longbow/Sounds/BalloonBounce03.wav
  artifactKey: Guid(39cd38d16e194ab47ae7ae092c5f9e07) Importer(815301076,1909f56bfc062723c751e8b465ee728b)
Start importing Assets/SteamVR/InteractionSystem/Longbow/Sounds/BalloonBounce03.wav using Guid(39cd38d16e194ab47ae7ae092c5f9e07) Importer(815301076,1909f56bfc062723c751e8b465ee728b)  -> (artifact id: '8a28eed94741494b20db1077824820a4') in 0.004792 seconds 
========================================================================
Received Import Request.
  Time since last request: 0.000095 seconds.
  path: Assets/SteamVR/InteractionSystem/Longbow/Sounds/ArrowSpawn08.wav
  artifactKey: Guid(1762632d09b8d184b80f483612ffb5f8) Importer(815301076,1909f56bfc062723c751e8b465ee728b)
Start importing Assets/SteamVR/InteractionSystem/Longbow/Sounds/ArrowSpawn08.wav using Guid(1762632d09b8d184b80f483612ffb5f8) Importer(815301076,1909f56bfc062723c751e8b465ee728b)  -> (artifact id: 'a845379bc6f11db7c6e616821d649187') in 0.007645 seconds 
========================================================================
Received Import Request.
  Time since last request: 0.000114 seconds.
  path: Assets/SteamVR/InteractionSystem/Longbow/Sounds/ArrowSpawn02.wav
  artifactKey: Guid(6fdc84052ddcc024c9c9bafadc8c591e) Importer(815301076,1909f56bfc062723c751e8b465ee728b)
Start importing Assets/SteamVR/InteractionSystem/Longbow/Sounds/ArrowSpawn02.wav using Guid(6fdc84052ddcc024c9c9bafadc8c591e) Importer(815301076,1909f56bfc062723c751e8b465ee728b)  -> (artifact id: 'fac5c6ef30ab9c68319611190d0bbae2') in 0.004431 seconds 
========================================================================
Received Import Request.
  Time since last request: 0.000058 seconds.
  path: Assets/SteamVR/InteractionSystem/Longbow/Sounds/ArrowSpawn04.wav
  artifactKey: Guid(ca0f976ff76b04644a1332f3be4f344b) Importer(815301076,1909f56bfc062723c751e8b465ee728b)
Start importing Assets/SteamVR/InteractionSystem/Longbow/Sounds/ArrowSpawn04.wav using Guid(ca0f976ff76b04644a1332f3be4f344b) Importer(815301076,1909f56bfc062723c751e8b465ee728b)  -> (artifact id: '12473c4dc00f77696e526e6d607ec839') in 0.004545 seconds 
========================================================================
Received Import Request.
  Time since last request: 0.000057 seconds.
  path: Assets/SteamVR/InteractionSystem/Longbow/Sounds/ArrowRelease06.wav
  artifactKey: Guid(0e1c54b10ce72f640a29eecbfced2363) Importer(815301076,1909f56bfc062723c751e8b465ee728b)
Start importing Assets/SteamVR/InteractionSystem/Longbow/Sounds/ArrowRelease06.wav using Guid(0e1c54b10ce72f640a29eecbfced2363) Importer(815301076,1909f56bfc062723c751e8b465ee728b)  -> (artifact id: 'a68eb3370e9f43bcc1cef0b5482063f0') in 0.003938 seconds 
========================================================================
Received Import Request.
  Time since last request: 0.000041 seconds.
  path: Assets/SteamVR/InteractionSystem/Longbow/Sounds/ArrowRelease01.wav
  artifactKey: Guid(5dea26c1298d78149af149b8bd73ff63) Importer(815301076,1909f56bfc062723c751e8b465ee728b)
Start importing Assets/SteamVR/InteractionSystem/Longbow/Sounds/ArrowRelease01.wav using Guid(5dea26c1298d78149af149b8bd73ff63) Importer(815301076,1909f56bfc062723c751e8b465ee728b)  -> (artifact id: '6c5e55f3b58945a0a298f2823c1e540e') in 0.004883 seconds 
========================================================================
Received Import Request.
  Time since last request: 0.000037 seconds.
  path: Assets/SteamVR/InteractionSystem/Longbow/Sounds/ArrowNock13.wav
  artifactKey: Guid(6a2a42a4396b3ec4fbe844a811b77445) Importer(815301076,1909f56bfc062723c751e8b465ee728b)
Start importing Assets/SteamVR/InteractionSystem/Longbow/Sounds/ArrowNock13.wav using Guid(6a2a42a4396b3ec4fbe844a811b77445) Importer(815301076,1909f56bfc062723c751e8b465ee728b)  -> (artifact id: '6814f110739bda459d80a5bf61a48300') in 0.003850 seconds 
========================================================================
Received Import Request.
  Time since last request: 0.000047 seconds.
  path: Assets/SteamVR/InteractionSystem/Longbow/Sounds/ArrowNock07.wav
  artifactKey: Guid(0d18ca862d5d9b743b42348751798528) Importer(815301076,1909f56bfc062723c751e8b465ee728b)
Start importing Assets/SteamVR/InteractionSystem/Longbow/Sounds/ArrowNock07.wav using Guid(0d18ca862d5d9b743b42348751798528) Importer(815301076,1909f56bfc062723c751e8b465ee728b)  -> (artifact id: '1bc522b8108e9da1da889cd693287844') in 0.005184 seconds 
========================================================================
Received Import Request.
  Time since last request: 0.000048 seconds.
  path: Assets/SteamVR/InteractionSystem/Longbow/Sounds/ArrowNock03.wav
  artifactKey: Guid(36f326ccef0fe5546befe26be5ba337f) Importer(815301076,1909f56bfc062723c751e8b465ee728b)
Start importing Assets/SteamVR/InteractionSystem/Longbow/Sounds/ArrowNock03.wav using Guid(36f326ccef0fe5546befe26be5ba337f) Importer(815301076,1909f56bfc062723c751e8b465ee728b)  -> (artifact id: '85fa22d063e0b95a5a56c65a61028b38') in 0.004714 seconds 
========================================================================
Received Import Request.
  Time since last request: 0.000057 seconds.
  path: Assets/SteamVR/InteractionSystem/Longbow/Sounds/ArrowNock06.wav
  artifactKey: Guid(dd90b53139ec2fb4697f0cf3dceac679) Importer(815301076,1909f56bfc062723c751e8b465ee728b)
Start importing Assets/SteamVR/InteractionSystem/Longbow/Sounds/ArrowNock06.wav using Guid(dd90b53139ec2fb4697f0cf3dceac679) Importer(815301076,1909f56bfc062723c751e8b465ee728b)  -> (artifact id: 'c4122559f7e3dc425435a97367f99b90') in 0.004293 seconds 
========================================================================
Received Import Request.
  Time since last request: 0.000199 seconds.
  path: Assets/SteamVR/InteractionSystem/Longbow/Sounds/ArrowNock09.wav
  artifactKey: Guid(8f094810949516a41a720a40a87d29cc) Importer(815301076,1909f56bfc062723c751e8b465ee728b)
Start importing Assets/SteamVR/InteractionSystem/Longbow/Sounds/ArrowNock09.wav using Guid(8f094810949516a41a720a40a87d29cc) Importer(815301076,1909f56bfc062723c751e8b465ee728b)  -> (artifact id: '68e553423e751b041ceef028b87cdd6d') in 0.004644 seconds 
========================================================================
Received Import Request.
  Time since last request: 0.000044 seconds.
  path: Assets/SteamVR/InteractionSystem/Longbow/Sounds/ArrowLaunchFire12.wav
  artifactKey: Guid(0f21ac54ede2fb1488c5719b33f0122d) Importer(815301076,1909f56bfc062723c751e8b465ee728b)
Start importing Assets/SteamVR/InteractionSystem/Longbow/Sounds/ArrowLaunchFire12.wav using Guid(0f21ac54ede2fb1488c5719b33f0122d) Importer(815301076,1909f56bfc062723c751e8b465ee728b)  -> (artifact id: 'cf2d0c49253b52099ce493fdebf5953d') in 0.004367 seconds 
========================================================================
Received Import Request.
  Time since last request: 0.000060 seconds.
  path: Assets/SteamVR/InteractionSystem/Longbow/Sounds/ArrowLaunchFire13.wav
  artifactKey: Guid(c9b9c3bb824daba4b9cb39713cd412a6) Importer(815301076,1909f56bfc062723c751e8b465ee728b)
Start importing Assets/SteamVR/InteractionSystem/Longbow/Sounds/ArrowLaunchFire13.wav using Guid(c9b9c3bb824daba4b9cb39713cd412a6) Importer(815301076,1909f56bfc062723c751e8b465ee728b)  -> (artifact id: '13ba15fd3cfb4c1e8f1ff969cd1239c6') in 0.004827 seconds 
========================================================================
Received Import Request.
  Time since last request: 0.000044 seconds.
  path: Assets/SteamVR/InteractionSystem/Longbow/Sounds/ArrowLaunchFire06.wav
  artifactKey: Guid(f469358269d38b143b9f7bc2d6b57a29) Importer(815301076,1909f56bfc062723c751e8b465ee728b)
Start importing Assets/SteamVR/InteractionSystem/Longbow/Sounds/ArrowLaunchFire06.wav using Guid(f469358269d38b143b9f7bc2d6b57a29) Importer(815301076,1909f56bfc062723c751e8b465ee728b)  -> (artifact id: '247635787973e03c4010959b48f23572') in 0.004229 seconds 
========================================================================
Received Import Request.
  Time since last request: 0.000049 seconds.
  path: Assets/SteamVR/InteractionSystem/Longbow/Sounds/ArrowLaunchFire03.wav
  artifactKey: Guid(63bf984cc50332446bc0517a4813d447) Importer(815301076,1909f56bfc062723c751e8b465ee728b)
Start importing Assets/SteamVR/InteractionSystem/Longbow/Sounds/ArrowLaunchFire03.wav using Guid(63bf984cc50332446bc0517a4813d447) Importer(815301076,1909f56bfc062723c751e8b465ee728b)  -> (artifact id: '6bb597b1c1328b5218dcfaec62a9ba60') in 0.004180 seconds 
========================================================================
Received Import Request.
  Time since last request: 0.000052 seconds.
  path: Assets/SteamVR/InteractionSystem/Longbow/Sounds/ArrowHit04.wav
  artifactKey: Guid(cef9a0102c9fe0c4fad4ebcf9ec72a45) Importer(815301076,1909f56bfc062723c751e8b465ee728b)
Start importing Assets/SteamVR/InteractionSystem/Longbow/Sounds/ArrowHit04.wav using Guid(cef9a0102c9fe0c4fad4ebcf9ec72a45) Importer(815301076,1909f56bfc062723c751e8b465ee728b)  -> (artifact id: '306ca7ae84ac988aee1250242220d4fa') in 0.003865 seconds 
========================================================================
Received Import Request.
  Time since last request: 0.000046 seconds.
  path: Assets/SteamVR/InteractionSystem/Longbow/Sounds/ArrowLaunchFire02.wav
  artifactKey: Guid(716aaae09f0c5774a972f0bacd5e5e22) Importer(815301076,1909f56bfc062723c751e8b465ee728b)
Start importing Assets/SteamVR/InteractionSystem/Longbow/Sounds/ArrowLaunchFire02.wav using Guid(716aaae09f0c5774a972f0bacd5e5e22) Importer(815301076,1909f56bfc062723c751e8b465ee728b)  -> (artifact id: 'e244e83a9ccbebc387819d5e7dbae731') in 0.005298 seconds 
========================================================================
Received Import Request.
  Time since last request: 0.000065 seconds.
  path: Assets/SteamVR/InteractionSystem/Longbow/Sounds/ArrowHit01.wav
  artifactKey: Guid(74068c08db651d34f81de9affa61f55d) Importer(815301076,1909f56bfc062723c751e8b465ee728b)
Start importing Assets/SteamVR/InteractionSystem/Longbow/Sounds/ArrowHit01.wav using Guid(74068c08db651d34f81de9affa61f55d) Importer(815301076,1909f56bfc062723c751e8b465ee728b)  -> (artifact id: 'a338ea86897b32758b63e92ff443df36') in 0.004247 seconds 
========================================================================
Received Import Request.
  Time since last request: 0.000044 seconds.
  path: Assets/SteamVR/InteractionSystem/Longbow/Sounds/ArrowFallGround05.wav
  artifactKey: Guid(da7243059d8ed744abfe851fd03f8405) Importer(815301076,1909f56bfc062723c751e8b465ee728b)
Start importing Assets/SteamVR/InteractionSystem/Longbow/Sounds/ArrowFallGround05.wav using Guid(da7243059d8ed744abfe851fd03f8405) Importer(815301076,1909f56bfc062723c751e8b465ee728b)  -> (artifact id: 'bd7d4f45528b0f96ad8bc3354687c210') in 0.004222 seconds 
========================================================================
Received Import Request.
  Time since last request: 0.000046 seconds.
  path: Assets/SteamVR/InteractionSystem/Longbow/Sounds/ArrowFallGround03.wav
  artifactKey: Guid(c848d318c783da14d920cdb75f1ee7ac) Importer(815301076,1909f56bfc062723c751e8b465ee728b)
Start importing Assets/SteamVR/InteractionSystem/Longbow/Sounds/ArrowFallGround03.wav using Guid(c848d318c783da14d920cdb75f1ee7ac) Importer(815301076,1909f56bfc062723c751e8b465ee728b)  -> (artifact id: '7017f58ffeb687e98b21bb9f5444a5a7') in 0.003616 seconds 
========================================================================
Received Import Request.
  Time since last request: 0.000037 seconds.
  path: Assets/SteamVR/InteractionSystem/Longbow/Sounds/ArrowAir03.wav
  artifactKey: Guid(efee776e88902a74684c56ce2962678f) Importer(815301076,1909f56bfc062723c751e8b465ee728b)
Start importing Assets/SteamVR/InteractionSystem/Longbow/Sounds/ArrowAir03.wav using Guid(efee776e88902a74684c56ce2962678f) Importer(815301076,1909f56bfc062723c751e8b465ee728b)  -> (artifact id: '9ad10830934f65975dfc1a72194ecc56') in 0.005041 seconds 
========================================================================
Received Import Request.
  Time since last request: 0.000034 seconds.
  path: Assets/SteamVR/InteractionSystem/Longbow/Sounds/ArrowAir04.wav
  artifactKey: Guid(adcc31e02dc74204c80c632b9844b681) Importer(815301076,1909f56bfc062723c751e8b465ee728b)
Start importing Assets/SteamVR/InteractionSystem/Longbow/Sounds/ArrowAir04.wav using Guid(adcc31e02dc74204c80c632b9844b681) Importer(815301076,1909f56bfc062723c751e8b465ee728b)  -> (artifact id: '5d672c504ec1048d441bd91ffafa4a42') in 0.004387 seconds 
========================================================================
Received Import Request.
  Time since last request: 0.000039 seconds.
  path: Assets/SteamVR/InteractionSystem/Longbow/Sounds/ArrowFallGround04.wav
  artifactKey: Guid(cb0cd73b74d6f884bab13a472f547100) Importer(815301076,1909f56bfc062723c751e8b465ee728b)
Start importing Assets/SteamVR/InteractionSystem/Longbow/Sounds/ArrowFallGround04.wav using Guid(cb0cd73b74d6f884bab13a472f547100) Importer(815301076,1909f56bfc062723c751e8b465ee728b)  -> (artifact id: 'ee72b8d9a17a1d25647f1e85ec73ccba') in 0.005424 seconds 
========================================================================
Received Import Request.
  Time since last request: 0.000047 seconds.
  path: Assets/SteamVR/InteractionSystem/Longbow/Sounds/ArrowAir08.wav
  artifactKey: Guid(eafd8df4914b6054db2b36a3aa4b4830) Importer(815301076,1909f56bfc062723c751e8b465ee728b)
Start importing Assets/SteamVR/InteractionSystem/Longbow/Sounds/ArrowAir08.wav using Guid(eafd8df4914b6054db2b36a3aa4b4830) Importer(815301076,1909f56bfc062723c751e8b465ee728b)  -> (artifact id: '81db6e3a7968993e7bc85b9a58e347b0') in 0.004423 seconds 
========================================================================
Received Import Request.
  Time since last request: 0.000037 seconds.
  path: Assets/SteamVR/InteractionSystem/Longbow/Sounds/ArrowNock12.wav
  artifactKey: Guid(dfd9b0fa043e3fc43821c159432a045c) Importer(815301076,1909f56bfc062723c751e8b465ee728b)
Start importing Assets/SteamVR/InteractionSystem/Longbow/Sounds/ArrowNock12.wav using Guid(dfd9b0fa043e3fc43821c159432a045c) Importer(815301076,1909f56bfc062723c751e8b465ee728b)  -> (artifact id: '32cbb215ef42d657b64e12a5a69c6bfc') in 0.005812 seconds 
========================================================================
Received Prepare
Registering precompiled user dll's ...
Registered in 0.002941 seconds.
Begin MonoManager ReloadAssembly
Thread 0x16efe7000 may have been prematurely finalized
Symbol file LoadedFromMemory doesn't match image /Users/jeremyyan/Documents/GitHub_old/virtualboyfriend/445-VirtualBoyfriend-ver11.28/Library/PackageCache/com.unity.visualscripting@1.8.0/Editor/VisualScripting.Core/Dependencies/DotNetZip/Unity.VisualScripting.IonicZip.dll
Symbol file LoadedFromMemory doesn't match image /Users/jeremyyan/Documents/GitHub_old/virtualboyfriend/445-VirtualBoyfriend-ver11.28/Library/PackageCache/com.unity.visualscripting@1.8.0/Editor/VisualScripting.Core/Dependencies/YamlDotNet/Unity.VisualScripting.YamlDotNet.dll
Native extension for OSXStandalone target not found
Refreshing native plugins compatible for Editor in 0.72 ms, found 2 plugins.
Preloading 0 native plugins for Editor in 0.00 ms.
Mono: successfully reloaded assembly
- Completed reload, in  0.650 seconds
Domain Reload Profiling:
	ReloadAssembly (650ms)
		BeginReloadAssembly (84ms)
			ExecutionOrderSort (0ms)
			DisableScriptedObjects (2ms)
			BackupInstance (0ms)
			ReleaseScriptingObjects (0ms)
			CreateAndSetChildDomain (33ms)
		EndReloadAssembly (514ms)
			LoadAssemblies (40ms)
			RebuildTransferFunctionScriptingTraits (0ms)
			SetupTypeCache (184ms)
			ReleaseScriptCaches (1ms)
			RebuildScriptCaches (27ms)
			SetupLoadedEditorAssemblies (234ms)
				LogAssemblyErrors (0ms)
				InitializePlatformSupportModulesInManaged (2ms)
				SetLoadedEditorAssemblies (1ms)
				RefreshPlugins (1ms)
				BeforeProcessingInitializeOnLoad (41ms)
				ProcessInitializeOnLoadAttributes (176ms)
				ProcessInitializeOnLoadMethodAttributes (12ms)
				AfterProcessingInitializeOnLoad (1ms)
				EditorAssembliesLoaded (0ms)
			ExecutionOrderSort2 (0ms)
			AwakeInstancesAfterBackupRestoration (2ms)
Platform modules already initialized, skipping
Refreshing native plugins compatible for Editor in 2.47 ms, found 2 plugins.
Preloading 0 native plugins for Editor in 0.00 ms.
Unloading 3844 Unused Serialized files (Serialized files now loaded: 0)
Unloading 45 unused Assets / (111.1 KB). Loaded Objects now: 4351.
Memory consumption went from 149.7 MB to 149.6 MB.
Total: 2.561000 ms (FindLiveObjects: 0.134000 ms CreateObjectMapping: 0.049459 ms MarkObjects: 2.302875 ms  DeleteObjects: 0.074167 ms)

AssetImportParameters requested are different than current active one (requested -> active):
  custom:video-decoder-ogg-theora: a1e56fd34408186e4bbccfd4996cb3dc -> 
  custom:container-muxer-webm: aa71ff27fc2769a1b78a27578f13a17b -> 
  custom:container-demuxer-webm: 4f35f7cbe854078d1ac9338744f61a02 -> 
  custom:video-encoder-webm-vp8: eb34c28f22e8b96e1ab97ce403110664 -> 
  custom:framework-osx-AVFoundation: e770b220cccbd017edd2c1fefb359320 -> 
  custom:audio-encoder-webm-vorbis: bf7c407c2cedff20999df2af8eb42d56 -> 
  custom:container-demuxer-ogg: 62fdf1f143b41e24485cea50d1cbac27 -> 
  custom:video-decoder-webm-vp8: 9c59270c3fd7afecdb556c50c9e8de78 -> 
  custom:audio-decoder-ogg-vorbis: bf7c407c2cedff20999df2af8eb42d56 -> 
========================================================================
Received Prepare
Registering precompiled user dll's ...
Registered in 0.002878 seconds.
Begin MonoManager ReloadAssembly
Thread 0x16efe7000 may have been prematurely finalized
Symbol file LoadedFromMemory doesn't match image /Users/jeremyyan/Documents/GitHub_old/virtualboyfriend/445-VirtualBoyfriend-ver11.28/Library/PackageCache/com.unity.visualscripting@1.8.0/Editor/VisualScripting.Core/Dependencies/DotNetZip/Unity.VisualScripting.IonicZip.dll
Symbol file LoadedFromMemory doesn't match image /Users/jeremyyan/Documents/GitHub_old/virtualboyfriend/445-VirtualBoyfriend-ver11.28/Library/PackageCache/com.unity.visualscripting@1.8.0/Editor/VisualScripting.Core/Dependencies/YamlDotNet/Unity.VisualScripting.YamlDotNet.dll
Native extension for OSXStandalone target not found
Refreshing native plugins compatible for Editor in 0.75 ms, found 2 plugins.
Preloading 0 native plugins for Editor in 0.00 ms.
Mono: successfully reloaded assembly
- Completed reload, in  0.653 seconds
Domain Reload Profiling:
	ReloadAssembly (654ms)
		BeginReloadAssembly (84ms)
			ExecutionOrderSort (0ms)
			DisableScriptedObjects (2ms)
			BackupInstance (0ms)
			ReleaseScriptingObjects (0ms)
			CreateAndSetChildDomain (30ms)
		EndReloadAssembly (518ms)
			LoadAssemblies (42ms)
			RebuildTransferFunctionScriptingTraits (0ms)
			SetupTypeCache (184ms)
			ReleaseScriptCaches (1ms)
			RebuildScriptCaches (28ms)
			SetupLoadedEditorAssemblies (239ms)
				LogAssemblyErrors (0ms)
				InitializePlatformSupportModulesInManaged (3ms)
				SetLoadedEditorAssemblies (0ms)
				RefreshPlugins (1ms)
				BeforeProcessingInitializeOnLoad (40ms)
				ProcessInitializeOnLoadAttributes (182ms)
				ProcessInitializeOnLoadMethodAttributes (13ms)
				AfterProcessingInitializeOnLoad (1ms)
				EditorAssembliesLoaded (0ms)
			ExecutionOrderSort2 (0ms)
			AwakeInstancesAfterBackupRestoration (2ms)
Platform modules already initialized, skipping
Refreshing native plugins compatible for Editor in 2.39 ms, found 2 plugins.
Preloading 0 native plugins for Editor in 0.00 ms.
Unloading 3844 Unused Serialized files (Serialized files now loaded: 0)
Unloading 45 unused Assets / (111.1 KB). Loaded Objects now: 4355.
Memory consumption went from 149.7 MB to 149.6 MB.
Total: 2.587000 ms (FindLiveObjects: 0.142375 ms CreateObjectMapping: 0.050375 ms MarkObjects: 2.317750 ms  DeleteObjects: 0.075541 ms)

AssetImportParameters requested are different than current active one (requested -> active):
  custom:video-decoder-ogg-theora: a1e56fd34408186e4bbccfd4996cb3dc -> 
  custom:container-muxer-webm: aa71ff27fc2769a1b78a27578f13a17b -> 
  custom:container-demuxer-webm: 4f35f7cbe854078d1ac9338744f61a02 -> 
  custom:video-encoder-webm-vp8: eb34c28f22e8b96e1ab97ce403110664 -> 
  custom:framework-osx-AVFoundation: e770b220cccbd017edd2c1fefb359320 -> 
  custom:audio-encoder-webm-vorbis: bf7c407c2cedff20999df2af8eb42d56 -> 
  custom:container-demuxer-ogg: 62fdf1f143b41e24485cea50d1cbac27 -> 
  custom:video-decoder-webm-vp8: 9c59270c3fd7afecdb556c50c9e8de78 -> 
  custom:audio-decoder-ogg-vorbis: bf7c407c2cedff20999df2af8eb42d56 -> 
Editor requested this worker to shutdown with reason: Scaling down because of idle timeout
AssetImportWorker is now disconnected from the server
Process exiting
