Using pre-set license
Built from '2021.3/staging' branch; Version is '2021.3.24f1 (cf10dcf7010d) revision 13570268'; Using compiler version '192829333'; Build Type 'Release'
OS: 'Windows 11  (10.0.22621) 64bit Core' Language: 'en' Physical Memory: 31907 MB
BatchMode: 1, IsHumanControllingUs: 0, StartBugReporterOnCrash: 0, Is64bit: 1, IsPro: 1

COMMAND LINE ARGUMENTS:
F:\Unity\2021.3.24f1\Editor\Unity.exe
-adb2
-batchMode
-noUpm
-name
AssetImportWorker2
-projectPath
C:/Users/10bit/Desktop/virtualboyfriend/445-VirtualBoyfriend-ver11.28
-logFile
Logs/AssetImportWorker2.log
-srvPort
58943
Successfully changed project path to: C:/Users/10bit/Desktop/virtualboyfriend/445-VirtualBoyfriend-ver11.28
C:/Users/10bit/Desktop/virtualboyfriend/445-VirtualBoyfriend-ver11.28
[UnityMemory] Configuration Parameters - Can be set up in boot.config
    "memorysetup-bucket-allocator-granularity=16"
    "memorysetup-bucket-allocator-bucket-count=8"
    "memorysetup-bucket-allocator-block-size=33554432"
    "memorysetup-bucket-allocator-block-count=8"
    "memorysetup-main-allocator-block-size=16777216"
    "memorysetup-thread-allocator-block-size=16777216"
    "memorysetup-gfx-main-allocator-block-size=16777216"
    "memorysetup-gfx-thread-allocator-block-size=16777216"
    "memorysetup-cache-allocator-block-size=4194304"
    "memorysetup-typetree-allocator-block-size=2097152"
    "memorysetup-profiler-bucket-allocator-granularity=16"
    "memorysetup-profiler-bucket-allocator-bucket-count=8"
    "memorysetup-profiler-bucket-allocator-block-size=33554432"
    "memorysetup-profiler-bucket-allocator-block-count=8"
    "memorysetup-profiler-allocator-block-size=16777216"
    "memorysetup-profiler-editor-allocator-block-size=1048576"
    "memorysetup-temp-allocator-size-main=16777216"
    "memorysetup-job-temp-allocator-block-size=2097152"
    "memorysetup-job-temp-allocator-block-size-background=1048576"
    "memorysetup-job-temp-allocator-reduction-small-platforms=262144"
    "memorysetup-temp-allocator-size-background-worker=32768"
    "memorysetup-temp-allocator-size-job-worker=262144"
    "memorysetup-temp-allocator-size-preload-manager=33554432"
    "memorysetup-temp-allocator-size-nav-mesh-worker=65536"
    "memorysetup-temp-allocator-size-audio-worker=65536"
    "memorysetup-temp-allocator-size-cloud-worker=32768"
    "memorysetup-temp-allocator-size-gi-baking-worker=262144"
    "memorysetup-temp-allocator-size-gfx=262144"
Player connection [32008] Host "[IP] 192.168.1.69 [Port] 0 [Flags] 2 [Guid] 3175655132 [EditorId] 3175655132 [Version] 1048832 [Id] WindowsEditor(7,Fiona) [Debug] 1 [PackageName] WindowsEditor [ProjectName] Editor" joined multi-casting on [225.0.0.222:54997]...

Player connection [32008] Host "[IP] 192.168.1.69 [Port] 0 [Flags] 2 [Guid] 3175655132 [EditorId] 3175655132 [Version] 1048832 [Id] WindowsEditor(7,Fiona) [Debug] 1 [PackageName] WindowsEditor [ProjectName] Editor" joined alternative multi-casting on [225.0.0.222:34997]...

Refreshing native plugins compatible for Editor in 64.64 ms, found 12 plugins.
Preloading 0 native plugins for Editor in 0.00 ms.
Initialize engine version: 2021.3.24f1 (cf10dcf7010d)
[Subsystems] Discovering subsystems at path F:/Unity/2021.3.24f1/Editor/Data/Resources/UnitySubsystems
[Subsystems] Discovering subsystems at path C:/Users/10bit/Desktop/virtualboyfriend/445-VirtualBoyfriend-ver11.28/Assets
GfxDevice: creating device client; threaded=0; jobified=0
Direct3D:
    Version:  Direct3D 11.0 [level 11.1]
    Renderer: NVIDIA GeForce RTX 3070 (ID=0x2488)
    Vendor:   NVIDIA
    VRAM:     8032 MB
    Driver:   31.0.15.3667
Initialize mono
Mono path[0] = 'F:/Unity/2021.3.24f1/Editor/Data/Managed'
Mono path[1] = 'F:/Unity/2021.3.24f1/Editor/Data/MonoBleedingEdge/lib/mono/unityjit-win32'
Mono config path = 'F:/Unity/2021.3.24f1/Editor/Data/MonoBleedingEdge/etc'
Using monoOptions --debugger-agent=transport=dt_socket,embedding=1,server=y,suspend=n,address=127.0.0.1:56396
Begin MonoManager ReloadAssembly
Registering precompiled unity dll's ...
Register platform support module: F:/Unity/2021.3.24f1/Editor/Data/PlaybackEngines/AndroidPlayer/UnityEditor.Android.Extensions.dll
Register platform support module: F:/Unity/2021.3.24f1/Editor/Data/PlaybackEngines/WindowsStandaloneSupport/UnityEditor.WindowsStandalone.Extensions.dll
Registered in 0.001221 seconds.
Native extension for WindowsStandalone target not found
Native extension for Android target not found
Android Extension - Scanning For ADB Devices 182 ms
Refreshing native plugins compatible for Editor in 53.78 ms, found 12 plugins.
Preloading 0 native plugins for Editor in 0.00 ms.
Mono: successfully reloaded assembly
- Completed reload, in  0.529 seconds
Domain Reload Profiling:
	ReloadAssembly (529ms)
		BeginReloadAssembly (42ms)
			ExecutionOrderSort (0ms)
			DisableScriptedObjects (0ms)
			BackupInstance (0ms)
			ReleaseScriptingObjects (0ms)
			CreateAndSetChildDomain (0ms)
		EndReloadAssembly (437ms)
			LoadAssemblies (41ms)
			RebuildTransferFunctionScriptingTraits (0ms)
			SetupTypeCache (57ms)
			ReleaseScriptCaches (0ms)
			RebuildScriptCaches (14ms)
			SetupLoadedEditorAssemblies (339ms)
				LogAssemblyErrors (0ms)
				InitializePlatformSupportModulesInManaged (216ms)
				SetLoadedEditorAssemblies (0ms)
				RefreshPlugins (54ms)
				BeforeProcessingInitializeOnLoad (1ms)
				ProcessInitializeOnLoadAttributes (46ms)
				ProcessInitializeOnLoadMethodAttributes (22ms)
				AfterProcessingInitializeOnLoad (0ms)
				EditorAssembliesLoaded (0ms)
			ExecutionOrderSort2 (0ms)
			AwakeInstancesAfterBackupRestoration (0ms)
Platform modules already initialized, skipping
Registering precompiled user dll's ...
Registered in 0.004174 seconds.
Begin MonoManager ReloadAssembly
Symbol file LoadedFromMemory doesn't match image C:\Users\10bit\Desktop\virtualboyfriend\445-VirtualBoyfriend-ver11.28\Library\PackageCache\com.unity.visualscripting@1.8.0\Editor\VisualScripting.Core\Dependencies\DotNetZip\Unity.VisualScripting.IonicZip.dll
Symbol file LoadedFromMemory doesn't match image C:\Users\10bit\Desktop\virtualboyfriend\445-VirtualBoyfriend-ver11.28\Library\PackageCache\com.unity.visualscripting@1.8.0\Editor\VisualScripting.Core\Dependencies\YamlDotNet\Unity.VisualScripting.YamlDotNet.dll
Native extension for WindowsStandalone target not found
Native extension for Android target not found
Refreshing native plugins compatible for Editor in 55.33 ms, found 12 plugins.
Preloading 0 native plugins for Editor in 0.00 ms.
Package Manager log level set to [2]
Mono: successfully reloaded assembly
- Completed reload, in  0.623 seconds
Domain Reload Profiling:
	ReloadAssembly (624ms)
		BeginReloadAssembly (58ms)
			ExecutionOrderSort (0ms)
			DisableScriptedObjects (3ms)
			BackupInstance (0ms)
			ReleaseScriptingObjects (0ms)
			CreateAndSetChildDomain (12ms)
		EndReloadAssembly (515ms)
			LoadAssemblies (45ms)
			RebuildTransferFunctionScriptingTraits (0ms)
			SetupTypeCache (144ms)
			ReleaseScriptCaches (0ms)
			RebuildScriptCaches (29ms)
			SetupLoadedEditorAssemblies (273ms)
				LogAssemblyErrors (0ms)
				InitializePlatformSupportModulesInManaged (8ms)
				SetLoadedEditorAssemblies (0ms)
				RefreshPlugins (55ms)
				BeforeProcessingInitializeOnLoad (49ms)
				ProcessInitializeOnLoadAttributes (150ms)
				ProcessInitializeOnLoadMethodAttributes (10ms)
				AfterProcessingInitializeOnLoad (1ms)
				EditorAssembliesLoaded (0ms)
			ExecutionOrderSort2 (0ms)
			AwakeInstancesAfterBackupRestoration (3ms)
Platform modules already initialized, skipping
========================================================================
Worker process is ready to serve import requests
Launched and connected shader compiler UnityShaderCompiler.exe after 0.04 seconds
Refreshing native plugins compatible for Editor in 0.80 ms, found 12 plugins.
Preloading 0 native plugins for Editor in 0.00 ms.
Unloading 3880 Unused Serialized files (Serialized files now loaded: 0)
Unloading 51 unused Assets / (57.6 KB). Loaded Objects now: 4333.
Memory consumption went from 145.9 MB to 145.8 MB.
Total: 2.435700 ms (FindLiveObjects: 0.218500 ms CreateObjectMapping: 0.056700 ms MarkObjects: 2.099700 ms  DeleteObjects: 0.060200 ms)

AssetImportParameters requested are different than current active one (requested -> active):
  custom:video-decoder-ogg-theora: a1e56fd34408186e4bbccfd4996cb3dc -> 
  custom:container-muxer-webm: aa71ff27fc2769a1b78a27578f13a17b -> 
  custom:container-demuxer-webm: 4f35f7cbe854078d1ac9338744f61a02 -> 
  custom:video-encoder-webm-vp8: eb34c28f22e8b96e1ab97ce403110664 -> 
  custom:video-codec-MediaFoundation-h265: 746d11721c4dcdbdad8f713fa42b33f4 -> 
  custom:audio-encoder-webm-vorbis: bf7c407c2cedff20999df2af8eb42d56 -> 
  custom:framework-win-MediaFoundation: 216162199b28c13a410421893ffa2e32 -> 
  custom:container-demuxer-ogg: 62fdf1f143b41e24485cea50d1cbac27 -> 
  custom:video-decoder-webm-vp8: 9c59270c3fd7afecdb556c50c9e8de78 -> 
  custom:audio-decoder-ogg-vorbis: bf7c407c2cedff20999df2af8eb42d56 -> 
========================================================================
Received Import Request.
  Time since last request: 752571.581148 seconds.
  path: Assets/Sound/Subway
  artifactKey: Guid(9cb0d66f4bbe955499946bbcd7ef689c) Importer(815301076,1909f56bfc062723c751e8b465ee728b)
Start importing Assets/Sound/Subway using Guid(9cb0d66f4bbe955499946bbcd7ef689c) Importer(815301076,1909f56bfc062723c751e8b465ee728b)  -> (artifact id: '6f306dc23a56e0e2bd9dd3146d6bfe51') in 0.011847 seconds 
========================================================================
Received Import Request.
  Time since last request: 36.061780 seconds.
  path: Assets/Sound/Outside2
  artifactKey: Guid(f982b265b3a47cb4ab39ebfac58d49a3) Importer(815301076,1909f56bfc062723c751e8b465ee728b)
Start importing Assets/Sound/Outside2 using Guid(f982b265b3a47cb4ab39ebfac58d49a3) Importer(815301076,1909f56bfc062723c751e8b465ee728b)  -> (artifact id: '309df5fd6a01d8ee4d8b47fac0019dce') in 0.005670 seconds 
========================================================================
Received Import Request.
  Time since last request: 844.961850 seconds.
  path: Assets/Sound/Outside2/power-buzz-sfx.mp3
  artifactKey: Guid(d246ab15da0250548a609ae8ef64f87c) Importer(815301076,1909f56bfc062723c751e8b465ee728b)
Start importing Assets/Sound/Outside2/power-buzz-sfx.mp3 using Guid(d246ab15da0250548a609ae8ef64f87c) Importer(815301076,1909f56bfc062723c751e8b465ee728b)  -> (artifact id: '32a6bb207f284de0b906f51264fef53c') in 0.171902 seconds 
========================================================================
Received Prepare
Registering precompiled user dll's ...
Registered in 0.004687 seconds.
Begin MonoManager ReloadAssembly
Symbol file LoadedFromMemory doesn't match image C:\Users\10bit\Desktop\virtualboyfriend\445-VirtualBoyfriend-ver11.28\Library\PackageCache\com.unity.visualscripting@1.8.0\Editor\VisualScripting.Core\Dependencies\DotNetZip\Unity.VisualScripting.IonicZip.dll
Symbol file LoadedFromMemory doesn't match image C:\Users\10bit\Desktop\virtualboyfriend\445-VirtualBoyfriend-ver11.28\Library\PackageCache\com.unity.visualscripting@1.8.0\Editor\VisualScripting.Core\Dependencies\YamlDotNet\Unity.VisualScripting.YamlDotNet.dll
Native extension for WindowsStandalone target not found
Native extension for Android target not found
Refreshing native plugins compatible for Editor in 0.89 ms, found 12 plugins.
Preloading 0 native plugins for Editor in 0.00 ms.
Mono: successfully reloaded assembly
- Completed reload, in  0.674 seconds
Domain Reload Profiling:
	ReloadAssembly (674ms)
		BeginReloadAssembly (125ms)
			ExecutionOrderSort (0ms)
			DisableScriptedObjects (3ms)
			BackupInstance (0ms)
			ReleaseScriptingObjects (0ms)
			CreateAndSetChildDomain (44ms)
		EndReloadAssembly (501ms)
			LoadAssemblies (64ms)
			RebuildTransferFunctionScriptingTraits (0ms)
			SetupTypeCache (175ms)
			ReleaseScriptCaches (1ms)
			RebuildScriptCaches (26ms)
			SetupLoadedEditorAssemblies (220ms)
				LogAssemblyErrors (0ms)
				InitializePlatformSupportModulesInManaged (10ms)
				SetLoadedEditorAssemblies (0ms)
				RefreshPlugins (1ms)
				BeforeProcessingInitializeOnLoad (39ms)
				ProcessInitializeOnLoadAttributes (155ms)
				ProcessInitializeOnLoadMethodAttributes (13ms)
				AfterProcessingInitializeOnLoad (1ms)
				EditorAssembliesLoaded (0ms)
			ExecutionOrderSort2 (0ms)
			AwakeInstancesAfterBackupRestoration (3ms)
Platform modules already initialized, skipping
Refreshing native plugins compatible for Editor in 3.16 ms, found 12 plugins.
Preloading 0 native plugins for Editor in 0.00 ms.
Unloading 3835 Unused Serialized files (Serialized files now loaded: 0)
Unloading 41 unused Assets / (25.6 KB). Loaded Objects now: 4347.
Memory consumption went from 146.7 MB to 146.6 MB.
Total: 2.772400 ms (FindLiveObjects: 0.244300 ms CreateObjectMapping: 0.047300 ms MarkObjects: 2.452700 ms  DeleteObjects: 0.027500 ms)

AssetImportParameters requested are different than current active one (requested -> active):
  custom:video-decoder-ogg-theora: a1e56fd34408186e4bbccfd4996cb3dc -> 
  custom:container-muxer-webm: aa71ff27fc2769a1b78a27578f13a17b -> 
  custom:container-demuxer-webm: 4f35f7cbe854078d1ac9338744f61a02 -> 
  custom:video-encoder-webm-vp8: eb34c28f22e8b96e1ab97ce403110664 -> 
  custom:video-codec-MediaFoundation-h265: 746d11721c4dcdbdad8f713fa42b33f4 -> 
  custom:audio-encoder-webm-vorbis: bf7c407c2cedff20999df2af8eb42d56 -> 
  custom:framework-win-MediaFoundation: 216162199b28c13a410421893ffa2e32 -> 
  custom:container-demuxer-ogg: 62fdf1f143b41e24485cea50d1cbac27 -> 
  custom:video-decoder-webm-vp8: 9c59270c3fd7afecdb556c50c9e8de78 -> 
  custom:audio-decoder-ogg-vorbis: bf7c407c2cedff20999df2af8eb42d56 -> 
========================================================================
Received Prepare
Registering precompiled user dll's ...
Registered in 0.005145 seconds.
Begin MonoManager ReloadAssembly
Symbol file LoadedFromMemory doesn't match image C:\Users\10bit\Desktop\virtualboyfriend\445-VirtualBoyfriend-ver11.28\Library\PackageCache\com.unity.visualscripting@1.8.0\Editor\VisualScripting.Core\Dependencies\DotNetZip\Unity.VisualScripting.IonicZip.dll
Symbol file LoadedFromMemory doesn't match image C:\Users\10bit\Desktop\virtualboyfriend\445-VirtualBoyfriend-ver11.28\Library\PackageCache\com.unity.visualscripting@1.8.0\Editor\VisualScripting.Core\Dependencies\YamlDotNet\Unity.VisualScripting.YamlDotNet.dll
Native extension for WindowsStandalone target not found
Native extension for Android target not found
Refreshing native plugins compatible for Editor in 1.02 ms, found 12 plugins.
Preloading 0 native plugins for Editor in 0.00 ms.
Mono: successfully reloaded assembly
- Completed reload, in  0.556 seconds
Domain Reload Profiling:
	ReloadAssembly (557ms)
		BeginReloadAssembly (86ms)
			ExecutionOrderSort (0ms)
			DisableScriptedObjects (2ms)
			BackupInstance (0ms)
			ReleaseScriptingObjects (0ms)
			CreateAndSetChildDomain (25ms)
		EndReloadAssembly (425ms)
			LoadAssemblies (51ms)
			RebuildTransferFunctionScriptingTraits (0ms)
			SetupTypeCache (142ms)
			ReleaseScriptCaches (1ms)
			RebuildScriptCaches (23ms)
			SetupLoadedEditorAssemblies (186ms)
				LogAssemblyErrors (0ms)
				InitializePlatformSupportModulesInManaged (9ms)
				SetLoadedEditorAssemblies (0ms)
				RefreshPlugins (1ms)
				BeforeProcessingInitializeOnLoad (35ms)
				ProcessInitializeOnLoadAttributes (126ms)
				ProcessInitializeOnLoadMethodAttributes (13ms)
				AfterProcessingInitializeOnLoad (1ms)
				EditorAssembliesLoaded (0ms)
			ExecutionOrderSort2 (0ms)
			AwakeInstancesAfterBackupRestoration (3ms)
Platform modules already initialized, skipping
Refreshing native plugins compatible for Editor in 2.81 ms, found 12 plugins.
Preloading 0 native plugins for Editor in 0.00 ms.
Unloading 3835 Unused Serialized files (Serialized files now loaded: 0)
Unloading 41 unused Assets / (25.6 KB). Loaded Objects now: 4351.
Memory consumption went from 146.7 MB to 146.7 MB.
Total: 2.264700 ms (FindLiveObjects: 0.222500 ms CreateObjectMapping: 0.048400 ms MarkObjects: 1.971500 ms  DeleteObjects: 0.021600 ms)

AssetImportParameters requested are different than current active one (requested -> active):
  custom:video-decoder-ogg-theora: a1e56fd34408186e4bbccfd4996cb3dc -> 
  custom:container-muxer-webm: aa71ff27fc2769a1b78a27578f13a17b -> 
  custom:container-demuxer-webm: 4f35f7cbe854078d1ac9338744f61a02 -> 
  custom:video-encoder-webm-vp8: eb34c28f22e8b96e1ab97ce403110664 -> 
  custom:video-codec-MediaFoundation-h265: 746d11721c4dcdbdad8f713fa42b33f4 -> 
  custom:audio-encoder-webm-vorbis: bf7c407c2cedff20999df2af8eb42d56 -> 
  custom:framework-win-MediaFoundation: 216162199b28c13a410421893ffa2e32 -> 
  custom:container-demuxer-ogg: 62fdf1f143b41e24485cea50d1cbac27 -> 
  custom:video-decoder-webm-vp8: 9c59270c3fd7afecdb556c50c9e8de78 -> 
  custom:audio-decoder-ogg-vorbis: bf7c407c2cedff20999df2af8eb42d56 -> 
========================================================================
Received Prepare
Registering precompiled user dll's ...
Registered in 0.006169 seconds.
Begin MonoManager ReloadAssembly
Symbol file LoadedFromMemory doesn't match image C:\Users\10bit\Desktop\virtualboyfriend\445-VirtualBoyfriend-ver11.28\Library\PackageCache\com.unity.visualscripting@1.8.0\Editor\VisualScripting.Core\Dependencies\DotNetZip\Unity.VisualScripting.IonicZip.dll
Symbol file LoadedFromMemory doesn't match image C:\Users\10bit\Desktop\virtualboyfriend\445-VirtualBoyfriend-ver11.28\Library\PackageCache\com.unity.visualscripting@1.8.0\Editor\VisualScripting.Core\Dependencies\YamlDotNet\Unity.VisualScripting.YamlDotNet.dll
Native extension for WindowsStandalone target not found
Native extension for Android target not found
Refreshing native plugins compatible for Editor in 0.84 ms, found 12 plugins.
Preloading 0 native plugins for Editor in 0.00 ms.
Mono: successfully reloaded assembly
- Completed reload, in  0.556 seconds
Domain Reload Profiling:
	ReloadAssembly (556ms)
		BeginReloadAssembly (88ms)
			ExecutionOrderSort (0ms)
			DisableScriptedObjects (3ms)
			BackupInstance (0ms)
			ReleaseScriptingObjects (0ms)
			CreateAndSetChildDomain (30ms)
		EndReloadAssembly (414ms)
			LoadAssemblies (47ms)
			RebuildTransferFunctionScriptingTraits (0ms)
			SetupTypeCache (140ms)
			ReleaseScriptCaches (1ms)
			RebuildScriptCaches (22ms)
			SetupLoadedEditorAssemblies (179ms)
				LogAssemblyErrors (0ms)
				InitializePlatformSupportModulesInManaged (8ms)
				SetLoadedEditorAssemblies (0ms)
				RefreshPlugins (1ms)
				BeforeProcessingInitializeOnLoad (34ms)
				ProcessInitializeOnLoadAttributes (123ms)
				ProcessInitializeOnLoadMethodAttributes (11ms)
				AfterProcessingInitializeOnLoad (1ms)
				EditorAssembliesLoaded (0ms)
			ExecutionOrderSort2 (0ms)
			AwakeInstancesAfterBackupRestoration (4ms)
Platform modules already initialized, skipping
Refreshing native plugins compatible for Editor in 3.36 ms, found 12 plugins.
Preloading 0 native plugins for Editor in 0.00 ms.
Unloading 3835 Unused Serialized files (Serialized files now loaded: 0)
Unloading 41 unused Assets / (25.7 KB). Loaded Objects now: 4355.
Memory consumption went from 146.7 MB to 146.7 MB.
Total: 2.125700 ms (FindLiveObjects: 0.224200 ms CreateObjectMapping: 0.046900 ms MarkObjects: 1.832400 ms  DeleteObjects: 0.021500 ms)

AssetImportParameters requested are different than current active one (requested -> active):
  custom:video-decoder-ogg-theora: a1e56fd34408186e4bbccfd4996cb3dc -> 
  custom:container-muxer-webm: aa71ff27fc2769a1b78a27578f13a17b -> 
  custom:container-demuxer-webm: 4f35f7cbe854078d1ac9338744f61a02 -> 
  custom:video-encoder-webm-vp8: eb34c28f22e8b96e1ab97ce403110664 -> 
  custom:video-codec-MediaFoundation-h265: 746d11721c4dcdbdad8f713fa42b33f4 -> 
  custom:audio-encoder-webm-vorbis: bf7c407c2cedff20999df2af8eb42d56 -> 
  custom:framework-win-MediaFoundation: 216162199b28c13a410421893ffa2e32 -> 
  custom:container-demuxer-ogg: 62fdf1f143b41e24485cea50d1cbac27 -> 
  custom:video-decoder-webm-vp8: 9c59270c3fd7afecdb556c50c9e8de78 -> 
  custom:audio-decoder-ogg-vorbis: bf7c407c2cedff20999df2af8eb42d56 -> 
========================================================================
Received Import Request.
  Time since last request: 224.720596 seconds.
  path: Assets/Sound/Kitchen
  artifactKey: Guid(0444741de0079ba448a9ccefb250a71a) Importer(815301076,1909f56bfc062723c751e8b465ee728b)
Start importing Assets/Sound/Kitchen using Guid(0444741de0079ba448a9ccefb250a71a) Importer(815301076,1909f56bfc062723c751e8b465ee728b)  -> (artifact id: '9ebd116ea9cf1540949ad9b2cf9063d2') in 0.010189 seconds 
========================================================================
Received Import Request.
  Time since last request: 262.291791 seconds.
  path: Assets/Sound/Room
  artifactKey: Guid(9a620afc56a6c8e4897ee915cb53d3a1) Importer(815301076,1909f56bfc062723c751e8b465ee728b)
Start importing Assets/Sound/Room using Guid(9a620afc56a6c8e4897ee915cb53d3a1) Importer(815301076,1909f56bfc062723c751e8b465ee728b)  -> (artifact id: '904a744bc0d0c0397e25232974a59ad7') in 0.006393 seconds 
========================================================================
Received Import Request.
  Time since last request: 135.622197 seconds.
  path: Assets/Scenes/LivingRoomScene/LivingRoom2/sofaunity/textures/sofa_n.png
  artifactKey: Guid(ce4a831139c456f41b79ea7c7cfee1ba) Importer(815301076,1909f56bfc062723c751e8b465ee728b)
Start importing Assets/Scenes/LivingRoomScene/LivingRoom2/sofaunity/textures/sofa_n.png using Guid(ce4a831139c456f41b79ea7c7cfee1ba) Importer(815301076,1909f56bfc062723c751e8b465ee728b)  -> (artifact id: '92480217cf65bd3dbd2e8df8f6151978') in 0.035207 seconds 
========================================================================
Received Import Request.
  Time since last request: 9.635594 seconds.
  path: Assets/Scenes/Room/futon/source/futon.mtl
  artifactKey: Guid(e7613f22d318ad24e8ce13c297b045e8) Importer(815301076,1909f56bfc062723c751e8b465ee728b)
Start importing Assets/Scenes/Room/futon/source/futon.mtl using Guid(e7613f22d318ad24e8ce13c297b045e8) Importer(815301076,1909f56bfc062723c751e8b465ee728b)  -> (artifact id: '1a8d4f4dafb1fe861edd4434aaa5ac33') in 0.009198 seconds 
========================================================================
Received Import Request.
  Time since last request: 0.558258 seconds.
  path: Assets/Scenes/Room/futon/source/futon-obj.zip
  artifactKey: Guid(baba6c76e6473ff478bc936a27e112d1) Importer(815301076,1909f56bfc062723c751e8b465ee728b)
Start importing Assets/Scenes/Room/futon/source/futon-obj.zip using Guid(baba6c76e6473ff478bc936a27e112d1) Importer(815301076,1909f56bfc062723c751e8b465ee728b)  -> (artifact id: 'ee44c290a62ff1d35f43bad38ae7a234') in 0.007765 seconds 
========================================================================
Received Import Request.
  Time since last request: 79.712586 seconds.
  path: Assets/Scenes/Room
  artifactKey: Guid(fb123a118f6a33949b57d367ad22eb0b) Importer(815301076,1909f56bfc062723c751e8b465ee728b)
Start importing Assets/Scenes/Room using Guid(fb123a118f6a33949b57d367ad22eb0b) Importer(815301076,1909f56bfc062723c751e8b465ee728b)  -> (artifact id: 'd4610350882095ef5b55f61e78e462ac') in 0.001170 seconds 
========================================================================
Received Import Request.
  Time since last request: 4.813117 seconds.
  path: Assets/Scenes/Kitchen
  artifactKey: Guid(fe5ac04484b7eb44baf7fee0362c5971) Importer(815301076,1909f56bfc062723c751e8b465ee728b)
Start importing Assets/Scenes/Kitchen using Guid(fe5ac04484b7eb44baf7fee0362c5971) Importer(815301076,1909f56bfc062723c751e8b465ee728b)  -> (artifact id: 'a53ef1ab0223044a3907a5282f1b0bcb') in 0.001187 seconds 
========================================================================
Received Import Request.
  Time since last request: 0.713199 seconds.
  path: Assets/Scenes/Kitchen2
  artifactKey: Guid(f6f73651bb7ecf24f9e79270199b2741) Importer(815301076,1909f56bfc062723c751e8b465ee728b)
Start importing Assets/Scenes/Kitchen2 using Guid(f6f73651bb7ecf24f9e79270199b2741) Importer(815301076,1909f56bfc062723c751e8b465ee728b)  -> (artifact id: '71f11b639a41fb7d3191b4dcfffb98b7') in 0.016978 seconds 
========================================================================
Received Import Request.
  Time since last request: 8.645649 seconds.
  path: Assets/Scenes/Kitchen2/ToteBag
  artifactKey: Guid(f533e854bfe234b4e91452cb089300f1) Importer(815301076,1909f56bfc062723c751e8b465ee728b)
Start importing Assets/Scenes/Kitchen2/ToteBag using Guid(f533e854bfe234b4e91452cb089300f1) Importer(815301076,1909f56bfc062723c751e8b465ee728b)  -> (artifact id: 'b713e0d41148e07d6d5987ab58141e73') in 0.016368 seconds 
========================================================================
Received Import Request.
  Time since last request: 70.706752 seconds.
  path: Assets/Sound/Kitchen/ChewingCookies.mp3
  artifactKey: Guid(7c733cbafbdf64c44b46cc9ad67c933b) Importer(815301076,1909f56bfc062723c751e8b465ee728b)
Start importing Assets/Sound/Kitchen/ChewingCookies.mp3 using Guid(7c733cbafbdf64c44b46cc9ad67c933b) Importer(815301076,1909f56bfc062723c751e8b465ee728b)  -> (artifact id: '08b667cd8d6f8669b52a76af2e4b6058') in 0.026625 seconds 
========================================================================
Received Import Request.
  Time since last request: 342.008176 seconds.
  path: Assets/Scenes/Kitchen2/flower-vase/source/Flower Vase.fbx
  artifactKey: Guid(b2cf2d0a6dc39834da4a4d02606887e5) Importer(815301076,1909f56bfc062723c751e8b465ee728b)
Start importing Assets/Scenes/Kitchen2/flower-vase/source/Flower Vase.fbx using Guid(b2cf2d0a6dc39834da4a4d02606887e5) Importer(815301076,1909f56bfc062723c751e8b465ee728b)  -> (artifact id: '3cff621baae14e9ada96bf8d53693053') in 0.141929 seconds 
========================================================================
Received Import Request.
  Time since last request: 0.345579 seconds.
  path: Assets/Scenes/Kitchen2/flower-vase/source/Texture
  artifactKey: Guid(bf8ec6d9a879a6d42905fb573619ec87) Importer(815301076,1909f56bfc062723c751e8b465ee728b)
Start importing Assets/Scenes/Kitchen2/flower-vase/source/Texture using Guid(bf8ec6d9a879a6d42905fb573619ec87) Importer(815301076,1909f56bfc062723c751e8b465ee728b)  -> (artifact id: '4ca5b863a90619e5fadee1bc5ab6093d') in 0.005973 seconds 
========================================================================
Received Import Request.
  Time since last request: 0.655584 seconds.
  path: Assets/Scenes/Kitchen2/flower-vase/source/Texture/Flower txt.png
  artifactKey: Guid(985bc45952ca48344b6165a01c304fbb) Importer(815301076,1909f56bfc062723c751e8b465ee728b)
Start importing Assets/Scenes/Kitchen2/flower-vase/source/Texture/Flower txt.png using Guid(985bc45952ca48344b6165a01c304fbb) Importer(815301076,1909f56bfc062723c751e8b465ee728b)  -> (artifact id: '97b782b8a1eb788f0208aa01e491a0fd') in 0.008330 seconds 
========================================================================
Received Import Request.
  Time since last request: 39.099024 seconds.
  path: Assets/Scenes/Kitchen2/simple-teru-teru-bozu-rain-doll
  artifactKey: Guid(0b873a3655bd362408e162bb611dc855) Importer(815301076,1909f56bfc062723c751e8b465ee728b)
Start importing Assets/Scenes/Kitchen2/simple-teru-teru-bozu-rain-doll using Guid(0b873a3655bd362408e162bb611dc855) Importer(815301076,1909f56bfc062723c751e8b465ee728b)  -> (artifact id: 'fd4289eae29f981289bcb7b67ec232d2') in 0.005345 seconds 
========================================================================
Received Import Request.
  Time since last request: 0.514415 seconds.
  path: Assets/Scenes/Kitchen2/dish-rack-with-dishes
  artifactKey: Guid(bb8d34c04573fe44b91cf8352d31c03e) Importer(815301076,1909f56bfc062723c751e8b465ee728b)
Start importing Assets/Scenes/Kitchen2/dish-rack-with-dishes using Guid(bb8d34c04573fe44b91cf8352d31c03e) Importer(815301076,1909f56bfc062723c751e8b465ee728b)  -> (artifact id: '9e8fc063d9a953ffde999a834f8492c2') in 0.017354 seconds 
========================================================================
Received Import Request.
  Time since last request: 0.415261 seconds.
  path: Assets/Scenes/Kitchen2/flower-vase
  artifactKey: Guid(b057b7b387af10e49894b80f72b5705b) Importer(815301076,1909f56bfc062723c751e8b465ee728b)
Start importing Assets/Scenes/Kitchen2/flower-vase using Guid(b057b7b387af10e49894b80f72b5705b) Importer(815301076,1909f56bfc062723c751e8b465ee728b)  -> (artifact id: 'baa441a56d8808ff3c33efebf7bf3a1c') in 0.015820 seconds 
========================================================================
Received Import Request.
  Time since last request: 0.784471 seconds.
  path: Assets/Scenes/Kitchen2/flower-vase/textures
  artifactKey: Guid(f67d0312ae8b9bc428b49b8a0f737b0f) Importer(815301076,1909f56bfc062723c751e8b465ee728b)
Start importing Assets/Scenes/Kitchen2/flower-vase/textures using Guid(f67d0312ae8b9bc428b49b8a0f737b0f) Importer(815301076,1909f56bfc062723c751e8b465ee728b)  -> (artifact id: '654ebe991185b4d9f4094d1c9fdf6d08') in 0.005524 seconds 
========================================================================
Received Import Request.
  Time since last request: 0.782942 seconds.
  path: Assets/Scenes/Kitchen2/flower-vase/textures/Flower.png
  artifactKey: Guid(b6d882ed41babd54686cf635db3cc4b5) Importer(815301076,1909f56bfc062723c751e8b465ee728b)
Start importing Assets/Scenes/Kitchen2/flower-vase/textures/Flower.png using Guid(b6d882ed41babd54686cf635db3cc4b5) Importer(815301076,1909f56bfc062723c751e8b465ee728b)  -> (artifact id: '06340eb0ab237aa877d3e1ac32b9af58') in 0.007942 seconds 
========================================================================
Received Import Request.
  Time since last request: 306.459356 seconds.
  path: Assets/Scenes/Kitchen2/pooster.png
  artifactKey: Guid(70790d79f6c29604aaa6cb6ae65ff3c8) Importer(815301076,1909f56bfc062723c751e8b465ee728b)
Start importing Assets/Scenes/Kitchen2/pooster.png using Guid(70790d79f6c29604aaa6cb6ae65ff3c8) Importer(815301076,1909f56bfc062723c751e8b465ee728b)  -> (artifact id: 'de0e1ad62b634e85056cc463621bc807') in 0.008314 seconds 
========================================================================
Received Import Request.
  Time since last request: 47.589312 seconds.
  path: Assets/Scenes/Kitchen2/ToteBag/textures
  artifactKey: Guid(ee4ad8d9b3c08f741bfb536494da9797) Importer(815301076,1909f56bfc062723c751e8b465ee728b)
Start importing Assets/Scenes/Kitchen2/ToteBag/textures using Guid(ee4ad8d9b3c08f741bfb536494da9797) Importer(815301076,1909f56bfc062723c751e8b465ee728b)  -> (artifact id: '2f518eb030914901d0985273d9de5828') in 0.001242 seconds 
========================================================================
Received Import Request.
  Time since last request: 10.033482 seconds.
  path: Assets/Scenes/Kitchen2/ToteBag/textures/M_0_EMP (SBH) 27E_BaseColor.png
  artifactKey: Guid(ab248a7069461c547a1dee082e5320e5) Importer(815301076,1909f56bfc062723c751e8b465ee728b)
Start importing Assets/Scenes/Kitchen2/ToteBag/textures/M_0_EMP (SBH) 27E_BaseColor.png using Guid(ab248a7069461c547a1dee082e5320e5) Importer(815301076,1909f56bfc062723c751e8b465ee728b)  -> (artifact id: 'b25d57d6cc679c9600d6f6403b87742b') in 0.042874 seconds 
========================================================================
Received Import Request.
  Time since last request: 201.263811 seconds.
  path: Assets/Scenes/Room/bed (2)
  artifactKey: Guid(de9f01d111a9d6d40b5d624f74b12694) Importer(815301076,1909f56bfc062723c751e8b465ee728b)
Start importing Assets/Scenes/Room/bed (2) using Guid(de9f01d111a9d6d40b5d624f74b12694) Importer(815301076,1909f56bfc062723c751e8b465ee728b)  -> (artifact id: '64b08ed792f70f1041047f48efaf6aa3') in 0.005309 seconds 
========================================================================
Received Import Request.
  Time since last request: 0.721535 seconds.
  path: Assets/Scenes/Room/bed (2)/textures
  artifactKey: Guid(99d1a9ce1b6b27e4391581d5f4ff914f) Importer(815301076,1909f56bfc062723c751e8b465ee728b)
Start importing Assets/Scenes/Room/bed (2)/textures using Guid(99d1a9ce1b6b27e4391581d5f4ff914f) Importer(815301076,1909f56bfc062723c751e8b465ee728b)  -> (artifact id: '4a86c2c55b04aaba6773ed3dd3471ff5') in 0.001363 seconds 
========================================================================
Received Import Request.
  Time since last request: 3.376916 seconds.
  path: Assets/Scenes/Room/bed (1)
  artifactKey: Guid(f298836a1ad9ffb4d918cc156970a065) Importer(815301076,1909f56bfc062723c751e8b465ee728b)
Start importing Assets/Scenes/Room/bed (1) using Guid(f298836a1ad9ffb4d918cc156970a065) Importer(815301076,1909f56bfc062723c751e8b465ee728b)  -> (artifact id: '22f54dae5abe77bc6ef4dee6249bfa7d') in 0.005302 seconds 
========================================================================
Received Import Request.
  Time since last request: 1.353428 seconds.
  path: Assets/Scenes/Room/bed (1)/blanket 1.png
  artifactKey: Guid(d01b6a680baa6e2408d96acc80b37dd4) Importer(815301076,1909f56bfc062723c751e8b465ee728b)
Start importing Assets/Scenes/Room/bed (1)/blanket 1.png using Guid(d01b6a680baa6e2408d96acc80b37dd4) Importer(815301076,1909f56bfc062723c751e8b465ee728b)  -> (artifact id: 'c1a8a31d646d9e4d91084741d41adf84') in 0.038062 seconds 
========================================================================
Received Import Request.
  Time since last request: 2.739410 seconds.
  path: Assets/Scenes/Room/bed (1)/Duvet.prefab
  artifactKey: Guid(65883b7cf413b1f469a611bd7e5feab0) Importer(815301076,1909f56bfc062723c751e8b465ee728b)
Start importing Assets/Scenes/Room/bed (1)/Duvet.prefab using Guid(65883b7cf413b1f469a611bd7e5feab0) Importer(815301076,1909f56bfc062723c751e8b465ee728b)  -> (artifact id: '9a2c44ea49460147147fb48acb6f07df') in 0.013703 seconds 
========================================================================
Received Import Request.
  Time since last request: 48.759520 seconds.
  path: Assets/Scenes/Room/bed (1)/source
  artifactKey: Guid(9b4397a57dc70f945b4b3a6d37a0ac8e) Importer(815301076,1909f56bfc062723c751e8b465ee728b)
Start importing Assets/Scenes/Room/bed (1)/source using Guid(9b4397a57dc70f945b4b3a6d37a0ac8e) Importer(815301076,1909f56bfc062723c751e8b465ee728b)  -> (artifact id: '3bda3bd727cf9dbb7ac175b4e8364e41') in 0.005352 seconds 
========================================================================
Received Import Request.
  Time since last request: 0.761286 seconds.
  path: Assets/Scenes/Room/bed (1)/source/Bed.fbx
  artifactKey: Guid(1034256825efa1742bddb2cf4aaba63c) Importer(815301076,1909f56bfc062723c751e8b465ee728b)
Start importing Assets/Scenes/Room/bed (1)/source/Bed.fbx using Guid(1034256825efa1742bddb2cf4aaba63c) Importer(815301076,1909f56bfc062723c751e8b465ee728b)  -> (artifact id: '000bded9633f38cf37a385c4ab3fb352') in 0.078056 seconds 
========================================================================
Received Import Request.
  Time since last request: 11.410509 seconds.
  path: Assets/Scenes/Room/bed (2)/source
  artifactKey: Guid(a3539bb9f17cf184ea1ebc930e48d078) Importer(815301076,1909f56bfc062723c751e8b465ee728b)
Start importing Assets/Scenes/Room/bed (2)/source using Guid(a3539bb9f17cf184ea1ebc930e48d078) Importer(815301076,1909f56bfc062723c751e8b465ee728b)  -> (artifact id: '7796e993dbc4134bcbba79c03b6cb15d') in 0.001314 seconds 
========================================================================
Received Import Request.
  Time since last request: 0.763561 seconds.
  path: Assets/Scenes/Room/bed (2)/source/Bed.fbx
  artifactKey: Guid(3f67d5bf60fe36840bd2c4a4ecaccf7e) Importer(815301076,1909f56bfc062723c751e8b465ee728b)
Start importing Assets/Scenes/Room/bed (2)/source/Bed.fbx using Guid(3f67d5bf60fe36840bd2c4a4ecaccf7e) Importer(815301076,1909f56bfc062723c751e8b465ee728b)  -> (artifact id: '08d359aa594bea7370471e94d0b20048') in 0.058090 seconds 
========================================================================
Received Import Request.
  Time since last request: 25.334344 seconds.
  path: Assets/Scenes/Room/bed-01
  artifactKey: Guid(c82fef2b755c58149b4b7e3c6ad134e9) Importer(815301076,1909f56bfc062723c751e8b465ee728b)
Start importing Assets/Scenes/Room/bed-01 using Guid(c82fef2b755c58149b4b7e3c6ad134e9) Importer(815301076,1909f56bfc062723c751e8b465ee728b)  -> (artifact id: '74026651041d3084b20d07c3b2bc0a34') in 0.005022 seconds 
========================================================================
Received Import Request.
  Time since last request: 0.919803 seconds.
  path: Assets/Scenes/Room/bed-01/textures
  artifactKey: Guid(20d65f79ee9d0d94d9ef0c37bb545411) Importer(815301076,1909f56bfc062723c751e8b465ee728b)
Start importing Assets/Scenes/Room/bed-01/textures using Guid(20d65f79ee9d0d94d9ef0c37bb545411) Importer(815301076,1909f56bfc062723c751e8b465ee728b)  -> (artifact id: '75726621d98ef366d98ea8a43f70f7eb') in 0.001222 seconds 
========================================================================
Received Import Request.
  Time since last request: 0.324864 seconds.
  path: Assets/Scenes/Room/bed-01/source
  artifactKey: Guid(f27b7f6d812643d408cb479541a6c5cb) Importer(815301076,1909f56bfc062723c751e8b465ee728b)
Start importing Assets/Scenes/Room/bed-01/source using Guid(f27b7f6d812643d408cb479541a6c5cb) Importer(815301076,1909f56bfc062723c751e8b465ee728b)  -> (artifact id: 'dd6fa040bdc66c9ec756957b026dd39d') in 0.001129 seconds 
========================================================================
Received Import Request.
  Time since last request: 0.677903 seconds.
  path: Assets/Scenes/Room/bed-01/source/Bed_01.obj
  artifactKey: Guid(e24c2cff7cdd10841b307f1fcc45d357) Importer(815301076,1909f56bfc062723c751e8b465ee728b)
Start importing Assets/Scenes/Room/bed-01/source/Bed_01.obj using Guid(e24c2cff7cdd10841b307f1fcc45d357) Importer(815301076,1909f56bfc062723c751e8b465ee728b)  -> (artifact id: '3b2e9a07614754db48b2cb4a117166d7') in 0.033657 seconds 
========================================================================
Received Import Request.
  Time since last request: 16.439627 seconds.
  path: Assets/Scenes/Room/bed (1)/Materials
  artifactKey: Guid(a94f80240ed588e4a9eabc0f10b2b813) Importer(815301076,1909f56bfc062723c751e8b465ee728b)
Start importing Assets/Scenes/Room/bed (1)/Materials using Guid(a94f80240ed588e4a9eabc0f10b2b813) Importer(815301076,1909f56bfc062723c751e8b465ee728b)  -> (artifact id: 'e7d36ff271b164df04e302e837280744') in 0.004797 seconds 
