Using pre-set license
Built from '2021.3/staging' branch; Version is '2021.3.24f1 (cf10dcf7010d) revision 13570268'; Using compiler version '192829333'; Build Type 'Release'
OS: 'Windows 10  (10.0.19045) 64bit Professional' Language: 'en' Physical Memory: 32486 MB
BatchMode: 1, IsHumanControllingUs: 0, StartBugReporterOnCrash: 0, Is64bit: 1, IsPro: 1

COMMAND LINE ARGUMENTS:
C:\Program Files\Unity\Hub\Editor\2021.3.24f1\Editor\Unity.exe
-adb2
-batchMode
-noUpm
-name
AssetImportWorker13
-projectPath
C:/Users/Fiona/Desktop/virtualboyfriend
-logFile
Logs/AssetImportWorker13.log
-srvPort
50150
Successfully changed project path to: C:/Users/Fiona/Desktop/virtualboyfriend
C:/Users/Fiona/Desktop/virtualboyfriend
[UnityMemory] Configuration Parameters - Can be set up in boot.config
    "memorysetup-bucket-allocator-granularity=16"
    "memorysetup-bucket-allocator-bucket-count=8"
    "memorysetup-bucket-allocator-block-size=33554432"
    "memorysetup-bucket-allocator-block-count=8"
    "memorysetup-main-allocator-block-size=16777216"
    "memorysetup-thread-allocator-block-size=16777216"
    "memorysetup-gfx-main-allocator-block-size=16777216"
    "memorysetup-gfx-thread-allocator-block-size=16777216"
    "memorysetup-cache-allocator-block-size=4194304"
    "memorysetup-typetree-allocator-block-size=2097152"
    "memorysetup-profiler-bucket-allocator-granularity=16"
    "memorysetup-profiler-bucket-allocator-bucket-count=8"
    "memorysetup-profiler-bucket-allocator-block-size=33554432"
    "memorysetup-profiler-bucket-allocator-block-count=8"
    "memorysetup-profiler-allocator-block-size=16777216"
    "memorysetup-profiler-editor-allocator-block-size=1048576"
    "memorysetup-temp-allocator-size-main=16777216"
    "memorysetup-job-temp-allocator-block-size=2097152"
    "memorysetup-job-temp-allocator-block-size-background=1048576"
    "memorysetup-job-temp-allocator-reduction-small-platforms=262144"
    "memorysetup-temp-allocator-size-background-worker=32768"
    "memorysetup-temp-allocator-size-job-worker=262144"
    "memorysetup-temp-allocator-size-preload-manager=33554432"
    "memorysetup-temp-allocator-size-nav-mesh-worker=65536"
    "memorysetup-temp-allocator-size-audio-worker=65536"
    "memorysetup-temp-allocator-size-cloud-worker=32768"
    "memorysetup-temp-allocator-size-gi-baking-worker=262144"
    "memorysetup-temp-allocator-size-gfx=262144"
Player connection [26332] Host "[IP] 192.168.1.73 [Port] 0 [Flags] 2 [Guid] 2442616774 [EditorId] 2442616774 [Version] 1048832 [Id] WindowsEditor(7,DESKTOP-GIQNL62) [Debug] 1 [PackageName] WindowsEditor [ProjectName] Editor" joined multi-casting on [225.0.0.222:54997]...

Player connection [26332] Host "[IP] 192.168.1.73 [Port] 0 [Flags] 2 [Guid] 2442616774 [EditorId] 2442616774 [Version] 1048832 [Id] WindowsEditor(7,DESKTOP-GIQNL62) [Debug] 1 [PackageName] WindowsEditor [ProjectName] Editor" joined alternative multi-casting on [225.0.0.222:34997]...

Refreshing native plugins compatible for Editor in 253.70 ms, found 3 plugins.
Preloading 0 native plugins for Editor in 0.00 ms.
Initialize engine version: 2021.3.24f1 (cf10dcf7010d)
[Subsystems] Discovering subsystems at path C:/Program Files/Unity/Hub/Editor/2021.3.24f1/Editor/Data/Resources/UnitySubsystems
[Subsystems] Discovering subsystems at path C:/Users/Fiona/Desktop/virtualboyfriend/Assets
GfxDevice: creating device client; threaded=0; jobified=0
Direct3D:
    Version:  Direct3D 11.0 [level 11.1]
    Renderer: NVIDIA GeForce GTX 1650 (ID=0x1f91)
    Vendor:   NVIDIA
    VRAM:     3951 MB
    Driver:   31.0.15.3209
Initialize mono
Mono path[0] = 'C:/Program Files/Unity/Hub/Editor/2021.3.24f1/Editor/Data/Managed'
Mono path[1] = 'C:/Program Files/Unity/Hub/Editor/2021.3.24f1/Editor/Data/MonoBleedingEdge/lib/mono/unityjit-win32'
Mono config path = 'C:/Program Files/Unity/Hub/Editor/2021.3.24f1/Editor/Data/MonoBleedingEdge/etc'
Using monoOptions --debugger-agent=transport=dt_socket,embedding=1,server=y,suspend=n,address=127.0.0.1:56248
Begin MonoManager ReloadAssembly
Registering precompiled unity dll's ...
Register platform support module: C:/Program Files/Unity/Hub/Editor/2021.3.24f1/Editor/Data/PlaybackEngines/AndroidPlayer/UnityEditor.Android.Extensions.dll
Register platform support module: C:/Program Files/Unity/Hub/Editor/2021.3.24f1/Editor/Data/PlaybackEngines/iOSSupport/UnityEditor.iOS.Extensions.dll
Register platform support module: C:/Program Files/Unity/Hub/Editor/2021.3.24f1/Editor/Data/PlaybackEngines/WindowsStandaloneSupport/UnityEditor.WindowsStandalone.Extensions.dll
Registered in 0.019206 seconds.
Native extension for WindowsStandalone target not found
[usbmuxd] Start listen thread
[usbmuxd] Listen thread started
Native extension for iOS target not found
Native extension for Android target not found
Android Extension - Scanning For ADB Devices 489 ms
Refreshing native plugins compatible for Editor in 307.51 ms, found 3 plugins.
Preloading 0 native plugins for Editor in 0.00 ms.
Mono: successfully reloaded assembly
- Completed reload, in  2.180 seconds
Domain Reload Profiling:
	ReloadAssembly (2181ms)
		BeginReloadAssembly (197ms)
			ExecutionOrderSort (0ms)
			DisableScriptedObjects (0ms)
			BackupInstance (0ms)
			ReleaseScriptingObjects (0ms)
			CreateAndSetChildDomain (2ms)
		EndReloadAssembly (1766ms)
			LoadAssemblies (194ms)
			RebuildTransferFunctionScriptingTraits (0ms)
			SetupTypeCache (220ms)
			ReleaseScriptCaches (0ms)
			RebuildScriptCaches (87ms)
			SetupLoadedEditorAssemblies (1368ms)
				LogAssemblyErrors (0ms)
				InitializePlatformSupportModulesInManaged (705ms)
				SetLoadedEditorAssemblies (1ms)
				RefreshPlugins (308ms)
				BeforeProcessingInitializeOnLoad (3ms)
				ProcessInitializeOnLoadAttributes (254ms)
				ProcessInitializeOnLoadMethodAttributes (96ms)
				AfterProcessingInitializeOnLoad (0ms)
				EditorAssembliesLoaded (0ms)
			ExecutionOrderSort2 (0ms)
			AwakeInstancesAfterBackupRestoration (0ms)
Platform modules already initialized, skipping
Registering precompiled user dll's ...
Registered in 0.007299 seconds.
Begin MonoManager ReloadAssembly
Native extension for WindowsStandalone target not found
Native extension for iOS target not found
Native extension for Android target not found
Refreshing native plugins compatible for Editor in 211.61 ms, found 3 plugins.
Preloading 0 native plugins for Editor in 0.00 ms.
Mono: successfully reloaded assembly
- Completed reload, in  2.710 seconds
Domain Reload Profiling:
	ReloadAssembly (2712ms)
		BeginReloadAssembly (239ms)
			ExecutionOrderSort (0ms)
			DisableScriptedObjects (14ms)
			BackupInstance (0ms)
			ReleaseScriptingObjects (0ms)
			CreateAndSetChildDomain (41ms)
		EndReloadAssembly (2242ms)
			LoadAssemblies (173ms)
			RebuildTransferFunctionScriptingTraits (0ms)
			SetupTypeCache (609ms)
			ReleaseScriptCaches (1ms)
			RebuildScriptCaches (129ms)
			SetupLoadedEditorAssemblies (1201ms)
				LogAssemblyErrors (0ms)
				InitializePlatformSupportModulesInManaged (48ms)
				SetLoadedEditorAssemblies (0ms)
				RefreshPlugins (212ms)
				BeforeProcessingInitializeOnLoad (210ms)
				ProcessInitializeOnLoadAttributes (673ms)
				ProcessInitializeOnLoadMethodAttributes (35ms)
				AfterProcessingInitializeOnLoad (23ms)
				EditorAssembliesLoaded (0ms)
			ExecutionOrderSort2 (0ms)
			AwakeInstancesAfterBackupRestoration (14ms)
Platform modules already initialized, skipping
========================================================================
Worker process is ready to serve import requests
Launched and connected shader compiler UnityShaderCompiler.exe after 0.08 seconds
Refreshing native plugins compatible for Editor in 1.17 ms, found 3 plugins.
Preloading 0 native plugins for Editor in 0.00 ms.
Unloading 3381 Unused Serialized files (Serialized files now loaded: 0)
Unloading 46 unused Assets / (1.9 MB). Loaded Objects now: 3863.
Memory consumption went from 149.9 MB to 148.0 MB.
Total: 7.822400 ms (FindLiveObjects: 0.451600 ms CreateObjectMapping: 0.446400 ms MarkObjects: 5.908500 ms  DeleteObjects: 1.014300 ms)

AssetImportParameters requested are different than current active one (requested -> active):
  custom:video-decoder-ogg-theora: a1e56fd34408186e4bbccfd4996cb3dc -> 
  custom:container-muxer-webm: aa71ff27fc2769a1b78a27578f13a17b -> 
  custom:container-demuxer-webm: 4f35f7cbe854078d1ac9338744f61a02 -> 
  custom:video-encoder-webm-vp8: eb34c28f22e8b96e1ab97ce403110664 -> 
  custom:audio-encoder-webm-vorbis: bf7c407c2cedff20999df2af8eb42d56 -> 
  custom:framework-win-MediaFoundation: 216162199b28c13a410421893ffa2e32 -> 
  custom:container-demuxer-ogg: 62fdf1f143b41e24485cea50d1cbac27 -> 
  custom:video-decoder-webm-vp8: 9c59270c3fd7afecdb556c50c9e8de78 -> 
  custom:audio-decoder-ogg-vorbis: bf7c407c2cedff20999df2af8eb42d56 -> 
========================================================================
Received Prepare
Registering precompiled user dll's ...
Registered in 0.006944 seconds.
Begin MonoManager ReloadAssembly
Native extension for WindowsStandalone target not found
Native extension for iOS target not found
Native extension for Android target not found
Refreshing native plugins compatible for Editor in 1.37 ms, found 3 plugins.
Preloading 0 native plugins for Editor in 0.00 ms.
Mono: successfully reloaded assembly
- Completed reload, in  2.309 seconds
Domain Reload Profiling:
	ReloadAssembly (2310ms)
		BeginReloadAssembly (210ms)
			ExecutionOrderSort (0ms)
			DisableScriptedObjects (7ms)
			BackupInstance (0ms)
			ReleaseScriptingObjects (0ms)
			CreateAndSetChildDomain (50ms)
		EndReloadAssembly (1871ms)
			LoadAssemblies (144ms)
			RebuildTransferFunctionScriptingTraits (0ms)
			SetupTypeCache (608ms)
			ReleaseScriptCaches (2ms)
			RebuildScriptCaches (91ms)
			SetupLoadedEditorAssemblies (876ms)
				LogAssemblyErrors (0ms)
				InitializePlatformSupportModulesInManaged (59ms)
				SetLoadedEditorAssemblies (1ms)
				RefreshPlugins (1ms)
				BeforeProcessingInitializeOnLoad (132ms)
				ProcessInitializeOnLoadAttributes (626ms)
				ProcessInitializeOnLoadMethodAttributes (43ms)
				AfterProcessingInitializeOnLoad (14ms)
				EditorAssembliesLoaded (0ms)
			ExecutionOrderSort2 (0ms)
			AwakeInstancesAfterBackupRestoration (13ms)
Platform modules already initialized, skipping
Refreshing native plugins compatible for Editor in 2.96 ms, found 3 plugins.
Preloading 0 native plugins for Editor in 0.00 ms.
Unloading 3307 Unused Serialized files (Serialized files now loaded: 0)
Unloading 29 unused Assets / (1.8 MB). Loaded Objects now: 3866.
Memory consumption went from 142.2 MB to 140.3 MB.
Total: 5.653100 ms (FindLiveObjects: 0.483300 ms CreateObjectMapping: 0.245900 ms MarkObjects: 3.695900 ms  DeleteObjects: 1.227200 ms)

AssetImportParameters requested are different than current active one (requested -> active):
  custom:video-decoder-ogg-theora: a1e56fd34408186e4bbccfd4996cb3dc -> 
  custom:container-muxer-webm: aa71ff27fc2769a1b78a27578f13a17b -> 
  custom:container-demuxer-webm: 4f35f7cbe854078d1ac9338744f61a02 -> 
  custom:video-encoder-webm-vp8: eb34c28f22e8b96e1ab97ce403110664 -> 
  custom:audio-encoder-webm-vorbis: bf7c407c2cedff20999df2af8eb42d56 -> 
  custom:framework-win-MediaFoundation: 216162199b28c13a410421893ffa2e32 -> 
  custom:container-demuxer-ogg: 62fdf1f143b41e24485cea50d1cbac27 -> 
  custom:video-decoder-webm-vp8: 9c59270c3fd7afecdb556c50c9e8de78 -> 
  custom:audio-decoder-ogg-vorbis: bf7c407c2cedff20999df2af8eb42d56 -> 
========================================================================
Received Import Request.
  Time since last request: 182405.696318 seconds.
  path: Assets/Kitchen/toaster (1)
  artifactKey: Guid(eada13d305c40e248b31f85c99c3e255) Importer(815301076,1909f56bfc062723c751e8b465ee728b)
Start importing Assets/Kitchen/toaster (1) using Guid(eada13d305c40e248b31f85c99c3e255) Importer(815301076,1909f56bfc062723c751e8b465ee728b)  -> (artifact id: 'f529b801a7fb252d79b0180a954906db') in 0.020476 seconds 
========================================================================
Received Import Request.
  Time since last request: 1.155709 seconds.
  path: Assets/Kitchen/toaster (1)/source
  artifactKey: Guid(b61f0c970c5f3334483a71f7a6f34576) Importer(815301076,1909f56bfc062723c751e8b465ee728b)
Start importing Assets/Kitchen/toaster (1)/source using Guid(b61f0c970c5f3334483a71f7a6f34576) Importer(815301076,1909f56bfc062723c751e8b465ee728b)  -> (artifact id: '6a2c676b1bfd0bf7243612ac994f0f3d') in 0.002744 seconds 
========================================================================
Received Import Request.
  Time since last request: 0.062533 seconds.
  path: Assets/Kitchen/toaster (1)/source/toaster.fbx
  artifactKey: Guid(074411da87aa5b146bb32670370c564d) Importer(815301076,1909f56bfc062723c751e8b465ee728b)
Start importing Assets/Kitchen/toaster (1)/source/toaster.fbx using Guid(074411da87aa5b146bb32670370c564d) Importer(815301076,1909f56bfc062723c751e8b465ee728b)  -> (artifact id: '01f5e725ec8b896d2a5f9db03161e567') in 0.881395 seconds 
========================================================================
Received Import Request.
  Time since last request: 3.813800 seconds.
  path: Assets/Kitchen/toaster (1)/source/toaster.fbx
  artifactKey: Guid(074411da87aa5b146bb32670370c564d) Importer(815301076,1909f56bfc062723c751e8b465ee728b)
Start importing Assets/Kitchen/toaster (1)/source/toaster.fbx using Guid(074411da87aa5b146bb32670370c564d) Importer(815301076,1909f56bfc062723c751e8b465ee728b)  -> (artifact id: '0901b31cbd867d1bf1a63097ce3aa8ce') in 0.195125 seconds 
========================================================================
Received Import Request.
  Time since last request: 104.314787 seconds.
  path: Assets/Kitchen/microwave-xyz-school-homework
  artifactKey: Guid(0cd7f6734143d7849b3431fc80218a65) Importer(815301076,1909f56bfc062723c751e8b465ee728b)
Start importing Assets/Kitchen/microwave-xyz-school-homework using Guid(0cd7f6734143d7849b3431fc80218a65) Importer(815301076,1909f56bfc062723c751e8b465ee728b)  -> (artifact id: 'c3ca219e9e8076559b7e9f717a1322f1') in 0.011510 seconds 
========================================================================
Received Import Request.
  Time since last request: 1.880408 seconds.
  path: Assets/Kitchen/microwave-xyz-school-homework/source
  artifactKey: Guid(970a10c39362f2a4994e1737f65b77b6) Importer(815301076,1909f56bfc062723c751e8b465ee728b)
Start importing Assets/Kitchen/microwave-xyz-school-homework/source using Guid(970a10c39362f2a4994e1737f65b77b6) Importer(815301076,1909f56bfc062723c751e8b465ee728b)  -> (artifact id: '4508cf6fa8473d0054e4f4c8b409f138') in 0.003156 seconds 
========================================================================
Received Import Request.
  Time since last request: 0.067861 seconds.
  path: Assets/Kitchen/microwave-xyz-school-homework/source/Microwave XYZ School.fbx
  artifactKey: Guid(0392e449bacedf748b7c2947896a438a) Importer(815301076,1909f56bfc062723c751e8b465ee728b)
Start importing Assets/Kitchen/microwave-xyz-school-homework/source/Microwave XYZ School.fbx using Guid(0392e449bacedf748b7c2947896a438a) Importer(815301076,1909f56bfc062723c751e8b465ee728b)  -> (artifact id: 'd77262431d814228b4f9437f589a518d') in 0.906842 seconds 
========================================================================
Received Import Request.
  Time since last request: 9.106663 seconds.
  path: Assets/Kitchen/microwave-xyz-school-homework/textures
  artifactKey: Guid(4d17d59589398ce4d9015dc58171aaf5) Importer(815301076,1909f56bfc062723c751e8b465ee728b)
Start importing Assets/Kitchen/microwave-xyz-school-homework/textures using Guid(4d17d59589398ce4d9015dc58171aaf5) Importer(815301076,1909f56bfc062723c751e8b465ee728b)  -> (artifact id: '959cc292bb4b03f2d6b7fcb300dc1bdc') in 0.003278 seconds 
========================================================================
Received Import Request.
  Time since last request: 0.030870 seconds.
  path: Assets/Kitchen/microwave-xyz-school-homework/textures/internal_ground_ao_texture.jpeg
  artifactKey: Guid(7f816a9e7b13a6645b4dcb412fa2471b) Importer(815301076,1909f56bfc062723c751e8b465ee728b)
Start importing Assets/Kitchen/microwave-xyz-school-homework/textures/internal_ground_ao_texture.jpeg using Guid(7f816a9e7b13a6645b4dcb412fa2471b) Importer(815301076,1909f56bfc062723c751e8b465ee728b)  -> (artifact id: 'e52fb4dd1197ddf5e99b8d2b0bff95e3') in 0.046079 seconds 
========================================================================
Received Import Request.
  Time since last request: 77.719302 seconds.
  path: Assets/Textures/Black.mat
  artifactKey: Guid(3eeb574666dd6fa4389ea1aad6959655) Importer(815301076,1909f56bfc062723c751e8b465ee728b)
Start importing Assets/Textures/Black.mat using Guid(3eeb574666dd6fa4389ea1aad6959655) Importer(815301076,1909f56bfc062723c751e8b465ee728b)  -> (artifact id: '1eecbf4c8790bb74005f2bfa34289394') in 0.021297 seconds 
========================================================================
Received Import Request.
  Time since last request: 60.624161 seconds.
  path: Assets/Textures/Black.mat
  artifactKey: Guid(3eeb574666dd6fa4389ea1aad6959655) Importer(815301076,1909f56bfc062723c751e8b465ee728b)
Start importing Assets/Textures/Black.mat using Guid(3eeb574666dd6fa4389ea1aad6959655) Importer(815301076,1909f56bfc062723c751e8b465ee728b)  -> (artifact id: '7700fd5cff6e6839bb6f193b0d61120b') in 0.015829 seconds 
========================================================================
Received Import Request.
  Time since last request: 126.803630 seconds.
  path: Assets/Kitchen/modular-kitchen-cabinets
  artifactKey: Guid(a33c31c785e871840bd865481b41183d) Importer(815301076,1909f56bfc062723c751e8b465ee728b)
Start importing Assets/Kitchen/modular-kitchen-cabinets using Guid(a33c31c785e871840bd865481b41183d) Importer(815301076,1909f56bfc062723c751e8b465ee728b)  -> (artifact id: '95420ec8ff3ec0f07c7159bff8768eb2') in 0.010252 seconds 
========================================================================
Received Import Request.
  Time since last request: 1.005513 seconds.
  path: Assets/Kitchen/modular-kitchen-cabinets/source
  artifactKey: Guid(29b9c44aaaefc12479e6b4c07c41b6f2) Importer(815301076,1909f56bfc062723c751e8b465ee728b)
Start importing Assets/Kitchen/modular-kitchen-cabinets/source using Guid(29b9c44aaaefc12479e6b4c07c41b6f2) Importer(815301076,1909f56bfc062723c751e8b465ee728b)  -> (artifact id: '763286c0e039023b52aca537a505f8a8') in 0.002830 seconds 
========================================================================
Received Import Request.
  Time since last request: 0.064005 seconds.
  path: Assets/Kitchen/modular-kitchen-cabinets/source/Furniture_preview.fbx
  artifactKey: Guid(d2ac511ad0e26a140839cac2bd221972) Importer(815301076,1909f56bfc062723c751e8b465ee728b)
Start importing Assets/Kitchen/modular-kitchen-cabinets/source/Furniture_preview.fbx using Guid(d2ac511ad0e26a140839cac2bd221972) Importer(815301076,1909f56bfc062723c751e8b465ee728b)  -> (artifact id: '7956bb71014f711d4d36c257f2dcf999') in 0.998815 seconds 
========================================================================
Received Prepare
Registering precompiled user dll's ...
Registered in 0.006750 seconds.
Begin MonoManager ReloadAssembly
Native extension for WindowsStandalone target not found
Native extension for iOS target not found
Native extension for Android target not found
Refreshing native plugins compatible for Editor in 1.45 ms, found 3 plugins.
Preloading 0 native plugins for Editor in 0.00 ms.
Mono: successfully reloaded assembly
- Completed reload, in  2.256 seconds
Domain Reload Profiling:
	ReloadAssembly (2257ms)
		BeginReloadAssembly (198ms)
			ExecutionOrderSort (0ms)
			DisableScriptedObjects (6ms)
			BackupInstance (0ms)
			ReleaseScriptingObjects (0ms)
			CreateAndSetChildDomain (55ms)
		EndReloadAssembly (1838ms)
			LoadAssemblies (145ms)
			RebuildTransferFunctionScriptingTraits (0ms)
			SetupTypeCache (607ms)
			ReleaseScriptCaches (3ms)
			RebuildScriptCaches (91ms)
			SetupLoadedEditorAssemblies (841ms)
				LogAssemblyErrors (0ms)
				InitializePlatformSupportModulesInManaged (56ms)
				SetLoadedEditorAssemblies (1ms)
				RefreshPlugins (2ms)
				BeforeProcessingInitializeOnLoad (114ms)
				ProcessInitializeOnLoadAttributes (612ms)
				ProcessInitializeOnLoadMethodAttributes (40ms)
				AfterProcessingInitializeOnLoad (15ms)
				EditorAssembliesLoaded (0ms)
			ExecutionOrderSort2 (0ms)
			AwakeInstancesAfterBackupRestoration (13ms)
Platform modules already initialized, skipping
Refreshing native plugins compatible for Editor in 4.02 ms, found 3 plugins.
Preloading 0 native plugins for Editor in 0.00 ms.
Unloading 3307 Unused Serialized files (Serialized files now loaded: 0)
Unloading 29 unused Assets / (1.8 MB). Loaded Objects now: 3916.
Memory consumption went from 147.6 MB to 145.8 MB.
Total: 6.312900 ms (FindLiveObjects: 0.466800 ms CreateObjectMapping: 0.192100 ms MarkObjects: 5.014000 ms  DeleteObjects: 0.638700 ms)

AssetImportParameters requested are different than current active one (requested -> active):
  custom:video-decoder-ogg-theora: a1e56fd34408186e4bbccfd4996cb3dc -> 
  custom:container-muxer-webm: aa71ff27fc2769a1b78a27578f13a17b -> 
  custom:container-demuxer-webm: 4f35f7cbe854078d1ac9338744f61a02 -> 
  custom:video-encoder-webm-vp8: eb34c28f22e8b96e1ab97ce403110664 -> 
  custom:audio-encoder-webm-vorbis: bf7c407c2cedff20999df2af8eb42d56 -> 
  custom:framework-win-MediaFoundation: 216162199b28c13a410421893ffa2e32 -> 
  custom:container-demuxer-ogg: 62fdf1f143b41e24485cea50d1cbac27 -> 
  custom:video-decoder-webm-vp8: 9c59270c3fd7afecdb556c50c9e8de78 -> 
  custom:audio-decoder-ogg-vorbis: bf7c407c2cedff20999df2af8eb42d56 -> 
========================================================================
Received Prepare
Registering precompiled user dll's ...
Registered in 0.006987 seconds.
Begin MonoManager ReloadAssembly
Native extension for WindowsStandalone target not found
Native extension for iOS target not found
Native extension for Android target not found
Refreshing native plugins compatible for Editor in 1.49 ms, found 3 plugins.
Preloading 0 native plugins for Editor in 0.00 ms.
Mono: successfully reloaded assembly
- Completed reload, in  2.301 seconds
Domain Reload Profiling:
	ReloadAssembly (2302ms)
		BeginReloadAssembly (269ms)
			ExecutionOrderSort (0ms)
			DisableScriptedObjects (11ms)
			BackupInstance (0ms)
			ReleaseScriptingObjects (0ms)
			CreateAndSetChildDomain (77ms)
		EndReloadAssembly (1815ms)
			LoadAssemblies (169ms)
			RebuildTransferFunctionScriptingTraits (0ms)
			SetupTypeCache (596ms)
			ReleaseScriptCaches (2ms)
			RebuildScriptCaches (97ms)
			SetupLoadedEditorAssemblies (827ms)
				LogAssemblyErrors (0ms)
				InitializePlatformSupportModulesInManaged (54ms)
				SetLoadedEditorAssemblies (1ms)
				RefreshPlugins (2ms)
				BeforeProcessingInitializeOnLoad (126ms)
				ProcessInitializeOnLoadAttributes (587ms)
				ProcessInitializeOnLoadMethodAttributes (41ms)
				AfterProcessingInitializeOnLoad (17ms)
				EditorAssembliesLoaded (0ms)
			ExecutionOrderSort2 (0ms)
			AwakeInstancesAfterBackupRestoration (13ms)
Platform modules already initialized, skipping
Refreshing native plugins compatible for Editor in 5.05 ms, found 3 plugins.
Preloading 0 native plugins for Editor in 0.00 ms.
Unloading 3307 Unused Serialized files (Serialized files now loaded: 0)
Unloading 29 unused Assets / (1.8 MB). Loaded Objects now: 3919.
Memory consumption went from 147.6 MB to 145.8 MB.
Total: 6.212100 ms (FindLiveObjects: 0.461700 ms CreateObjectMapping: 0.382200 ms MarkObjects: 4.794900 ms  DeleteObjects: 0.571800 ms)

AssetImportParameters requested are different than current active one (requested -> active):
  custom:video-decoder-ogg-theora: a1e56fd34408186e4bbccfd4996cb3dc -> 
  custom:container-muxer-webm: aa71ff27fc2769a1b78a27578f13a17b -> 
  custom:container-demuxer-webm: 4f35f7cbe854078d1ac9338744f61a02 -> 
  custom:video-encoder-webm-vp8: eb34c28f22e8b96e1ab97ce403110664 -> 
  custom:audio-encoder-webm-vorbis: bf7c407c2cedff20999df2af8eb42d56 -> 
  custom:framework-win-MediaFoundation: 216162199b28c13a410421893ffa2e32 -> 
  custom:container-demuxer-ogg: 62fdf1f143b41e24485cea50d1cbac27 -> 
  custom:video-decoder-webm-vp8: 9c59270c3fd7afecdb556c50c9e8de78 -> 
  custom:audio-decoder-ogg-vorbis: bf7c407c2cedff20999df2af8eb42d56 -> 
========================================================================
Received Import Request.
  Time since last request: 454.855224 seconds.
  path: Assets/Kitchen/gas-stove-haier-low-mid-poly/textures
  artifactKey: Guid(b7e95be31460740488b8a270bfbf5030) Importer(815301076,1909f56bfc062723c751e8b465ee728b)
Start importing Assets/Kitchen/gas-stove-haier-low-mid-poly/textures using Guid(b7e95be31460740488b8a270bfbf5030) Importer(815301076,1909f56bfc062723c751e8b465ee728b)  -> (artifact id: 'e31d5804747c5de73d76a72679f29ce2') in 0.011251 seconds 
========================================================================
Received Import Request.
  Time since last request: 711.754888 seconds.
  path: Assets/Kitchen/stove-asset-home-appliances
  artifactKey: Guid(2447f1e340df9524f83cb2c3954da8cd) Importer(815301076,1909f56bfc062723c751e8b465ee728b)
Start importing Assets/Kitchen/stove-asset-home-appliances using Guid(2447f1e340df9524f83cb2c3954da8cd) Importer(815301076,1909f56bfc062723c751e8b465ee728b)  -> (artifact id: '193f6b2b977426ff9cb6b3674727bea6') in 0.011819 seconds 
========================================================================
Received Import Request.
  Time since last request: 0.894019 seconds.
  path: Assets/Kitchen/stove-asset-home-appliances/source
  artifactKey: Guid(fc7cfaf28c429ec45813852d131c2fc6) Importer(815301076,1909f56bfc062723c751e8b465ee728b)
Start importing Assets/Kitchen/stove-asset-home-appliances/source using Guid(fc7cfaf28c429ec45813852d131c2fc6) Importer(815301076,1909f56bfc062723c751e8b465ee728b)  -> (artifact id: '5ebeeb6626a65b0bd3813a901f9d3c0d') in 0.002626 seconds 
========================================================================
Received Import Request.
  Time since last request: 0.915814 seconds.
  path: Assets/Kitchen/stove-asset-home-appliances/source/Stove.zip
  artifactKey: Guid(ba305ba002557d8448d592013706f02d) Importer(815301076,1909f56bfc062723c751e8b465ee728b)
Start importing Assets/Kitchen/stove-asset-home-appliances/source/Stove.zip using Guid(ba305ba002557d8448d592013706f02d) Importer(815301076,1909f56bfc062723c751e8b465ee728b)  -> (artifact id: 'bfe61ca226cce719c2f5cb1a74936ef2') in 0.068020 seconds 
========================================================================
Received Import Request.
  Time since last request: 6.570489 seconds.
  path: Assets/Kitchen/stove-asset-home-appliances/source/Stove
  artifactKey: Guid(afffbc0301d63b94f83a954d344aeafe) Importer(815301076,1909f56bfc062723c751e8b465ee728b)
Start importing Assets/Kitchen/stove-asset-home-appliances/source/Stove using Guid(afffbc0301d63b94f83a954d344aeafe) Importer(815301076,1909f56bfc062723c751e8b465ee728b)  -> (artifact id: 'e37de67087e464d65b9d781a50d623a9') in 0.002826 seconds 
========================================================================
Received Import Request.
  Time since last request: 0.043636 seconds.
  path: Assets/Kitchen/stove-asset-home-appliances/source/Stove/Stove.fbx
  artifactKey: Guid(a4fb8724b2b14b549ba7c392cc24c968) Importer(815301076,1909f56bfc062723c751e8b465ee728b)
Start importing Assets/Kitchen/stove-asset-home-appliances/source/Stove/Stove.fbx using Guid(a4fb8724b2b14b549ba7c392cc24c968) Importer(815301076,1909f56bfc062723c751e8b465ee728b)  -> (artifact id: '9e4cb4cfa8aff16a13cb4e3c965152d1') in 0.243827 seconds 
========================================================================
Received Import Request.
  Time since last request: 0.000048 seconds.
  path: Assets/Kitchen/stove-asset-home-appliances/source/Stove/Texture.png
  artifactKey: Guid(662ec367a28058b4583d9c6512109b83) Importer(815301076,1909f56bfc062723c751e8b465ee728b)
Start importing Assets/Kitchen/stove-asset-home-appliances/source/Stove/Texture.png using Guid(662ec367a28058b4583d9c6512109b83) Importer(815301076,1909f56bfc062723c751e8b465ee728b)  -> (artifact id: '75304ef42f98862836674479b29a9685') in 0.039478 seconds 
========================================================================
Received Prepare
Registering precompiled user dll's ...
Registered in 0.005044 seconds.
Begin MonoManager ReloadAssembly
Native extension for WindowsStandalone target not found
Native extension for iOS target not found
Native extension for Android target not found
Refreshing native plugins compatible for Editor in 2.11 ms, found 3 plugins.
Preloading 0 native plugins for Editor in 0.00 ms.
Mono: successfully reloaded assembly
- Completed reload, in  2.240 seconds
Domain Reload Profiling:
	ReloadAssembly (2241ms)
		BeginReloadAssembly (208ms)
			ExecutionOrderSort (0ms)
			DisableScriptedObjects (8ms)
			BackupInstance (0ms)
			ReleaseScriptingObjects (0ms)
			CreateAndSetChildDomain (51ms)
		EndReloadAssembly (1917ms)
			LoadAssemblies (131ms)
			RebuildTransferFunctionScriptingTraits (0ms)
			SetupTypeCache (607ms)
			ReleaseScriptCaches (3ms)
			RebuildScriptCaches (111ms)
			SetupLoadedEditorAssemblies (899ms)
				LogAssemblyErrors (0ms)
				InitializePlatformSupportModulesInManaged (67ms)
				SetLoadedEditorAssemblies (2ms)
				RefreshPlugins (2ms)
				BeforeProcessingInitializeOnLoad (148ms)
				ProcessInitializeOnLoadAttributes (620ms)
				ProcessInitializeOnLoadMethodAttributes (41ms)
				AfterProcessingInitializeOnLoad (18ms)
				EditorAssembliesLoaded (0ms)
			ExecutionOrderSort2 (0ms)
			AwakeInstancesAfterBackupRestoration (13ms)
Platform modules already initialized, skipping
Refreshing native plugins compatible for Editor in 4.50 ms, found 3 plugins.
Preloading 0 native plugins for Editor in 0.00 ms.
Unloading 3307 Unused Serialized files (Serialized files now loaded: 0)
Unloading 29 unused Assets / (1.8 MB). Loaded Objects now: 3923.
Memory consumption went from 147.7 MB to 145.8 MB.
Total: 6.393300 ms (FindLiveObjects: 0.444800 ms CreateObjectMapping: 0.243000 ms MarkObjects: 4.765300 ms  DeleteObjects: 0.938700 ms)

AssetImportParameters requested are different than current active one (requested -> active):
  custom:video-decoder-ogg-theora: a1e56fd34408186e4bbccfd4996cb3dc -> 
  custom:container-muxer-webm: aa71ff27fc2769a1b78a27578f13a17b -> 
  custom:container-demuxer-webm: 4f35f7cbe854078d1ac9338744f61a02 -> 
  custom:video-encoder-webm-vp8: eb34c28f22e8b96e1ab97ce403110664 -> 
  custom:audio-encoder-webm-vorbis: bf7c407c2cedff20999df2af8eb42d56 -> 
  custom:framework-win-MediaFoundation: 216162199b28c13a410421893ffa2e32 -> 
  custom:container-demuxer-ogg: 62fdf1f143b41e24485cea50d1cbac27 -> 
  custom:video-decoder-webm-vp8: 9c59270c3fd7afecdb556c50c9e8de78 -> 
  custom:audio-decoder-ogg-vorbis: bf7c407c2cedff20999df2af8eb42d56 -> 
========================================================================
Received Prepare
Registering precompiled user dll's ...
Registered in 0.007914 seconds.
Begin MonoManager ReloadAssembly
Native extension for WindowsStandalone target not found
Native extension for iOS target not found
Native extension for Android target not found
Refreshing native plugins compatible for Editor in 2.10 ms, found 3 plugins.
Preloading 0 native plugins for Editor in 0.00 ms.
Mono: successfully reloaded assembly
- Completed reload, in  2.221 seconds
Domain Reload Profiling:
	ReloadAssembly (2222ms)
		BeginReloadAssembly (198ms)
			ExecutionOrderSort (0ms)
			DisableScriptedObjects (11ms)
			BackupInstance (0ms)
			ReleaseScriptingObjects (0ms)
			CreateAndSetChildDomain (50ms)
		EndReloadAssembly (1875ms)
			LoadAssemblies (143ms)
			RebuildTransferFunctionScriptingTraits (0ms)
			SetupTypeCache (628ms)
			ReleaseScriptCaches (2ms)
			RebuildScriptCaches (89ms)
			SetupLoadedEditorAssemblies (843ms)
				LogAssemblyErrors (0ms)
				InitializePlatformSupportModulesInManaged (56ms)
				SetLoadedEditorAssemblies (1ms)
				RefreshPlugins (2ms)
				BeforeProcessingInitializeOnLoad (120ms)
				ProcessInitializeOnLoadAttributes (608ms)
				ProcessInitializeOnLoadMethodAttributes (38ms)
				AfterProcessingInitializeOnLoad (17ms)
				EditorAssembliesLoaded (0ms)
			ExecutionOrderSort2 (0ms)
			AwakeInstancesAfterBackupRestoration (15ms)
Platform modules already initialized, skipping
Refreshing native plugins compatible for Editor in 2.30 ms, found 3 plugins.
Preloading 0 native plugins for Editor in 0.00 ms.
Unloading 3307 Unused Serialized files (Serialized files now loaded: 0)
Unloading 29 unused Assets / (1.8 MB). Loaded Objects now: 3926.
Memory consumption went from 147.7 MB to 145.8 MB.
Total: 7.312900 ms (FindLiveObjects: 0.486300 ms CreateObjectMapping: 0.360600 ms MarkObjects: 5.523600 ms  DeleteObjects: 0.941400 ms)

AssetImportParameters requested are different than current active one (requested -> active):
  custom:video-decoder-ogg-theora: a1e56fd34408186e4bbccfd4996cb3dc -> 
  custom:container-muxer-webm: aa71ff27fc2769a1b78a27578f13a17b -> 
  custom:container-demuxer-webm: 4f35f7cbe854078d1ac9338744f61a02 -> 
  custom:video-encoder-webm-vp8: eb34c28f22e8b96e1ab97ce403110664 -> 
  custom:audio-encoder-webm-vorbis: bf7c407c2cedff20999df2af8eb42d56 -> 
  custom:framework-win-MediaFoundation: 216162199b28c13a410421893ffa2e32 -> 
  custom:container-demuxer-ogg: 62fdf1f143b41e24485cea50d1cbac27 -> 
  custom:video-decoder-webm-vp8: 9c59270c3fd7afecdb556c50c9e8de78 -> 
  custom:audio-decoder-ogg-vorbis: bf7c407c2cedff20999df2af8eb42d56 -> 
========================================================================
Received Import Request.
  Time since last request: 381.730412 seconds.
  path: Assets/Textures/Silver.mat
  artifactKey: Guid(e2692fe0d4849504f90d03fe84d67f4d) Importer(815301076,1909f56bfc062723c751e8b465ee728b)
Start importing Assets/Textures/Silver.mat using Guid(e2692fe0d4849504f90d03fe84d67f4d) Importer(815301076,1909f56bfc062723c751e8b465ee728b)  -> (artifact id: '56a196d0711cb33691ce2d70496f0700') in 0.187796 seconds 
========================================================================
Received Import Request.
  Time since last request: 36.499077 seconds.
  path: Assets/Textures/BowlTexture 1.mat
  artifactKey: Guid(326ffb109908c02499cce51119d77668) Importer(815301076,1909f56bfc062723c751e8b465ee728b)
Start importing Assets/Textures/BowlTexture 1.mat using Guid(326ffb109908c02499cce51119d77668) Importer(815301076,1909f56bfc062723c751e8b465ee728b)  -> (artifact id: '8fe220222da4ae8da8544da6ff6481c9') in 0.011293 seconds 
========================================================================
Received Import Request.
  Time since last request: 7.676643 seconds.
  path: Assets/Textures/Marble.mat
  artifactKey: Guid(326ffb109908c02499cce51119d77668) Importer(815301076,1909f56bfc062723c751e8b465ee728b)
Start importing Assets/Textures/Marble.mat using Guid(326ffb109908c02499cce51119d77668) Importer(815301076,1909f56bfc062723c751e8b465ee728b)  -> (artifact id: '79582647c147726b0b22d617a8116e8f') in 0.015729 seconds 
========================================================================
Received Import Request.
  Time since last request: 9.624455 seconds.
  path: Assets/Textures/Marble.mat
  artifactKey: Guid(326ffb109908c02499cce51119d77668) Importer(815301076,1909f56bfc062723c751e8b465ee728b)
Start importing Assets/Textures/Marble.mat using Guid(326ffb109908c02499cce51119d77668) Importer(815301076,1909f56bfc062723c751e8b465ee728b)  -> (artifact id: 'f98c46513a47920a4d2754eae6e836d5') in 0.012932 seconds 
========================================================================
Received Prepare
Registering precompiled user dll's ...
Registered in 0.004571 seconds.
Begin MonoManager ReloadAssembly
Native extension for WindowsStandalone target not found
Native extension for iOS target not found
Native extension for Android target not found
Refreshing native plugins compatible for Editor in 0.97 ms, found 3 plugins.
Preloading 0 native plugins for Editor in 0.00 ms.
Mono: successfully reloaded assembly
- Completed reload, in  1.353 seconds
Domain Reload Profiling:
	ReloadAssembly (1354ms)
		BeginReloadAssembly (141ms)
			ExecutionOrderSort (0ms)
			DisableScriptedObjects (4ms)
			BackupInstance (0ms)
			ReleaseScriptingObjects (0ms)
			CreateAndSetChildDomain (36ms)
		EndReloadAssembly (1112ms)
			LoadAssemblies (94ms)
			RebuildTransferFunctionScriptingTraits (0ms)
			SetupTypeCache (359ms)
			ReleaseScriptCaches (1ms)
			RebuildScriptCaches (59ms)
			SetupLoadedEditorAssemblies (510ms)
				LogAssemblyErrors (0ms)
				InitializePlatformSupportModulesInManaged (35ms)
				SetLoadedEditorAssemblies (0ms)
				RefreshPlugins (1ms)
				BeforeProcessingInitializeOnLoad (76ms)
				ProcessInitializeOnLoadAttributes (364ms)
				ProcessInitializeOnLoadMethodAttributes (22ms)
				AfterProcessingInitializeOnLoad (10ms)
				EditorAssembliesLoaded (0ms)
			ExecutionOrderSort2 (0ms)
			AwakeInstancesAfterBackupRestoration (8ms)
Platform modules already initialized, skipping
Refreshing native plugins compatible for Editor in 2.16 ms, found 3 plugins.
Preloading 0 native plugins for Editor in 0.00 ms.
Unloading 3307 Unused Serialized files (Serialized files now loaded: 0)
Unloading 29 unused Assets / (1.8 MB). Loaded Objects now: 3929.
Memory consumption went from 147.7 MB to 145.9 MB.
Total: 5.533400 ms (FindLiveObjects: 0.995800 ms CreateObjectMapping: 0.840600 ms MarkObjects: 3.106600 ms  DeleteObjects: 0.589300 ms)

AssetImportParameters requested are different than current active one (requested -> active):
  custom:video-decoder-ogg-theora: a1e56fd34408186e4bbccfd4996cb3dc -> 
  custom:container-muxer-webm: aa71ff27fc2769a1b78a27578f13a17b -> 
  custom:container-demuxer-webm: 4f35f7cbe854078d1ac9338744f61a02 -> 
  custom:video-encoder-webm-vp8: eb34c28f22e8b96e1ab97ce403110664 -> 
  custom:audio-encoder-webm-vorbis: bf7c407c2cedff20999df2af8eb42d56 -> 
  custom:framework-win-MediaFoundation: 216162199b28c13a410421893ffa2e32 -> 
  custom:container-demuxer-ogg: 62fdf1f143b41e24485cea50d1cbac27 -> 
  custom:video-decoder-webm-vp8: 9c59270c3fd7afecdb556c50c9e8de78 -> 
  custom:audio-decoder-ogg-vorbis: bf7c407c2cedff20999df2af8eb42d56 -> 
========================================================================
Received Prepare
Registering precompiled user dll's ...
Registered in 0.005622 seconds.
Begin MonoManager ReloadAssembly
Native extension for WindowsStandalone target not found
Native extension for iOS target not found
Native extension for Android target not found
Refreshing native plugins compatible for Editor in 1.57 ms, found 3 plugins.
Preloading 0 native plugins for Editor in 0.00 ms.
Mono: successfully reloaded assembly
- Completed reload, in  1.625 seconds
Domain Reload Profiling:
	ReloadAssembly (1628ms)
		BeginReloadAssembly (183ms)
			ExecutionOrderSort (0ms)
			DisableScriptedObjects (9ms)
			BackupInstance (0ms)
			ReleaseScriptingObjects (0ms)
			CreateAndSetChildDomain (40ms)
		EndReloadAssembly (1300ms)
			LoadAssemblies (120ms)
			RebuildTransferFunctionScriptingTraits (0ms)
			SetupTypeCache (339ms)
			ReleaseScriptCaches (3ms)
			RebuildScriptCaches (68ms)
			SetupLoadedEditorAssemblies (652ms)
				LogAssemblyErrors (0ms)
				InitializePlatformSupportModulesInManaged (38ms)
				SetLoadedEditorAssemblies (1ms)
				RefreshPlugins (2ms)
				BeforeProcessingInitializeOnLoad (95ms)
				ProcessInitializeOnLoadAttributes (472ms)
				ProcessInitializeOnLoadMethodAttributes (32ms)
				AfterProcessingInitializeOnLoad (12ms)
				EditorAssembliesLoaded (0ms)
			ExecutionOrderSort2 (0ms)
			AwakeInstancesAfterBackupRestoration (9ms)
Platform modules already initialized, skipping
Refreshing native plugins compatible for Editor in 3.02 ms, found 3 plugins.
Preloading 0 native plugins for Editor in 0.00 ms.
Unloading 3307 Unused Serialized files (Serialized files now loaded: 0)
Unloading 29 unused Assets / (1.8 MB). Loaded Objects now: 3932.
Memory consumption went from 147.7 MB to 145.9 MB.
Total: 5.088400 ms (FindLiveObjects: 0.476100 ms CreateObjectMapping: 0.339100 ms MarkObjects: 3.473500 ms  DeleteObjects: 0.798200 ms)

AssetImportParameters requested are different than current active one (requested -> active):
  custom:video-decoder-ogg-theora: a1e56fd34408186e4bbccfd4996cb3dc -> 
  custom:container-muxer-webm: aa71ff27fc2769a1b78a27578f13a17b -> 
  custom:container-demuxer-webm: 4f35f7cbe854078d1ac9338744f61a02 -> 
  custom:video-encoder-webm-vp8: eb34c28f22e8b96e1ab97ce403110664 -> 
  custom:audio-encoder-webm-vorbis: bf7c407c2cedff20999df2af8eb42d56 -> 
  custom:framework-win-MediaFoundation: 216162199b28c13a410421893ffa2e32 -> 
  custom:container-demuxer-ogg: 62fdf1f143b41e24485cea50d1cbac27 -> 
  custom:video-decoder-webm-vp8: 9c59270c3fd7afecdb556c50c9e8de78 -> 
  custom:audio-decoder-ogg-vorbis: bf7c407c2cedff20999df2af8eb42d56 -> 
========================================================================
Received Prepare
Registering precompiled user dll's ...
Registered in 0.006198 seconds.
Begin MonoManager ReloadAssembly
Native extension for WindowsStandalone target not found
Native extension for iOS target not found
Native extension for Android target not found
Refreshing native plugins compatible for Editor in 0.83 ms, found 3 plugins.
Preloading 0 native plugins for Editor in 0.00 ms.
Mono: successfully reloaded assembly
- Completed reload, in  1.400 seconds
Domain Reload Profiling:
	ReloadAssembly (1401ms)
		BeginReloadAssembly (147ms)
			ExecutionOrderSort (0ms)
			DisableScriptedObjects (8ms)
			BackupInstance (0ms)
			ReleaseScriptingObjects (0ms)
			CreateAndSetChildDomain (34ms)
		EndReloadAssembly (1139ms)
			LoadAssemblies (95ms)
			RebuildTransferFunctionScriptingTraits (0ms)
			SetupTypeCache (325ms)
			ReleaseScriptCaches (1ms)
			RebuildScriptCaches (51ms)
			SetupLoadedEditorAssemblies (583ms)
				LogAssemblyErrors (0ms)
				InitializePlatformSupportModulesInManaged (44ms)
				SetLoadedEditorAssemblies (1ms)
				RefreshPlugins (1ms)
				BeforeProcessingInitializeOnLoad (90ms)
				ProcessInitializeOnLoadAttributes (413ms)
				ProcessInitializeOnLoadMethodAttributes (24ms)
				AfterProcessingInitializeOnLoad (10ms)
				EditorAssembliesLoaded (0ms)
			ExecutionOrderSort2 (0ms)
			AwakeInstancesAfterBackupRestoration (9ms)
Platform modules already initialized, skipping
Refreshing native plugins compatible for Editor in 2.11 ms, found 3 plugins.
Preloading 0 native plugins for Editor in 0.00 ms.
Unloading 3307 Unused Serialized files (Serialized files now loaded: 0)
Unloading 29 unused Assets / (1.8 MB). Loaded Objects now: 3935.
Memory consumption went from 147.6 MB to 145.8 MB.
Total: 4.984400 ms (FindLiveObjects: 0.317100 ms CreateObjectMapping: 0.217500 ms MarkObjects: 3.797500 ms  DeleteObjects: 0.651100 ms)

AssetImportParameters requested are different than current active one (requested -> active):
  custom:video-decoder-ogg-theora: a1e56fd34408186e4bbccfd4996cb3dc -> 
  custom:container-muxer-webm: aa71ff27fc2769a1b78a27578f13a17b -> 
  custom:container-demuxer-webm: 4f35f7cbe854078d1ac9338744f61a02 -> 
  custom:video-encoder-webm-vp8: eb34c28f22e8b96e1ab97ce403110664 -> 
  custom:audio-encoder-webm-vorbis: bf7c407c2cedff20999df2af8eb42d56 -> 
  custom:framework-win-MediaFoundation: 216162199b28c13a410421893ffa2e32 -> 
  custom:container-demuxer-ogg: 62fdf1f143b41e24485cea50d1cbac27 -> 
  custom:video-decoder-webm-vp8: 9c59270c3fd7afecdb556c50c9e8de78 -> 
  custom:audio-decoder-ogg-vorbis: bf7c407c2cedff20999df2af8eb42d56 -> 
========================================================================
Received Import Request.
  Time since last request: 344.500179 seconds.
  path: Assets/Kitchen/flower-vase
  artifactKey: Guid(b057b7b387af10e49894b80f72b5705b) Importer(815301076,1909f56bfc062723c751e8b465ee728b)
Start importing Assets/Kitchen/flower-vase using Guid(b057b7b387af10e49894b80f72b5705b) Importer(815301076,1909f56bfc062723c751e8b465ee728b)  -> (artifact id: 'd9ab44ff42168b743ebbf45e5377827d') in 0.011374 seconds 
========================================================================
Received Import Request.
  Time since last request: 0.877417 seconds.
  path: Assets/Kitchen/flower-vase/source
  artifactKey: Guid(cdcc85dcf8ada0d4fba08a860b3bcedf) Importer(815301076,1909f56bfc062723c751e8b465ee728b)
Start importing Assets/Kitchen/flower-vase/source using Guid(cdcc85dcf8ada0d4fba08a860b3bcedf) Importer(815301076,1909f56bfc062723c751e8b465ee728b)  -> (artifact id: '99e32f3768ed1ea19049c101af17f285') in 0.002134 seconds 
========================================================================
Received Import Request.
  Time since last request: 0.860403 seconds.
  path: Assets/Kitchen/flower-vase/source/Florero.zip
  artifactKey: Guid(94377393304165149a899714db226db0) Importer(815301076,1909f56bfc062723c751e8b465ee728b)
Start importing Assets/Kitchen/flower-vase/source/Florero.zip using Guid(94377393304165149a899714db226db0) Importer(815301076,1909f56bfc062723c751e8b465ee728b)  -> (artifact id: '9aa92559208bb0e04930b1f2ae936f99') in 0.020516 seconds 
========================================================================
Received Import Request.
  Time since last request: 5.617633 seconds.
  path: Assets/Kitchen/flower-vase/source/Flower Vase.fbx
  artifactKey: Guid(b2cf2d0a6dc39834da4a4d02606887e5) Importer(815301076,1909f56bfc062723c751e8b465ee728b)
Start importing Assets/Kitchen/flower-vase/source/Flower Vase.fbx using Guid(b2cf2d0a6dc39834da4a4d02606887e5) Importer(815301076,1909f56bfc062723c751e8b465ee728b)  -> (artifact id: '0c8e81264dbdd291878a84c23a27eb21') in 0.187732 seconds 
========================================================================
Received Import Request.
  Time since last request: 2.455788 seconds.
  path: Assets/Kitchen/flower-vase/source/Flower Vase.fbx
  artifactKey: Guid(b2cf2d0a6dc39834da4a4d02606887e5) Importer(815301076,1909f56bfc062723c751e8b465ee728b)
Start importing Assets/Kitchen/flower-vase/source/Flower Vase.fbx using Guid(b2cf2d0a6dc39834da4a4d02606887e5) Importer(815301076,1909f56bfc062723c751e8b465ee728b)  -> (artifact id: 'd6c7819a235eb3b5234db4c28eec053c') in 0.083849 seconds 
========================================================================
Received Prepare
Registering precompiled user dll's ...
Registered in 0.020970 seconds.
Begin MonoManager ReloadAssembly
Native extension for WindowsStandalone target not found
Native extension for iOS target not found
Native extension for Android target not found
Refreshing native plugins compatible for Editor in 0.89 ms, found 3 plugins.
Preloading 0 native plugins for Editor in 0.00 ms.
Mono: successfully reloaded assembly
- Completed reload, in  1.717 seconds
Domain Reload Profiling:
	ReloadAssembly (1719ms)
		BeginReloadAssembly (470ms)
			ExecutionOrderSort (0ms)
			DisableScriptedObjects (16ms)
			BackupInstance (0ms)
			ReleaseScriptingObjects (0ms)
			CreateAndSetChildDomain (133ms)
		EndReloadAssembly (1140ms)
			LoadAssemblies (243ms)
			RebuildTransferFunctionScriptingTraits (0ms)
			SetupTypeCache (329ms)
			ReleaseScriptCaches (1ms)
			RebuildScriptCaches (58ms)
			SetupLoadedEditorAssemblies (563ms)
				LogAssemblyErrors (0ms)
				InitializePlatformSupportModulesInManaged (36ms)
				SetLoadedEditorAssemblies (1ms)
				RefreshPlugins (1ms)
				BeforeProcessingInitializeOnLoad (84ms)
				ProcessInitializeOnLoadAttributes (403ms)
				ProcessInitializeOnLoadMethodAttributes (27ms)
				AfterProcessingInitializeOnLoad (11ms)
				EditorAssembliesLoaded (0ms)
			ExecutionOrderSort2 (0ms)
			AwakeInstancesAfterBackupRestoration (9ms)
Platform modules already initialized, skipping
Refreshing native plugins compatible for Editor in 2.36 ms, found 3 plugins.
Preloading 0 native plugins for Editor in 0.00 ms.
Unloading 3307 Unused Serialized files (Serialized files now loaded: 0)
Unloading 29 unused Assets / (1.8 MB). Loaded Objects now: 3938.
Memory consumption went from 147.7 MB to 145.8 MB.
Total: 4.904800 ms (FindLiveObjects: 0.706400 ms CreateObjectMapping: 0.391300 ms MarkObjects: 2.957500 ms  DeleteObjects: 0.847500 ms)

AssetImportParameters requested are different than current active one (requested -> active):
  custom:video-decoder-ogg-theora: a1e56fd34408186e4bbccfd4996cb3dc -> 
  custom:container-muxer-webm: aa71ff27fc2769a1b78a27578f13a17b -> 
  custom:container-demuxer-webm: 4f35f7cbe854078d1ac9338744f61a02 -> 
  custom:video-encoder-webm-vp8: eb34c28f22e8b96e1ab97ce403110664 -> 
  custom:audio-encoder-webm-vorbis: bf7c407c2cedff20999df2af8eb42d56 -> 
  custom:framework-win-MediaFoundation: 216162199b28c13a410421893ffa2e32 -> 
  custom:container-demuxer-ogg: 62fdf1f143b41e24485cea50d1cbac27 -> 
  custom:video-decoder-webm-vp8: 9c59270c3fd7afecdb556c50c9e8de78 -> 
  custom:audio-decoder-ogg-vorbis: bf7c407c2cedff20999df2af8eb42d56 -> 
========================================================================
Received Prepare
Registering precompiled user dll's ...
Registered in 0.005521 seconds.
Begin MonoManager ReloadAssembly
Native extension for WindowsStandalone target not found
Native extension for iOS target not found
Native extension for Android target not found
Refreshing native plugins compatible for Editor in 2.30 ms, found 3 plugins.
Preloading 0 native plugins for Editor in 0.00 ms.
Mono: successfully reloaded assembly
- Completed reload, in  1.871 seconds
Domain Reload Profiling:
	ReloadAssembly (1872ms)
		BeginReloadAssembly (239ms)
			ExecutionOrderSort (0ms)
			DisableScriptedObjects (9ms)
			BackupInstance (0ms)
			ReleaseScriptingObjects (0ms)
			CreateAndSetChildDomain (38ms)
		EndReloadAssembly (1499ms)
			LoadAssemblies (163ms)
			RebuildTransferFunctionScriptingTraits (0ms)
			SetupTypeCache (489ms)
			ReleaseScriptCaches (2ms)
			RebuildScriptCaches (81ms)
			SetupLoadedEditorAssemblies (697ms)
				LogAssemblyErrors (0ms)
				InitializePlatformSupportModulesInManaged (45ms)
				SetLoadedEditorAssemblies (1ms)
				RefreshPlugins (2ms)
				BeforeProcessingInitializeOnLoad (106ms)
				ProcessInitializeOnLoadAttributes (495ms)
				ProcessInitializeOnLoadMethodAttributes (34ms)
				AfterProcessingInitializeOnLoad (14ms)
				EditorAssembliesLoaded (0ms)
			ExecutionOrderSort2 (0ms)
			AwakeInstancesAfterBackupRestoration (11ms)
Platform modules already initialized, skipping
Refreshing native plugins compatible for Editor in 3.70 ms, found 3 plugins.
Preloading 0 native plugins for Editor in 0.00 ms.
Unloading 3307 Unused Serialized files (Serialized files now loaded: 0)
Unloading 29 unused Assets / (1.8 MB). Loaded Objects now: 3941.
Memory consumption went from 147.7 MB to 145.9 MB.
Total: 5.040600 ms (FindLiveObjects: 0.336900 ms CreateObjectMapping: 0.225900 ms MarkObjects: 3.783900 ms  DeleteObjects: 0.692600 ms)

AssetImportParameters requested are different than current active one (requested -> active):
  custom:video-decoder-ogg-theora: a1e56fd34408186e4bbccfd4996cb3dc -> 
  custom:container-muxer-webm: aa71ff27fc2769a1b78a27578f13a17b -> 
  custom:container-demuxer-webm: 4f35f7cbe854078d1ac9338744f61a02 -> 
  custom:video-encoder-webm-vp8: eb34c28f22e8b96e1ab97ce403110664 -> 
  custom:audio-encoder-webm-vorbis: bf7c407c2cedff20999df2af8eb42d56 -> 
  custom:framework-win-MediaFoundation: 216162199b28c13a410421893ffa2e32 -> 
  custom:container-demuxer-ogg: 62fdf1f143b41e24485cea50d1cbac27 -> 
  custom:video-decoder-webm-vp8: 9c59270c3fd7afecdb556c50c9e8de78 -> 
  custom:audio-decoder-ogg-vorbis: bf7c407c2cedff20999df2af8eb42d56 -> 
========================================================================
Received Prepare
Registering precompiled user dll's ...
Registered in 0.006558 seconds.
Begin MonoManager ReloadAssembly
Native extension for WindowsStandalone target not found
Native extension for iOS target not found
Native extension for Android target not found
Refreshing native plugins compatible for Editor in 0.78 ms, found 3 plugins.
Preloading 0 native plugins for Editor in 0.00 ms.
Mono: successfully reloaded assembly
- Completed reload, in  1.451 seconds
Domain Reload Profiling:
	ReloadAssembly (1452ms)
		BeginReloadAssembly (162ms)
			ExecutionOrderSort (0ms)
			DisableScriptedObjects (8ms)
			BackupInstance (0ms)
			ReleaseScriptingObjects (0ms)
			CreateAndSetChildDomain (38ms)
		EndReloadAssembly (1165ms)
			LoadAssemblies (101ms)
			RebuildTransferFunctionScriptingTraits (0ms)
			SetupTypeCache (357ms)
			ReleaseScriptCaches (1ms)
			RebuildScriptCaches (46ms)
			SetupLoadedEditorAssemblies (600ms)
				LogAssemblyErrors (0ms)
				InitializePlatformSupportModulesInManaged (32ms)
				SetLoadedEditorAssemblies (1ms)
				RefreshPlugins (1ms)
				BeforeProcessingInitializeOnLoad (85ms)
				ProcessInitializeOnLoadAttributes (440ms)
				ProcessInitializeOnLoadMethodAttributes (31ms)
				AfterProcessingInitializeOnLoad (11ms)
				EditorAssembliesLoaded (0ms)
			ExecutionOrderSort2 (0ms)
			AwakeInstancesAfterBackupRestoration (9ms)
Platform modules already initialized, skipping
Refreshing native plugins compatible for Editor in 2.30 ms, found 3 plugins.
Preloading 0 native plugins for Editor in 0.00 ms.
Unloading 3307 Unused Serialized files (Serialized files now loaded: 0)
Unloading 29 unused Assets / (1.8 MB). Loaded Objects now: 3944.
Memory consumption went from 147.7 MB to 145.9 MB.
Total: 7.463700 ms (FindLiveObjects: 0.386600 ms CreateObjectMapping: 0.314600 ms MarkObjects: 6.049400 ms  DeleteObjects: 0.712000 ms)

AssetImportParameters requested are different than current active one (requested -> active):
  custom:video-decoder-ogg-theora: a1e56fd34408186e4bbccfd4996cb3dc -> 
  custom:container-muxer-webm: aa71ff27fc2769a1b78a27578f13a17b -> 
  custom:container-demuxer-webm: 4f35f7cbe854078d1ac9338744f61a02 -> 
  custom:video-encoder-webm-vp8: eb34c28f22e8b96e1ab97ce403110664 -> 
  custom:audio-encoder-webm-vorbis: bf7c407c2cedff20999df2af8eb42d56 -> 
  custom:framework-win-MediaFoundation: 216162199b28c13a410421893ffa2e32 -> 
  custom:container-demuxer-ogg: 62fdf1f143b41e24485cea50d1cbac27 -> 
  custom:video-decoder-webm-vp8: 9c59270c3fd7afecdb556c50c9e8de78 -> 
  custom:audio-decoder-ogg-vorbis: bf7c407c2cedff20999df2af8eb42d56 -> 
