Unity Editor version:    2021.3.24f1 (cf10dcf7010d)
Branch:                  2021.3/staging
Build type:              Release
Batch mode:              YES
macOS version:           Version 13.2.1 (Build 22D68)
Darwin version:          22.3.0
Architecture:            arm64
Running under Rosetta:   NO
Available memory:        16384 MB
Using pre-set license
Pro License: YES

COMMAND LINE ARGUMENTS:
/Applications/Unity/Hub/Editor/2021.3.24f1/Unity.app/Contents/MacOS/Unity
-adb2
-batchMode
-noUpm
-name
AssetImportWorker0
-projectPath
/Users/jeremyyan/Documents/GitHub/virtualboyfriend
-logFile
Logs/AssetImportWorker0.log
-srvPort
53315
Successfully changed project path to: /Users/jeremyyan/Documents/GitHub/virtualboyfriend
/Users/jeremyyan/Documents/GitHub/virtualboyfriend
[UnityMemory] Configuration Parameters - Can be set up in boot.config
    "memorysetup-bucket-allocator-granularity=16"
    "memorysetup-bucket-allocator-bucket-count=8"
    "memorysetup-bucket-allocator-block-size=33554432"
    "memorysetup-bucket-allocator-block-count=8"
    "memorysetup-main-allocator-block-size=16777216"
    "memorysetup-thread-allocator-block-size=16777216"
    "memorysetup-gfx-main-allocator-block-size=16777216"
    "memorysetup-gfx-thread-allocator-block-size=16777216"
    "memorysetup-cache-allocator-block-size=4194304"
    "memorysetup-typetree-allocator-block-size=2097152"
    "memorysetup-profiler-bucket-allocator-granularity=16"
    "memorysetup-profiler-bucket-allocator-bucket-count=8"
    "memorysetup-profiler-bucket-allocator-block-size=33554432"
    "memorysetup-profiler-bucket-allocator-block-count=8"
    "memorysetup-profiler-allocator-block-size=16777216"
    "memorysetup-profiler-editor-allocator-block-size=1048576"
    "memorysetup-temp-allocator-size-main=16777216"
    "memorysetup-job-temp-allocator-block-size=2097152"
    "memorysetup-job-temp-allocator-block-size-background=1048576"
    "memorysetup-job-temp-allocator-reduction-small-platforms=262144"
    "memorysetup-temp-allocator-size-background-worker=32768"
    "memorysetup-temp-allocator-size-job-worker=262144"
    "memorysetup-temp-allocator-size-preload-manager=33554432"
    "memorysetup-temp-allocator-size-nav-mesh-worker=65536"
    "memorysetup-temp-allocator-size-audio-worker=65536"
    "memorysetup-temp-allocator-size-cloud-worker=32768"
    "memorysetup-temp-allocator-size-gi-baking-worker=262144"
    "memorysetup-temp-allocator-size-gfx=262144"
Player connection [8378532160] Host "[IP] 10.0.0.199 [Port] 0 [Flags] 2 [Guid] 637419967 [EditorId] 637419967 [Version] 1048832 [Id] OSXEditor(0,Jeremys-MacBook-Pro-3.local) [Debug] 1 [PackageName] OSXEditor [ProjectName] Editor" joined multi-casting on [225.0.0.222:54997]...

Player connection [8378532160] Host "[IP] 10.0.0.199 [Port] 0 [Flags] 2 [Guid] 637419967 [EditorId] 637419967 [Version] 1048832 [Id] OSXEditor(0,Jeremys-MacBook-Pro-3.local) [Debug] 1 [PackageName] OSXEditor [ProjectName] Editor" joined alternative multi-casting on [225.0.0.222:34997]...

Refreshing native plugins compatible for Editor in 99.09 ms, found 4 plugins.
Preloading 1 native plugins for Editor in 4.26 ms.
Initialize engine version: 2021.3.24f1 (cf10dcf7010d)
[Subsystems] Discovering subsystems at path /Applications/Unity/Hub/Editor/2021.3.24f1/Unity.app/Contents/Resources/UnitySubsystems
[Subsystems] Discovering subsystems at path /Users/jeremyyan/Documents/GitHub/virtualboyfriend/Assets
GfxDevice: creating device client; threaded=0; jobified=0
 preferred device: Apple M1 Pro (high power)
Metal devices available: 1
0: Apple M1 Pro (high power)
Using device Apple M1 Pro (high power)
Initializing Metal device caps: Apple M1 Pro
Initialize mono
Mono path[0] = '/Applications/Unity/Hub/Editor/2021.3.24f1/Unity.app/Contents/Managed'
Mono path[1] = '/Applications/Unity/Hub/Editor/2021.3.24f1/Unity.app/Contents/MonoBleedingEdge/lib/mono/unityjit-macos'
Mono config path = '/Applications/Unity/Hub/Editor/2021.3.24f1/Unity.app/Contents/MonoBleedingEdge/etc'
Using monoOptions --debugger-agent=transport=dt_socket,embedding=1,server=y,suspend=n,address=127.0.0.1:56447
Begin MonoManager ReloadAssembly
Registering precompiled unity dll's ...
Register platform support module: /Applications/Unity/Hub/Editor/2021.3.24f1/Unity.app/Contents/PlaybackEngines/MacStandaloneSupport/UnityEditor.OSXStandalone.Extensions.dll
Registered in 0.001050 seconds.
Native extension for OSXStandalone target not found
Refreshing native plugins compatible for Editor in 84.94 ms, found 4 plugins.
Preloading 1 native plugins for Editor in 0.23 ms.
Mono: successfully reloaded assembly
- Completed reload, in  0.471 seconds
Domain Reload Profiling:
	ReloadAssembly (471ms)
		BeginReloadAssembly (80ms)
			ExecutionOrderSort (0ms)
			DisableScriptedObjects (0ms)
			BackupInstance (0ms)
			ReleaseScriptingObjects (0ms)
			CreateAndSetChildDomain (0ms)
		EndReloadAssembly (332ms)
			LoadAssemblies (80ms)
			RebuildTransferFunctionScriptingTraits (0ms)
			SetupTypeCache (74ms)
			ReleaseScriptCaches (0ms)
			RebuildScriptCaches (20ms)
			SetupLoadedEditorAssemblies (210ms)
				LogAssemblyErrors (0ms)
				InitializePlatformSupportModulesInManaged (3ms)
				SetLoadedEditorAssemblies (0ms)
				RefreshPlugins (85ms)
				BeforeProcessingInitializeOnLoad (1ms)
				ProcessInitializeOnLoadAttributes (94ms)
				ProcessInitializeOnLoadMethodAttributes (27ms)
				AfterProcessingInitializeOnLoad (0ms)
				EditorAssembliesLoaded (0ms)
			ExecutionOrderSort2 (0ms)
			AwakeInstancesAfterBackupRestoration (0ms)
Platform modules already initialized, skipping
Registering precompiled user dll's ...
Registered in 0.005506 seconds.
Begin MonoManager ReloadAssembly
Native extension for OSXStandalone target not found
Refreshing native plugins compatible for Editor in 85.74 ms, found 4 plugins.
Preloading 1 native plugins for Editor in 0.27 ms.
Package Manager log level set to [2]
Mono: successfully reloaded assembly
- Completed reload, in  0.941 seconds
Domain Reload Profiling:
	ReloadAssembly (942ms)
		BeginReloadAssembly (65ms)
			ExecutionOrderSort (0ms)
			DisableScriptedObjects (3ms)
			BackupInstance (0ms)
			ReleaseScriptingObjects (0ms)
			CreateAndSetChildDomain (15ms)
		EndReloadAssembly (814ms)
			LoadAssemblies (79ms)
			RebuildTransferFunctionScriptingTraits (0ms)
			SetupTypeCache (189ms)
			ReleaseScriptCaches (1ms)
			RebuildScriptCaches (51ms)
			SetupLoadedEditorAssemblies (466ms)
				LogAssemblyErrors (0ms)
				InitializePlatformSupportModulesInManaged (2ms)
				SetLoadedEditorAssemblies (0ms)
				RefreshPlugins (86ms)
				BeforeProcessingInitializeOnLoad (66ms)
				ProcessInitializeOnLoadAttributes (301ms)
				ProcessInitializeOnLoadMethodAttributes (11ms)
				AfterProcessingInitializeOnLoad (1ms)
				EditorAssembliesLoaded (0ms)
			ExecutionOrderSort2 (0ms)
			AwakeInstancesAfterBackupRestoration (3ms)
Platform modules already initialized, skipping
========================================================================
Worker process is ready to serve import requests
Launching external process: /Applications/Unity/Hub/Editor/2021.3.24f1/Unity.app/Contents/Tools/UnityShaderCompiler
Launched and connected shader compiler UnityShaderCompiler after 0.05 seconds
Refreshing native plugins compatible for Editor in 0.73 ms, found 4 plugins.
Preloading 1 native plugins for Editor in 0.25 ms.
Unloading 4495 Unused Serialized files (Serialized files now loaded: 0)
Unloading 52 unused Assets / (1.8 MB). Loaded Objects now: 4979.
Memory consumption went from 188.6 MB to 186.7 MB.
Total: 3.589959 ms (FindLiveObjects: 0.200958 ms CreateObjectMapping: 0.086209 ms MarkObjects: 2.766291 ms  DeleteObjects: 0.535042 ms)

AssetImportParameters requested are different than current active one (requested -> active):
  custom:video-decoder-ogg-theora: a1e56fd34408186e4bbccfd4996cb3dc -> 
  custom:container-muxer-webm: aa71ff27fc2769a1b78a27578f13a17b -> 
  custom:container-demuxer-webm: 4f35f7cbe854078d1ac9338744f61a02 -> 
  custom:video-encoder-webm-vp8: eb34c28f22e8b96e1ab97ce403110664 -> 
  custom:framework-osx-AVFoundation: e770b220cccbd017edd2c1fefb359320 -> 
  custom:audio-encoder-webm-vorbis: bf7c407c2cedff20999df2af8eb42d56 -> 
  custom:container-demuxer-ogg: 62fdf1f143b41e24485cea50d1cbac27 -> 
  custom:video-decoder-webm-vp8: 9c59270c3fd7afecdb556c50c9e8de78 -> 
  custom:audio-decoder-ogg-vorbis: bf7c407c2cedff20999df2af8eb42d56 -> 
========================================================================
Received Import Request.
  Time since last request: 2255607.657990 seconds.
  path: Assets/kararoom.fbx
  artifactKey: Guid(25988d69b22b9c84b91eb127a9568266) Importer(815301076,1909f56bfc062723c751e8b465ee728b)
Start importing Assets/kararoom.fbx using Guid(25988d69b22b9c84b91eb127a9568266) Importer(815301076,1909f56bfc062723c751e8b465ee728b)  -> (artifact id: '54a6563d65be63118aa3e3da05726762') in 1.314609 seconds 
========================================================================
Received Import Request.
  Time since last request: 549.371079 seconds.
  path: Assets/Scenes
  artifactKey: Guid(678713049f902d842a14e1d803234377) Importer(815301076,1909f56bfc062723c751e8b465ee728b)
Start importing Assets/Scenes using Guid(678713049f902d842a14e1d803234377) Importer(815301076,1909f56bfc062723c751e8b465ee728b)  -> (artifact id: 'ac059d5a14855867a4e8bb52ee8280be') in 0.001918 seconds 
========================================================================
Received Import Request.
  Time since last request: 0.957479 seconds.
  path: Assets/Scenes/LivingRoom.unity
  artifactKey: Guid(d98cc129a95719345af6123eee8550fd) Importer(815301076,1909f56bfc062723c751e8b465ee728b)
Start importing Assets/Scenes/LivingRoom.unity using Guid(d98cc129a95719345af6123eee8550fd) Importer(815301076,1909f56bfc062723c751e8b465ee728b)  -> (artifact id: 'bbe90059ee9ae89408371c91c24baa9e') in 0.000691 seconds 
========================================================================
Received Import Request.
  Time since last request: 1.025141 seconds.
  path: Assets/Scenes/Outside.unity
  artifactKey: Guid(6f4bcd6d0aaddad47a150b78c885f901) Importer(815301076,1909f56bfc062723c751e8b465ee728b)
Start importing Assets/Scenes/Outside.unity using Guid(6f4bcd6d0aaddad47a150b78c885f901) Importer(815301076,1909f56bfc062723c751e8b465ee728b)  -> (artifact id: '081575c44f370a0081299d3b8b2fb2aa') in 0.001251 seconds 
========================================================================
Received Import Request.
  Time since last request: 0.592713 seconds.
  path: Assets/Scenes/Outside2.unity
  artifactKey: Guid(e47b40ec254516d499d41e88cca25b50) Importer(815301076,1909f56bfc062723c751e8b465ee728b)
Start importing Assets/Scenes/Outside2.unity using Guid(e47b40ec254516d499d41e88cca25b50) Importer(815301076,1909f56bfc062723c751e8b465ee728b)  -> (artifact id: 'be578b289f7ccb2d0d672ea2354e1c53') in 0.001089 seconds 
========================================================================
Received Import Request.
  Time since last request: 1.484975 seconds.
  path: Assets/Scenes/Start.unity
  artifactKey: Guid(3d21967d9fa0c6a468135ad912f7dab7) Importer(815301076,1909f56bfc062723c751e8b465ee728b)
Start importing Assets/Scenes/Start.unity using Guid(3d21967d9fa0c6a468135ad912f7dab7) Importer(815301076,1909f56bfc062723c751e8b465ee728b)  -> (artifact id: '31903f80855baff8b5336df63a3a2a19') in 0.001002 seconds 
========================================================================
Received Import Request.
  Time since last request: 0.989290 seconds.
  path: Assets/Scenes/Room.unity
  artifactKey: Guid(16f2abb1a6a2ca74d991906911fd1d69) Importer(815301076,1909f56bfc062723c751e8b465ee728b)
Start importing Assets/Scenes/Room.unity using Guid(16f2abb1a6a2ca74d991906911fd1d69) Importer(815301076,1909f56bfc062723c751e8b465ee728b)  -> (artifact id: 'db47f89127e2c1e066b4f604efdac0c3') in 0.001010 seconds 
========================================================================
Received Import Request.
  Time since last request: 1.380353 seconds.
  path: Assets/Scenes/Subway.unity
  artifactKey: Guid(1f6f9802106ad004cbfcefd21a684fa1) Importer(815301076,1909f56bfc062723c751e8b465ee728b)
Start importing Assets/Scenes/Subway.unity using Guid(1f6f9802106ad004cbfcefd21a684fa1) Importer(815301076,1909f56bfc062723c751e8b465ee728b)  -> (artifact id: 'd6537229539a2c41e7cdc42d17109bec') in 0.001419 seconds 
========================================================================
Received Import Request.
  Time since last request: 11.228551 seconds.
  path: Assets/Scenes/Kitchen.unity
  artifactKey: Guid(262bc6bce13ac074eaf0a72bb1a301c4) Importer(815301076,1909f56bfc062723c751e8b465ee728b)
Start importing Assets/Scenes/Kitchen.unity using Guid(262bc6bce13ac074eaf0a72bb1a301c4) Importer(815301076,1909f56bfc062723c751e8b465ee728b)  -> (artifact id: '11cf5546cb1d2c605882fbdeffb23f34') in 0.000989 seconds 
========================================================================
Received Prepare
Registering precompiled user dll's ...
Registered in 0.001876 seconds.
Begin MonoManager ReloadAssembly
Thread 0x2a05c7000 may have been prematurely finalized
Native extension for OSXStandalone target not found
Refreshing native plugins compatible for Editor in 0.60 ms, found 4 plugins.
Preloading 1 native plugins for Editor in 0.25 ms.
Mono: successfully reloaded assembly
- Completed reload, in  0.784 seconds
Domain Reload Profiling:
	ReloadAssembly (785ms)
		BeginReloadAssembly (122ms)
			ExecutionOrderSort (0ms)
			DisableScriptedObjects (3ms)
			BackupInstance (0ms)
			ReleaseScriptingObjects (0ms)
			CreateAndSetChildDomain (61ms)
		EndReloadAssembly (612ms)
			LoadAssemblies (44ms)
			RebuildTransferFunctionScriptingTraits (0ms)
			SetupTypeCache (203ms)
			ReleaseScriptCaches (1ms)
			RebuildScriptCaches (34ms)
			SetupLoadedEditorAssemblies (305ms)
				LogAssemblyErrors (0ms)
				InitializePlatformSupportModulesInManaged (2ms)
				SetLoadedEditorAssemblies (0ms)
				RefreshPlugins (1ms)
				BeforeProcessingInitializeOnLoad (40ms)
				ProcessInitializeOnLoadAttributes (248ms)
				ProcessInitializeOnLoadMethodAttributes (13ms)
				AfterProcessingInitializeOnLoad (1ms)
				EditorAssembliesLoaded (0ms)
			ExecutionOrderSort2 (0ms)
			AwakeInstancesAfterBackupRestoration (2ms)
Platform modules already initialized, skipping
Refreshing native plugins compatible for Editor in 1.23 ms, found 4 plugins.
Preloading 1 native plugins for Editor in 0.22 ms.
Unloading 4401 Unused Serialized files (Serialized files now loaded: 0)
Unloading 33 unused Assets / (1.9 MB). Loaded Objects now: 5027.
Memory consumption went from 187.5 MB to 185.6 MB.
Total: 2.924833 ms (FindLiveObjects: 0.149250 ms CreateObjectMapping: 0.055291 ms MarkObjects: 2.350958 ms  DeleteObjects: 0.368250 ms)

AssetImportParameters requested are different than current active one (requested -> active):
  custom:video-decoder-ogg-theora: a1e56fd34408186e4bbccfd4996cb3dc -> 
  custom:container-muxer-webm: aa71ff27fc2769a1b78a27578f13a17b -> 
  custom:container-demuxer-webm: 4f35f7cbe854078d1ac9338744f61a02 -> 
  custom:video-encoder-webm-vp8: eb34c28f22e8b96e1ab97ce403110664 -> 
  custom:framework-osx-AVFoundation: e770b220cccbd017edd2c1fefb359320 -> 
  custom:audio-encoder-webm-vorbis: bf7c407c2cedff20999df2af8eb42d56 -> 
  custom:container-demuxer-ogg: 62fdf1f143b41e24485cea50d1cbac27 -> 
  custom:video-decoder-webm-vp8: 9c59270c3fd7afecdb556c50c9e8de78 -> 
  custom:audio-decoder-ogg-vorbis: bf7c407c2cedff20999df2af8eb42d56 -> 
========================================================================
Received Prepare
Registering precompiled user dll's ...
Registered in 0.001878 seconds.
Begin MonoManager ReloadAssembly
Thread 0x17f787000 may have been prematurely finalized
Native extension for OSXStandalone target not found
Refreshing native plugins compatible for Editor in 0.66 ms, found 4 plugins.
Preloading 1 native plugins for Editor in 0.30 ms.
Mono: successfully reloaded assembly
- Completed reload, in  0.730 seconds
Domain Reload Profiling:
	ReloadAssembly (730ms)
		BeginReloadAssembly (84ms)
			ExecutionOrderSort (0ms)
			DisableScriptedObjects (2ms)
			BackupInstance (0ms)
			ReleaseScriptingObjects (0ms)
			CreateAndSetChildDomain (34ms)
		EndReloadAssembly (595ms)
			LoadAssemblies (35ms)
			RebuildTransferFunctionScriptingTraits (0ms)
			SetupTypeCache (207ms)
			ReleaseScriptCaches (1ms)
			RebuildScriptCaches (33ms)
			SetupLoadedEditorAssemblies (289ms)
				LogAssemblyErrors (0ms)
				InitializePlatformSupportModulesInManaged (2ms)
				SetLoadedEditorAssemblies (0ms)
				RefreshPlugins (1ms)
				BeforeProcessingInitializeOnLoad (40ms)
				ProcessInitializeOnLoadAttributes (232ms)
				ProcessInitializeOnLoadMethodAttributes (12ms)
				AfterProcessingInitializeOnLoad (1ms)
				EditorAssembliesLoaded (0ms)
			ExecutionOrderSort2 (0ms)
			AwakeInstancesAfterBackupRestoration (2ms)
Platform modules already initialized, skipping
Refreshing native plugins compatible for Editor in 1.22 ms, found 4 plugins.
Preloading 1 native plugins for Editor in 0.25 ms.
Unloading 4401 Unused Serialized files (Serialized files now loaded: 0)
Unloading 32 unused Assets / (1.9 MB). Loaded Objects now: 5031.
Memory consumption went from 187.5 MB to 185.6 MB.
Total: 3.075375 ms (FindLiveObjects: 0.178458 ms CreateObjectMapping: 0.062000 ms MarkObjects: 2.479959 ms  DeleteObjects: 0.354125 ms)

AssetImportParameters requested are different than current active one (requested -> active):
  custom:video-decoder-ogg-theora: a1e56fd34408186e4bbccfd4996cb3dc -> 
  custom:container-muxer-webm: aa71ff27fc2769a1b78a27578f13a17b -> 
  custom:container-demuxer-webm: 4f35f7cbe854078d1ac9338744f61a02 -> 
  custom:video-encoder-webm-vp8: eb34c28f22e8b96e1ab97ce403110664 -> 
  custom:framework-osx-AVFoundation: e770b220cccbd017edd2c1fefb359320 -> 
  custom:audio-encoder-webm-vorbis: bf7c407c2cedff20999df2af8eb42d56 -> 
  custom:container-demuxer-ogg: 62fdf1f143b41e24485cea50d1cbac27 -> 
  custom:video-decoder-webm-vp8: 9c59270c3fd7afecdb556c50c9e8de78 -> 
  custom:audio-decoder-ogg-vorbis: bf7c407c2cedff20999df2af8eb42d56 -> 
========================================================================
Received Prepare
Registering precompiled user dll's ...
Registered in 0.002118 seconds.
Begin MonoManager ReloadAssembly
Thread 0x16daab000 may have been prematurely finalized
Native extension for OSXStandalone target not found
Refreshing native plugins compatible for Editor in 0.76 ms, found 4 plugins.
Preloading 1 native plugins for Editor in 0.26 ms.
Mono: successfully reloaded assembly
- Completed reload, in  0.719 seconds
Domain Reload Profiling:
	ReloadAssembly (719ms)
		BeginReloadAssembly (86ms)
			ExecutionOrderSort (0ms)
			DisableScriptedObjects (3ms)
			BackupInstance (0ms)
			ReleaseScriptingObjects (0ms)
			CreateAndSetChildDomain (33ms)
		EndReloadAssembly (579ms)
			LoadAssemblies (38ms)
			RebuildTransferFunctionScriptingTraits (0ms)
			SetupTypeCache (186ms)
			ReleaseScriptCaches (1ms)
			RebuildScriptCaches (33ms)
			SetupLoadedEditorAssemblies (290ms)
				LogAssemblyErrors (0ms)
				InitializePlatformSupportModulesInManaged (2ms)
				SetLoadedEditorAssemblies (0ms)
				RefreshPlugins (1ms)
				BeforeProcessingInitializeOnLoad (42ms)
				ProcessInitializeOnLoadAttributes (233ms)
				ProcessInitializeOnLoadMethodAttributes (11ms)
				AfterProcessingInitializeOnLoad (1ms)
				EditorAssembliesLoaded (0ms)
			ExecutionOrderSort2 (0ms)
			AwakeInstancesAfterBackupRestoration (2ms)
Platform modules already initialized, skipping
Refreshing native plugins compatible for Editor in 1.33 ms, found 4 plugins.
Preloading 1 native plugins for Editor in 0.25 ms.
Unloading 4401 Unused Serialized files (Serialized files now loaded: 0)
Unloading 32 unused Assets / (1.8 MB). Loaded Objects now: 5035.
Memory consumption went from 187.4 MB to 185.6 MB.
Total: 2.941875 ms (FindLiveObjects: 0.172541 ms CreateObjectMapping: 0.066375 ms MarkObjects: 2.302542 ms  DeleteObjects: 0.399459 ms)

AssetImportParameters requested are different than current active one (requested -> active):
  custom:video-decoder-ogg-theora: a1e56fd34408186e4bbccfd4996cb3dc -> 
  custom:container-muxer-webm: aa71ff27fc2769a1b78a27578f13a17b -> 
  custom:container-demuxer-webm: 4f35f7cbe854078d1ac9338744f61a02 -> 
  custom:video-encoder-webm-vp8: eb34c28f22e8b96e1ab97ce403110664 -> 
  custom:framework-osx-AVFoundation: e770b220cccbd017edd2c1fefb359320 -> 
  custom:audio-encoder-webm-vorbis: bf7c407c2cedff20999df2af8eb42d56 -> 
  custom:container-demuxer-ogg: 62fdf1f143b41e24485cea50d1cbac27 -> 
  custom:video-decoder-webm-vp8: 9c59270c3fd7afecdb556c50c9e8de78 -> 
  custom:audio-decoder-ogg-vorbis: bf7c407c2cedff20999df2af8eb42d56 -> 
========================================================================
Received Prepare
Registering precompiled user dll's ...
Registered in 0.002013 seconds.
Begin MonoManager ReloadAssembly
Thread 0x16daab000 may have been prematurely finalized
Native extension for OSXStandalone target not found
Refreshing native plugins compatible for Editor in 0.69 ms, found 4 plugins.
Preloading 1 native plugins for Editor in 0.31 ms.
Mono: successfully reloaded assembly
- Completed reload, in  0.740 seconds
Domain Reload Profiling:
	ReloadAssembly (740ms)
		BeginReloadAssembly (95ms)
			ExecutionOrderSort (0ms)
			DisableScriptedObjects (3ms)
			BackupInstance (0ms)
			ReleaseScriptingObjects (0ms)
			CreateAndSetChildDomain (34ms)
		EndReloadAssembly (591ms)
			LoadAssemblies (47ms)
			RebuildTransferFunctionScriptingTraits (0ms)
			SetupTypeCache (189ms)
			ReleaseScriptCaches (1ms)
			RebuildScriptCaches (35ms)
			SetupLoadedEditorAssemblies (298ms)
				LogAssemblyErrors (0ms)
				InitializePlatformSupportModulesInManaged (2ms)
				SetLoadedEditorAssemblies (0ms)
				RefreshPlugins (1ms)
				BeforeProcessingInitializeOnLoad (42ms)
				ProcessInitializeOnLoadAttributes (240ms)
				ProcessInitializeOnLoadMethodAttributes (12ms)
				AfterProcessingInitializeOnLoad (1ms)
				EditorAssembliesLoaded (0ms)
			ExecutionOrderSort2 (0ms)
			AwakeInstancesAfterBackupRestoration (2ms)
Platform modules already initialized, skipping
Refreshing native plugins compatible for Editor in 1.31 ms, found 4 plugins.
Preloading 1 native plugins for Editor in 0.25 ms.
Unloading 4401 Unused Serialized files (Serialized files now loaded: 0)
Unloading 32 unused Assets / (1.9 MB). Loaded Objects now: 5039.
Memory consumption went from 187.5 MB to 185.6 MB.
Total: 2.948042 ms (FindLiveObjects: 0.155667 ms CreateObjectMapping: 0.057708 ms MarkObjects: 2.371167 ms  DeleteObjects: 0.362875 ms)

AssetImportParameters requested are different than current active one (requested -> active):
  custom:video-decoder-ogg-theora: a1e56fd34408186e4bbccfd4996cb3dc -> 
  custom:container-muxer-webm: aa71ff27fc2769a1b78a27578f13a17b -> 
  custom:container-demuxer-webm: 4f35f7cbe854078d1ac9338744f61a02 -> 
  custom:video-encoder-webm-vp8: eb34c28f22e8b96e1ab97ce403110664 -> 
  custom:framework-osx-AVFoundation: e770b220cccbd017edd2c1fefb359320 -> 
  custom:audio-encoder-webm-vorbis: bf7c407c2cedff20999df2af8eb42d56 -> 
  custom:container-demuxer-ogg: 62fdf1f143b41e24485cea50d1cbac27 -> 
  custom:video-decoder-webm-vp8: 9c59270c3fd7afecdb556c50c9e8de78 -> 
  custom:audio-decoder-ogg-vorbis: bf7c407c2cedff20999df2af8eb42d56 -> 
========================================================================
Received Prepare
Registering precompiled user dll's ...
Registered in 0.002346 seconds.
Begin MonoManager ReloadAssembly
Thread 0x16daab000 may have been prematurely finalized
Native extension for OSXStandalone target not found
Refreshing native plugins compatible for Editor in 0.95 ms, found 4 plugins.
Preloading 1 native plugins for Editor in 0.28 ms.
Mono: successfully reloaded assembly
- Completed reload, in  0.758 seconds
Domain Reload Profiling:
	ReloadAssembly (759ms)
		BeginReloadAssembly (106ms)
			ExecutionOrderSort (0ms)
			DisableScriptedObjects (3ms)
			BackupInstance (0ms)
			ReleaseScriptingObjects (0ms)
			CreateAndSetChildDomain (49ms)
		EndReloadAssembly (598ms)
			LoadAssemblies (41ms)
			RebuildTransferFunctionScriptingTraits (0ms)
			SetupTypeCache (194ms)
			ReleaseScriptCaches (1ms)
			RebuildScriptCaches (34ms)
			SetupLoadedEditorAssemblies (302ms)
				LogAssemblyErrors (0ms)
				InitializePlatformSupportModulesInManaged (2ms)
				SetLoadedEditorAssemblies (0ms)
				RefreshPlugins (1ms)
				BeforeProcessingInitializeOnLoad (43ms)
				ProcessInitializeOnLoadAttributes (244ms)
				ProcessInitializeOnLoadMethodAttributes (11ms)
				AfterProcessingInitializeOnLoad (1ms)
				EditorAssembliesLoaded (0ms)
			ExecutionOrderSort2 (0ms)
			AwakeInstancesAfterBackupRestoration (2ms)
Platform modules already initialized, skipping
Refreshing native plugins compatible for Editor in 1.26 ms, found 4 plugins.
Preloading 1 native plugins for Editor in 0.23 ms.
Unloading 4401 Unused Serialized files (Serialized files now loaded: 0)
Unloading 32 unused Assets / (1.9 MB). Loaded Objects now: 5043.
Memory consumption went from 187.5 MB to 185.7 MB.
Total: 3.155125 ms (FindLiveObjects: 0.154208 ms CreateObjectMapping: 0.056958 ms MarkObjects: 2.579417 ms  DeleteObjects: 0.364041 ms)

AssetImportParameters requested are different than current active one (requested -> active):
  custom:video-decoder-ogg-theora: a1e56fd34408186e4bbccfd4996cb3dc -> 
  custom:container-muxer-webm: aa71ff27fc2769a1b78a27578f13a17b -> 
  custom:container-demuxer-webm: 4f35f7cbe854078d1ac9338744f61a02 -> 
  custom:video-encoder-webm-vp8: eb34c28f22e8b96e1ab97ce403110664 -> 
  custom:framework-osx-AVFoundation: e770b220cccbd017edd2c1fefb359320 -> 
  custom:audio-encoder-webm-vorbis: bf7c407c2cedff20999df2af8eb42d56 -> 
  custom:container-demuxer-ogg: 62fdf1f143b41e24485cea50d1cbac27 -> 
  custom:video-decoder-webm-vp8: 9c59270c3fd7afecdb556c50c9e8de78 -> 
  custom:audio-decoder-ogg-vorbis: bf7c407c2cedff20999df2af8eb42d56 -> 
========================================================================
Received Prepare
Registering precompiled user dll's ...
Registered in 0.002340 seconds.
Begin MonoManager ReloadAssembly
Thread 0x16daab000 may have been prematurely finalized
Native extension for OSXStandalone target not found
Refreshing native plugins compatible for Editor in 0.68 ms, found 4 plugins.
Preloading 1 native plugins for Editor in 0.25 ms.
Mono: successfully reloaded assembly
- Completed reload, in  0.899 seconds
Domain Reload Profiling:
	ReloadAssembly (900ms)
		BeginReloadAssembly (182ms)
			ExecutionOrderSort (0ms)
			DisableScriptedObjects (3ms)
			BackupInstance (0ms)
			ReleaseScriptingObjects (0ms)
			CreateAndSetChildDomain (58ms)
		EndReloadAssembly (661ms)
			LoadAssemblies (117ms)
			RebuildTransferFunctionScriptingTraits (0ms)
			SetupTypeCache (197ms)
			ReleaseScriptCaches (1ms)
			RebuildScriptCaches (43ms)
			SetupLoadedEditorAssemblies (307ms)
				LogAssemblyErrors (0ms)
				InitializePlatformSupportModulesInManaged (2ms)
				SetLoadedEditorAssemblies (0ms)
				RefreshPlugins (1ms)
				BeforeProcessingInitializeOnLoad (43ms)
				ProcessInitializeOnLoadAttributes (249ms)
				ProcessInitializeOnLoadMethodAttributes (11ms)
				AfterProcessingInitializeOnLoad (1ms)
				EditorAssembliesLoaded (0ms)
			ExecutionOrderSort2 (0ms)
			AwakeInstancesAfterBackupRestoration (2ms)
Platform modules already initialized, skipping
Refreshing native plugins compatible for Editor in 1.73 ms, found 4 plugins.
Preloading 1 native plugins for Editor in 0.23 ms.
Unloading 4423 Unused Serialized files (Serialized files now loaded: 0)
Unloading 32 unused Assets / (1.9 MB). Loaded Objects now: 5069.
Memory consumption went from 188.2 MB to 186.3 MB.
Total: 2.715542 ms (FindLiveObjects: 0.283375 ms CreateObjectMapping: 0.059125 ms MarkObjects: 2.033167 ms  DeleteObjects: 0.339459 ms)

AssetImportParameters requested are different than current active one (requested -> active):
  custom:video-decoder-ogg-theora: a1e56fd34408186e4bbccfd4996cb3dc -> 
  custom:container-muxer-webm: aa71ff27fc2769a1b78a27578f13a17b -> 
  custom:container-demuxer-webm: 4f35f7cbe854078d1ac9338744f61a02 -> 
  custom:video-encoder-webm-vp8: eb34c28f22e8b96e1ab97ce403110664 -> 
  custom:framework-osx-AVFoundation: e770b220cccbd017edd2c1fefb359320 -> 
  custom:audio-encoder-webm-vorbis: bf7c407c2cedff20999df2af8eb42d56 -> 
  custom:container-demuxer-ogg: 62fdf1f143b41e24485cea50d1cbac27 -> 
  custom:video-decoder-webm-vp8: 9c59270c3fd7afecdb556c50c9e8de78 -> 
  custom:audio-decoder-ogg-vorbis: bf7c407c2cedff20999df2af8eb42d56 -> 
========================================================================
Received Prepare
Registering precompiled user dll's ...
Registered in 0.001974 seconds.
Begin MonoManager ReloadAssembly
Thread 0x16daab000 may have been prematurely finalized
Native extension for OSXStandalone target not found
Refreshing native plugins compatible for Editor in 0.66 ms, found 4 plugins.
Preloading 1 native plugins for Editor in 0.25 ms.
Mono: successfully reloaded assembly
- Completed reload, in  0.765 seconds
Domain Reload Profiling:
	ReloadAssembly (765ms)
		BeginReloadAssembly (94ms)
			ExecutionOrderSort (0ms)
			DisableScriptedObjects (3ms)
			BackupInstance (0ms)
			ReleaseScriptingObjects (0ms)
			CreateAndSetChildDomain (35ms)
		EndReloadAssembly (616ms)
			LoadAssemblies (52ms)
			RebuildTransferFunctionScriptingTraits (0ms)
			SetupTypeCache (198ms)
			ReleaseScriptCaches (2ms)
			RebuildScriptCaches (35ms)
			SetupLoadedEditorAssemblies (306ms)
				LogAssemblyErrors (0ms)
				InitializePlatformSupportModulesInManaged (2ms)
				SetLoadedEditorAssemblies (0ms)
				RefreshPlugins (1ms)
				BeforeProcessingInitializeOnLoad (44ms)
				ProcessInitializeOnLoadAttributes (246ms)
				ProcessInitializeOnLoadMethodAttributes (11ms)
				AfterProcessingInitializeOnLoad (1ms)
				EditorAssembliesLoaded (0ms)
			ExecutionOrderSort2 (0ms)
			AwakeInstancesAfterBackupRestoration (3ms)
Platform modules already initialized, skipping
Refreshing native plugins compatible for Editor in 1.29 ms, found 4 plugins.
Preloading 1 native plugins for Editor in 0.22 ms.
Unloading 4423 Unused Serialized files (Serialized files now loaded: 0)
Unloading 32 unused Assets / (1.8 MB). Loaded Objects now: 5073.
Memory consumption went from 188.2 MB to 186.3 MB.
Total: 3.113750 ms (FindLiveObjects: 0.166458 ms CreateObjectMapping: 0.061375 ms MarkObjects: 2.485958 ms  DeleteObjects: 0.399542 ms)

AssetImportParameters requested are different than current active one (requested -> active):
  custom:video-decoder-ogg-theora: a1e56fd34408186e4bbccfd4996cb3dc -> 
  custom:container-muxer-webm: aa71ff27fc2769a1b78a27578f13a17b -> 
  custom:container-demuxer-webm: 4f35f7cbe854078d1ac9338744f61a02 -> 
  custom:video-encoder-webm-vp8: eb34c28f22e8b96e1ab97ce403110664 -> 
  custom:framework-osx-AVFoundation: e770b220cccbd017edd2c1fefb359320 -> 
  custom:audio-encoder-webm-vorbis: bf7c407c2cedff20999df2af8eb42d56 -> 
  custom:container-demuxer-ogg: 62fdf1f143b41e24485cea50d1cbac27 -> 
  custom:video-decoder-webm-vp8: 9c59270c3fd7afecdb556c50c9e8de78 -> 
  custom:audio-decoder-ogg-vorbis: bf7c407c2cedff20999df2af8eb42d56 -> 
========================================================================
Received Import Request.
  Time since last request: 290.483895 seconds.
  path: Assets/DialogueEditor/ConversationManager.prefab
  artifactKey: Guid(d9fa78e8c3c4f2b4b8f7f77ca8426cca) Importer(815301076,1909f56bfc062723c751e8b465ee728b)
Start importing Assets/DialogueEditor/ConversationManager.prefab using Guid(d9fa78e8c3c4f2b4b8f7f77ca8426cca) Importer(815301076,1909f56bfc062723c751e8b465ee728b)  -> (artifact id: 'a926ac93625b8c6ab965e7cc47ad3dde') in 0.111996 seconds 
========================================================================
Received Import Request.
  Time since last request: 120.440195 seconds.
  path: Assets/Scripts/SceneLoader.cs
  artifactKey: Guid(0361e5c4954db2146876f1ada59b29be) Importer(815301076,1909f56bfc062723c751e8b465ee728b)
Start importing Assets/Scripts/SceneLoader.cs using Guid(0361e5c4954db2146876f1ada59b29be) Importer(815301076,1909f56bfc062723c751e8b465ee728b)  -> (artifact id: '23eb0102eee01b8938d248966acd6c12') in 0.106964 seconds 
========================================================================
Received Import Request.
  Time since last request: 0.627195 seconds.
  path: Assets/Scripts/ProgressBar.cs
  artifactKey: Guid(cd31e2129ef061d4f91e97844339b515) Importer(815301076,1909f56bfc062723c751e8b465ee728b)
Start importing Assets/Scripts/ProgressBar.cs using Guid(cd31e2129ef061d4f91e97844339b515) Importer(815301076,1909f56bfc062723c751e8b465ee728b)  -> (artifact id: 'f9b056ccdfd306934ff13771e3d8739d') in 0.001604 seconds 
========================================================================
Received Prepare
Registering precompiled user dll's ...
Registered in 0.001980 seconds.
Begin MonoManager ReloadAssembly
Thread 0x16daab000 may have been prematurely finalized
Native extension for OSXStandalone target not found
Refreshing native plugins compatible for Editor in 0.72 ms, found 4 plugins.
Preloading 1 native plugins for Editor in 0.31 ms.
Mono: successfully reloaded assembly
- Completed reload, in  0.836 seconds
Domain Reload Profiling:
	ReloadAssembly (837ms)
		BeginReloadAssembly (141ms)
			ExecutionOrderSort (0ms)
			DisableScriptedObjects (6ms)
			BackupInstance (0ms)
			ReleaseScriptingObjects (0ms)
			CreateAndSetChildDomain (56ms)
		EndReloadAssembly (632ms)
			LoadAssemblies (82ms)
			RebuildTransferFunctionScriptingTraits (0ms)
			SetupTypeCache (205ms)
			ReleaseScriptCaches (1ms)
			RebuildScriptCaches (33ms)
			SetupLoadedEditorAssemblies (299ms)
				LogAssemblyErrors (0ms)
				InitializePlatformSupportModulesInManaged (3ms)
				SetLoadedEditorAssemblies (0ms)
				RefreshPlugins (1ms)
				BeforeProcessingInitializeOnLoad (42ms)
				ProcessInitializeOnLoadAttributes (241ms)
				ProcessInitializeOnLoadMethodAttributes (11ms)
				AfterProcessingInitializeOnLoad (1ms)
				EditorAssembliesLoaded (0ms)
			ExecutionOrderSort2 (0ms)
			AwakeInstancesAfterBackupRestoration (2ms)
Platform modules already initialized, skipping
Refreshing native plugins compatible for Editor in 1.65 ms, found 4 plugins.
Preloading 1 native plugins for Editor in 0.21 ms.
Unloading 4424 Unused Serialized files (Serialized files now loaded: 0)
Unloading 32 unused Assets / (1.8 MB). Loaded Objects now: 5078.
Memory consumption went from 196.5 MB to 194.6 MB.
Total: 2.746750 ms (FindLiveObjects: 0.153000 ms CreateObjectMapping: 0.084000 ms MarkObjects: 2.103500 ms  DeleteObjects: 0.405500 ms)

AssetImportParameters requested are different than current active one (requested -> active):
  custom:video-decoder-ogg-theora: a1e56fd34408186e4bbccfd4996cb3dc -> 
  custom:container-muxer-webm: aa71ff27fc2769a1b78a27578f13a17b -> 
  custom:container-demuxer-webm: 4f35f7cbe854078d1ac9338744f61a02 -> 
  custom:video-encoder-webm-vp8: eb34c28f22e8b96e1ab97ce403110664 -> 
  custom:framework-osx-AVFoundation: e770b220cccbd017edd2c1fefb359320 -> 
  custom:audio-encoder-webm-vorbis: bf7c407c2cedff20999df2af8eb42d56 -> 
  custom:container-demuxer-ogg: 62fdf1f143b41e24485cea50d1cbac27 -> 
  custom:video-decoder-webm-vp8: 9c59270c3fd7afecdb556c50c9e8de78 -> 
  custom:audio-decoder-ogg-vorbis: bf7c407c2cedff20999df2af8eb42d56 -> 
========================================================================
Received Import Request.
  Time since last request: 28.144944 seconds.
  path: Assets/Scripts/startConvo.cs
  artifactKey: Guid(674d028a0d1164af194c7982e340a26b) Importer(815301076,1909f56bfc062723c751e8b465ee728b)
Start importing Assets/Scripts/startConvo.cs using Guid(674d028a0d1164af194c7982e340a26b) Importer(815301076,1909f56bfc062723c751e8b465ee728b)  -> (artifact id: '1550dc5db92ecc991c8d960d2e37dcf4') in 0.007065 seconds 
========================================================================
Received Prepare
Registering precompiled user dll's ...
Registered in 0.001957 seconds.
Begin MonoManager ReloadAssembly
Thread 0x16daab000 may have been prematurely finalized
Native extension for OSXStandalone target not found
Refreshing native plugins compatible for Editor in 0.63 ms, found 4 plugins.
Preloading 1 native plugins for Editor in 0.27 ms.
Mono: successfully reloaded assembly
- Completed reload, in  0.782 seconds
Domain Reload Profiling:
	ReloadAssembly (782ms)
		BeginReloadAssembly (133ms)
			ExecutionOrderSort (0ms)
			DisableScriptedObjects (7ms)
			BackupInstance (0ms)
			ReleaseScriptingObjects (0ms)
			CreateAndSetChildDomain (52ms)
		EndReloadAssembly (595ms)
			LoadAssemblies (53ms)
			RebuildTransferFunctionScriptingTraits (0ms)
			SetupTypeCache (202ms)
			ReleaseScriptCaches (1ms)
			RebuildScriptCaches (32ms)
			SetupLoadedEditorAssemblies (286ms)
				LogAssemblyErrors (0ms)
				InitializePlatformSupportModulesInManaged (2ms)
				SetLoadedEditorAssemblies (0ms)
				RefreshPlugins (1ms)
				BeforeProcessingInitializeOnLoad (41ms)
				ProcessInitializeOnLoadAttributes (230ms)
				ProcessInitializeOnLoadMethodAttributes (11ms)
				AfterProcessingInitializeOnLoad (1ms)
				EditorAssembliesLoaded (0ms)
			ExecutionOrderSort2 (0ms)
			AwakeInstancesAfterBackupRestoration (2ms)
Platform modules already initialized, skipping
Refreshing native plugins compatible for Editor in 1.12 ms, found 4 plugins.
Preloading 1 native plugins for Editor in 0.22 ms.
Unloading 4424 Unused Serialized files (Serialized files now loaded: 0)
Unloading 32 unused Assets / (1.9 MB). Loaded Objects now: 5082.
Memory consumption went from 196.5 MB to 194.6 MB.
Total: 2.577250 ms (FindLiveObjects: 0.152250 ms CreateObjectMapping: 0.059417 ms MarkObjects: 2.003667 ms  DeleteObjects: 0.361375 ms)

AssetImportParameters requested are different than current active one (requested -> active):
  custom:video-decoder-ogg-theora: a1e56fd34408186e4bbccfd4996cb3dc -> 
  custom:container-muxer-webm: aa71ff27fc2769a1b78a27578f13a17b -> 
  custom:container-demuxer-webm: 4f35f7cbe854078d1ac9338744f61a02 -> 
  custom:video-encoder-webm-vp8: eb34c28f22e8b96e1ab97ce403110664 -> 
  custom:framework-osx-AVFoundation: e770b220cccbd017edd2c1fefb359320 -> 
  custom:audio-encoder-webm-vorbis: bf7c407c2cedff20999df2af8eb42d56 -> 
  custom:container-demuxer-ogg: 62fdf1f143b41e24485cea50d1cbac27 -> 
  custom:video-decoder-webm-vp8: 9c59270c3fd7afecdb556c50c9e8de78 -> 
  custom:audio-decoder-ogg-vorbis: bf7c407c2cedff20999df2af8eb42d56 -> 
========================================================================
Received Import Request.
  Time since last request: 328.117823 seconds.
  path: Assets/Subway/TrainFront.mp4
  artifactKey: Guid(8fe8bafe246826a44941be1260fe440d) Importer(815301076,1909f56bfc062723c751e8b465ee728b)
Start importing Assets/Subway/TrainFront.mp4 using Guid(8fe8bafe246826a44941be1260fe440d) Importer(815301076,1909f56bfc062723c751e8b465ee728b)  -> (artifact id: 'd8436abd9464dd2675dc4951131c37de') in 0.761324 seconds 
========================================================================
Received Import Request.
  Time since last request: 9.587668 seconds.
  path: Assets/Prefabs/LevelLoader.prefab
  artifactKey: Guid(e1c06f2a2e24ddf47816e0cdbaf1724a) Importer(815301076,1909f56bfc062723c751e8b465ee728b)
Start importing Assets/Prefabs/LevelLoader.prefab using Guid(e1c06f2a2e24ddf47816e0cdbaf1724a) Importer(815301076,1909f56bfc062723c751e8b465ee728b)  -> (artifact id: '3269b63ed28d3ed34d3062f9533e2514') in 0.033840 seconds 
========================================================================
Received Import Request.
  Time since last request: 19.025729 seconds.
  path: Assets/Sprite
  artifactKey: Guid(cdb528967bc774f88b431659c5f6b727) Importer(815301076,1909f56bfc062723c751e8b465ee728b)
Start importing Assets/Sprite using Guid(cdb528967bc774f88b431659c5f6b727) Importer(815301076,1909f56bfc062723c751e8b465ee728b)  -> (artifact id: 'e2ca62c0deebac094e31ffba60b4fb02') in 0.001760 seconds 
========================================================================
Received Import Request.
  Time since last request: 4.832676 seconds.
  path: Assets/Sprite/imgbin_karamatsu-osomatsu-kun-seiyu-テレビアニメ-anime-png.png
  artifactKey: Guid(2959a2c39748f428486c421a77c9e7cf) Importer(815301076,1909f56bfc062723c751e8b465ee728b)
Start importing Assets/Sprite/imgbin_karamatsu-osomatsu-kun-seiyu-テレビアニメ-anime-png.png using Guid(2959a2c39748f428486c421a77c9e7cf) Importer(815301076,1909f56bfc062723c751e8b465ee728b)  -> (artifact id: 'c6be8d3abb1ccd80c64c1af5229d1e23') in 0.427757 seconds 
========================================================================
Received Import Request.
  Time since last request: 42.839299 seconds.
  path: Assets/Sprite/imgbin_karamatsu-osomatsu-kun-seiyu-テレビアニメ-anime-png.png
  artifactKey: Guid(2959a2c39748f428486c421a77c9e7cf) Importer(815301076,1909f56bfc062723c751e8b465ee728b)
Start importing Assets/Sprite/imgbin_karamatsu-osomatsu-kun-seiyu-テレビアニメ-anime-png.png using Guid(2959a2c39748f428486c421a77c9e7cf) Importer(815301076,1909f56bfc062723c751e8b465ee728b)  -> (artifact id: '279b647691ee39e02ad8e17e77cb9f21') in 0.006367 seconds 
========================================================================
Received Import Request.
  Time since last request: 39.260490 seconds.
  path: Assets/Sprite/Materials
  artifactKey: Guid(986930f45afa24c19a22f2d443333290) Importer(815301076,1909f56bfc062723c751e8b465ee728b)
Start importing Assets/Sprite/Materials using Guid(986930f45afa24c19a22f2d443333290) Importer(815301076,1909f56bfc062723c751e8b465ee728b)  -> (artifact id: 'b4066c18bd88da2005d3cf703454a905') in 0.002530 seconds 
========================================================================
Received Import Request.
  Time since last request: 0.092837 seconds.
  path: Assets/Sprite/Materials/imgbin_karamatsu-osomatsu-kun-seiyu-テレビアニメ-anime-png.mat
  artifactKey: Guid(726f6ec8daf5d46c5a515cc95d1bbff6) Importer(815301076,1909f56bfc062723c751e8b465ee728b)
Start importing Assets/Sprite/Materials/imgbin_karamatsu-osomatsu-kun-seiyu-テレビアニメ-anime-png.mat using Guid(726f6ec8daf5d46c5a515cc95d1bbff6) Importer(815301076,1909f56bfc062723c751e8b465ee728b)  -> (artifact id: '5cab0f789297dfaaba62d874258dd558') in 0.062193 seconds 
========================================================================
Received Import Request.
  Time since last request: 28.245591 seconds.
  path: Assets/DialogueEditor/Example
  artifactKey: Guid(4248578b3bace6d44a0585b8de900c77) Importer(815301076,1909f56bfc062723c751e8b465ee728b)
Start importing Assets/DialogueEditor/Example using Guid(4248578b3bace6d44a0585b8de900c77) Importer(815301076,1909f56bfc062723c751e8b465ee728b)  -> (artifact id: '186cece0414a600ef7e0496a41c187ef') in 0.005859 seconds 
========================================================================
Received Import Request.
  Time since last request: 0.038624 seconds.
  path: Assets/DialogueEditor/Example/ManIcon.png
  artifactKey: Guid(f71c0dc03d067a342aa16a51674f6507) Importer(815301076,1909f56bfc062723c751e8b465ee728b)
Start importing Assets/DialogueEditor/Example/ManIcon.png using Guid(f71c0dc03d067a342aa16a51674f6507) Importer(815301076,1909f56bfc062723c751e8b465ee728b)  -> (artifact id: '6f6e78ad3e345abc0f0f5083dea8f7f4') in 0.033693 seconds 
========================================================================
Received Import Request.
  Time since last request: 52.756674 seconds.
  path: Assets/Sprite/imgbin-karamatsu-osomatsu-kun-seiyu-anime-anime-DmiDryBDD13PvgiuWYzP47rSb.jpg
  artifactKey: Guid(030f6d62e39a94062a72e964cb9d9193) Importer(815301076,1909f56bfc062723c751e8b465ee728b)
Start importing Assets/Sprite/imgbin-karamatsu-osomatsu-kun-seiyu-anime-anime-DmiDryBDD13PvgiuWYzP47rSb.jpg using Guid(030f6d62e39a94062a72e964cb9d9193) Importer(815301076,1909f56bfc062723c751e8b465ee728b)  -> (artifact id: 'ee1a0f2924bfa63717d3ddfaa5c37146') in 0.621966 seconds 
========================================================================
Received Import Request.
  Time since last request: 79.417334 seconds.
  path: Assets/Sprite/imgbin_karamatsu-osomatsu-kun-seiyu-テレビアニメ-anime-png.png
  artifactKey: Guid(2959a2c39748f428486c421a77c9e7cf) Importer(815301076,1909f56bfc062723c751e8b465ee728b)
Start importing Assets/Sprite/imgbin_karamatsu-osomatsu-kun-seiyu-テレビアニメ-anime-png.png using Guid(2959a2c39748f428486c421a77c9e7cf) Importer(815301076,1909f56bfc062723c751e8b465ee728b)  -> (artifact id: 'c146f41bc5eb31f9102104d5612e5c29') in 0.050348 seconds 
========================================================================
Received Prepare
Registering precompiled user dll's ...
Registered in 0.002448 seconds.
Begin MonoManager ReloadAssembly
Thread 0x16daab000 may have been prematurely finalized
Native extension for OSXStandalone target not found
Refreshing native plugins compatible for Editor in 0.61 ms, found 4 plugins.
Preloading 1 native plugins for Editor in 0.21 ms.
Mono: successfully reloaded assembly
- Completed reload, in  0.822 seconds
Domain Reload Profiling:
	ReloadAssembly (822ms)
		BeginReloadAssembly (139ms)
			ExecutionOrderSort (0ms)
			DisableScriptedObjects (15ms)
			BackupInstance (0ms)
			ReleaseScriptingObjects (0ms)
			CreateAndSetChildDomain (48ms)
		EndReloadAssembly (629ms)
			LoadAssemblies (50ms)
			RebuildTransferFunctionScriptingTraits (0ms)
			SetupTypeCache (204ms)
			ReleaseScriptCaches (1ms)
			RebuildScriptCaches (35ms)
			SetupLoadedEditorAssemblies (312ms)
				LogAssemblyErrors (0ms)
				InitializePlatformSupportModulesInManaged (3ms)
				SetLoadedEditorAssemblies (0ms)
				RefreshPlugins (1ms)
				BeforeProcessingInitializeOnLoad (41ms)
				ProcessInitializeOnLoadAttributes (253ms)
				ProcessInitializeOnLoadMethodAttributes (12ms)
				AfterProcessingInitializeOnLoad (1ms)
				EditorAssembliesLoaded (0ms)
			ExecutionOrderSort2 (0ms)
			AwakeInstancesAfterBackupRestoration (3ms)
Platform modules already initialized, skipping
Refreshing native plugins compatible for Editor in 1.27 ms, found 4 plugins.
Preloading 1 native plugins for Editor in 0.21 ms.
Unloading 4424 Unused Serialized files (Serialized files now loaded: 0)
Unloading 32 unused Assets / (1.8 MB). Loaded Objects now: 5094.
Memory consumption went from 213.0 MB to 211.2 MB.
Total: 3.230958 ms (FindLiveObjects: 0.145667 ms CreateObjectMapping: 0.054833 ms MarkObjects: 2.614958 ms  DeleteObjects: 0.414541 ms)

AssetImportParameters requested are different than current active one (requested -> active):
  custom:video-decoder-ogg-theora: a1e56fd34408186e4bbccfd4996cb3dc -> 
  custom:container-muxer-webm: aa71ff27fc2769a1b78a27578f13a17b -> 
  custom:container-demuxer-webm: 4f35f7cbe854078d1ac9338744f61a02 -> 
  custom:video-encoder-webm-vp8: eb34c28f22e8b96e1ab97ce403110664 -> 
  custom:framework-osx-AVFoundation: e770b220cccbd017edd2c1fefb359320 -> 
  custom:audio-encoder-webm-vorbis: bf7c407c2cedff20999df2af8eb42d56 -> 
  custom:container-demuxer-ogg: 62fdf1f143b41e24485cea50d1cbac27 -> 
  custom:video-decoder-webm-vp8: 9c59270c3fd7afecdb556c50c9e8de78 -> 
  custom:audio-decoder-ogg-vorbis: bf7c407c2cedff20999df2af8eb42d56 -> 
========================================================================
Received Prepare
Registering precompiled user dll's ...
Registered in 0.002128 seconds.
Begin MonoManager ReloadAssembly
Thread 0x16daab000 may have been prematurely finalized
Native extension for OSXStandalone target not found
Refreshing native plugins compatible for Editor in 0.70 ms, found 4 plugins.
Preloading 1 native plugins for Editor in 0.29 ms.
Mono: successfully reloaded assembly
- Completed reload, in  0.713 seconds
Domain Reload Profiling:
	ReloadAssembly (714ms)
		BeginReloadAssembly (81ms)
			ExecutionOrderSort (0ms)
			DisableScriptedObjects (2ms)
			BackupInstance (0ms)
			ReleaseScriptingObjects (0ms)
			CreateAndSetChildDomain (31ms)
		EndReloadAssembly (580ms)
			LoadAssemblies (38ms)
			RebuildTransferFunctionScriptingTraits (0ms)
			SetupTypeCache (179ms)
			ReleaseScriptCaches (1ms)
			RebuildScriptCaches (32ms)
			SetupLoadedEditorAssemblies (300ms)
				LogAssemblyErrors (0ms)
				InitializePlatformSupportModulesInManaged (2ms)
				SetLoadedEditorAssemblies (0ms)
				RefreshPlugins (1ms)
				BeforeProcessingInitializeOnLoad (42ms)
				ProcessInitializeOnLoadAttributes (242ms)
				ProcessInitializeOnLoadMethodAttributes (11ms)
				AfterProcessingInitializeOnLoad (1ms)
				EditorAssembliesLoaded (0ms)
			ExecutionOrderSort2 (0ms)
			AwakeInstancesAfterBackupRestoration (2ms)
Platform modules already initialized, skipping
Refreshing native plugins compatible for Editor in 1.19 ms, found 4 plugins.
Preloading 1 native plugins for Editor in 0.26 ms.
Unloading 4424 Unused Serialized files (Serialized files now loaded: 0)
Unloading 32 unused Assets / (1.8 MB). Loaded Objects now: 5098.
Memory consumption went from 213.0 MB to 211.2 MB.
Total: 2.901500 ms (FindLiveObjects: 0.235250 ms CreateObjectMapping: 0.113125 ms MarkObjects: 2.228541 ms  DeleteObjects: 0.324000 ms)

AssetImportParameters requested are different than current active one (requested -> active):
  custom:video-decoder-ogg-theora: a1e56fd34408186e4bbccfd4996cb3dc -> 
  custom:container-muxer-webm: aa71ff27fc2769a1b78a27578f13a17b -> 
  custom:container-demuxer-webm: 4f35f7cbe854078d1ac9338744f61a02 -> 
  custom:video-encoder-webm-vp8: eb34c28f22e8b96e1ab97ce403110664 -> 
  custom:framework-osx-AVFoundation: e770b220cccbd017edd2c1fefb359320 -> 
  custom:audio-encoder-webm-vorbis: bf7c407c2cedff20999df2af8eb42d56 -> 
  custom:container-demuxer-ogg: 62fdf1f143b41e24485cea50d1cbac27 -> 
  custom:video-decoder-webm-vp8: 9c59270c3fd7afecdb556c50c9e8de78 -> 
  custom:audio-decoder-ogg-vorbis: bf7c407c2cedff20999df2af8eb42d56 -> 
========================================================================
Received Import Request.
  Time since last request: 505.867395 seconds.
  path: Assets/Materials/CouchTexture.mat
  artifactKey: Guid(86598a354c58d3e4686e61c7a57fcbf9) Importer(815301076,1909f56bfc062723c751e8b465ee728b)
Start importing Assets/Materials/CouchTexture.mat using Guid(86598a354c58d3e4686e61c7a57fcbf9) Importer(815301076,1909f56bfc062723c751e8b465ee728b)  -> (artifact id: 'f413613186dadb4b0372c585469309b8') in 0.061301 seconds 
========================================================================
Received Import Request.
  Time since last request: 0.000064 seconds.
  path: Assets/Materials/Light.mat
  artifactKey: Guid(7009027219fc6938d8b27d5c9c516e6d) Importer(815301076,1909f56bfc062723c751e8b465ee728b)
Start importing Assets/Materials/Light.mat using Guid(7009027219fc6938d8b27d5c9c516e6d) Importer(815301076,1909f56bfc062723c751e8b465ee728b)  -> (artifact id: 'fbba1e0659732487339c8cfd1226339b') in 0.207328 seconds 
========================================================================
Received Import Request.
  Time since last request: 0.002979 seconds.
  path: Assets/Materials/Wood.mat
  artifactKey: Guid(0e0c415988406c608994da9612ac06b1) Importer(815301076,1909f56bfc062723c751e8b465ee728b)
Start importing Assets/Materials/Wood.mat using Guid(0e0c415988406c608994da9612ac06b1) Importer(815301076,1909f56bfc062723c751e8b465ee728b)  -> (artifact id: 'b49d24d63a07f4e020ec192e6c958319') in 0.256472 seconds 
========================================================================
Received Import Request.
  Time since last request: 2.170638 seconds.
  path: Assets/LivingRoom/Bookshelf.prefab
  artifactKey: Guid(63e65d26f3b8f554b8afd43d4ddfdd27) Importer(815301076,1909f56bfc062723c751e8b465ee728b)
Start importing Assets/LivingRoom/Bookshelf.prefab using Guid(63e65d26f3b8f554b8afd43d4ddfdd27) Importer(815301076,1909f56bfc062723c751e8b465ee728b)  -> (artifact id: '50ea18b91b4aa147412a12f34e7f02a7') in 0.029015 seconds 
========================================================================
Received Import Request.
  Time since last request: 9.258082 seconds.
  path: Assets/UI/heart.png
  artifactKey: Guid(c0609a979806ece47a3fd0a9226b2046) Importer(815301076,1909f56bfc062723c751e8b465ee728b)
Start importing Assets/UI/heart.png using Guid(c0609a979806ece47a3fd0a9226b2046) Importer(815301076,1909f56bfc062723c751e8b465ee728b)  -> (artifact id: 'e06ece1c8b11cfff51201c803f9ba327') in 0.028612 seconds 
========================================================================
Received Import Request.
  Time since last request: 0.400896 seconds.
  path: Assets/Textures/BowlTexture.mat
  artifactKey: Guid(9f4be3875eb00564cb3391e7b045808d) Importer(815301076,1909f56bfc062723c751e8b465ee728b)
Start importing Assets/Textures/BowlTexture.mat using Guid(9f4be3875eb00564cb3391e7b045808d) Importer(815301076,1909f56bfc062723c751e8b465ee728b)  -> (artifact id: '3756d8f6597526dbc8bf4d52b9c5899d') in 0.010309 seconds 
========================================================================
Received Import Request.
  Time since last request: 0.000063 seconds.
  path: Assets/Textures/kloppenheim_02_4k.hdr
  artifactKey: Guid(4f7ac118243bf824e95c928998bf5546) Importer(815301076,1909f56bfc062723c751e8b465ee728b)
Start importing Assets/Textures/kloppenheim_02_4k.hdr using Guid(4f7ac118243bf824e95c928998bf5546) Importer(815301076,1909f56bfc062723c751e8b465ee728b)  -> (artifact id: '3fa2e3cadd41b7ec467cbd4cae0be2f0') in 0.733366 seconds 
========================================================================
Received Prepare
Registering precompiled user dll's ...
Registered in 0.002042 seconds.
Begin MonoManager ReloadAssembly
Thread 0x16daab000 may have been prematurely finalized
Native extension for OSXStandalone target not found
Refreshing native plugins compatible for Editor in 0.66 ms, found 4 plugins.
Preloading 1 native plugins for Editor in 0.27 ms.
Mono: successfully reloaded assembly
- Completed reload, in  0.846 seconds
Domain Reload Profiling:
	ReloadAssembly (846ms)
		BeginReloadAssembly (123ms)
			ExecutionOrderSort (0ms)
			DisableScriptedObjects (2ms)
			BackupInstance (0ms)
			ReleaseScriptingObjects (0ms)
			CreateAndSetChildDomain (53ms)
		EndReloadAssembly (655ms)
			LoadAssemblies (51ms)
			RebuildTransferFunctionScriptingTraits (0ms)
			SetupTypeCache (232ms)
			ReleaseScriptCaches (1ms)
			RebuildScriptCaches (36ms)
			SetupLoadedEditorAssemblies (310ms)
				LogAssemblyErrors (0ms)
				InitializePlatformSupportModulesInManaged (2ms)
				SetLoadedEditorAssemblies (0ms)
				RefreshPlugins (1ms)
				BeforeProcessingInitializeOnLoad (44ms)
				ProcessInitializeOnLoadAttributes (250ms)
				ProcessInitializeOnLoadMethodAttributes (11ms)
				AfterProcessingInitializeOnLoad (1ms)
				EditorAssembliesLoaded (0ms)
			ExecutionOrderSort2 (0ms)
			AwakeInstancesAfterBackupRestoration (3ms)
Platform modules already initialized, skipping
Refreshing native plugins compatible for Editor in 1.05 ms, found 4 plugins.
Preloading 1 native plugins for Editor in 0.20 ms.
Unloading 4424 Unused Serialized files (Serialized files now loaded: 0)
Unloading 33 unused Assets / (1.8 MB). Loaded Objects now: 5106.
Memory consumption went from 217.3 MB to 215.5 MB.
Total: 4.026250 ms (FindLiveObjects: 0.176291 ms CreateObjectMapping: 0.059875 ms MarkObjects: 3.289167 ms  DeleteObjects: 0.500209 ms)

AssetImportParameters requested are different than current active one (requested -> active):
  custom:video-decoder-ogg-theora: a1e56fd34408186e4bbccfd4996cb3dc -> 
  custom:container-muxer-webm: aa71ff27fc2769a1b78a27578f13a17b -> 
  custom:container-demuxer-webm: 4f35f7cbe854078d1ac9338744f61a02 -> 
  custom:video-encoder-webm-vp8: eb34c28f22e8b96e1ab97ce403110664 -> 
  custom:framework-osx-AVFoundation: e770b220cccbd017edd2c1fefb359320 -> 
  custom:audio-encoder-webm-vorbis: bf7c407c2cedff20999df2af8eb42d56 -> 
  custom:container-demuxer-ogg: 62fdf1f143b41e24485cea50d1cbac27 -> 
  custom:video-decoder-webm-vp8: 9c59270c3fd7afecdb556c50c9e8de78 -> 
  custom:audio-decoder-ogg-vorbis: bf7c407c2cedff20999df2af8eb42d56 -> 
========================================================================
Received Prepare
Registering precompiled user dll's ...
Registered in 0.002372 seconds.
Begin MonoManager ReloadAssembly
Thread 0x16daab000 may have been prematurely finalized
Native extension for OSXStandalone target not found
Refreshing native plugins compatible for Editor in 0.68 ms, found 4 plugins.
Preloading 1 native plugins for Editor in 0.26 ms.
Mono: successfully reloaded assembly
- Completed reload, in  0.762 seconds
Domain Reload Profiling:
	ReloadAssembly (763ms)
		BeginReloadAssembly (97ms)
			ExecutionOrderSort (0ms)
			DisableScriptedObjects (3ms)
			BackupInstance (0ms)
			ReleaseScriptingObjects (0ms)
			CreateAndSetChildDomain (39ms)
		EndReloadAssembly (610ms)
			LoadAssemblies (46ms)
			RebuildTransferFunctionScriptingTraits (0ms)
			SetupTypeCache (196ms)
			ReleaseScriptCaches (1ms)
			RebuildScriptCaches (36ms)
			SetupLoadedEditorAssemblies (306ms)
				LogAssemblyErrors (0ms)
				InitializePlatformSupportModulesInManaged (2ms)
				SetLoadedEditorAssemblies (0ms)
				RefreshPlugins (1ms)
				BeforeProcessingInitializeOnLoad (42ms)
				ProcessInitializeOnLoadAttributes (247ms)
				ProcessInitializeOnLoadMethodAttributes (12ms)
				AfterProcessingInitializeOnLoad (1ms)
				EditorAssembliesLoaded (0ms)
			ExecutionOrderSort2 (0ms)
			AwakeInstancesAfterBackupRestoration (2ms)
Platform modules already initialized, skipping
Refreshing native plugins compatible for Editor in 1.37 ms, found 4 plugins.
Preloading 1 native plugins for Editor in 0.20 ms.
Unloading 4424 Unused Serialized files (Serialized files now loaded: 0)
Unloading 32 unused Assets / (1.8 MB). Loaded Objects now: 5110.
Memory consumption went from 217.3 MB to 215.5 MB.
Total: 2.791541 ms (FindLiveObjects: 0.169666 ms CreateObjectMapping: 0.057250 ms MarkObjects: 2.181667 ms  DeleteObjects: 0.382333 ms)

AssetImportParameters requested are different than current active one (requested -> active):
  custom:video-decoder-ogg-theora: a1e56fd34408186e4bbccfd4996cb3dc -> 
  custom:container-muxer-webm: aa71ff27fc2769a1b78a27578f13a17b -> 
  custom:container-demuxer-webm: 4f35f7cbe854078d1ac9338744f61a02 -> 
  custom:video-encoder-webm-vp8: eb34c28f22e8b96e1ab97ce403110664 -> 
  custom:framework-osx-AVFoundation: e770b220cccbd017edd2c1fefb359320 -> 
  custom:audio-encoder-webm-vorbis: bf7c407c2cedff20999df2af8eb42d56 -> 
  custom:container-demuxer-ogg: 62fdf1f143b41e24485cea50d1cbac27 -> 
  custom:video-decoder-webm-vp8: 9c59270c3fd7afecdb556c50c9e8de78 -> 
  custom:audio-decoder-ogg-vorbis: bf7c407c2cedff20999df2af8eb42d56 -> 
========================================================================
Received Prepare
Registering precompiled user dll's ...
Registered in 0.001967 seconds.
Begin MonoManager ReloadAssembly
Thread 0x16daab000 may have been prematurely finalized
Native extension for OSXStandalone target not found
Refreshing native plugins compatible for Editor in 0.63 ms, found 4 plugins.
Preloading 1 native plugins for Editor in 0.26 ms.
Mono: successfully reloaded assembly
- Completed reload, in  0.770 seconds
Domain Reload Profiling:
	ReloadAssembly (773ms)
		BeginReloadAssembly (121ms)
			ExecutionOrderSort (0ms)
			DisableScriptedObjects (3ms)
			BackupInstance (0ms)
			ReleaseScriptingObjects (0ms)
			CreateAndSetChildDomain (53ms)
		EndReloadAssembly (595ms)
			LoadAssemblies (46ms)
			RebuildTransferFunctionScriptingTraits (0ms)
			SetupTypeCache (203ms)
			ReleaseScriptCaches (1ms)
			RebuildScriptCaches (35ms)
			SetupLoadedEditorAssemblies (286ms)
				LogAssemblyErrors (0ms)
				InitializePlatformSupportModulesInManaged (2ms)
				SetLoadedEditorAssemblies (0ms)
				RefreshPlugins (1ms)
				BeforeProcessingInitializeOnLoad (40ms)
				ProcessInitializeOnLoadAttributes (231ms)
				ProcessInitializeOnLoadMethodAttributes (11ms)
				AfterProcessingInitializeOnLoad (1ms)
				EditorAssembliesLoaded (0ms)
			ExecutionOrderSort2 (0ms)
			AwakeInstancesAfterBackupRestoration (2ms)
Platform modules already initialized, skipping
Refreshing native plugins compatible for Editor in 1.71 ms, found 4 plugins.
Preloading 1 native plugins for Editor in 0.22 ms.
Unloading 4426 Unused Serialized files (Serialized files now loaded: 0)
Unloading 32 unused Assets / (1.8 MB). Loaded Objects now: 5116.
Memory consumption went from 217.4 MB to 215.6 MB.
Total: 2.861375 ms (FindLiveObjects: 0.151708 ms CreateObjectMapping: 0.063542 ms MarkObjects: 2.254375 ms  DeleteObjects: 0.391250 ms)

AssetImportParameters requested are different than current active one (requested -> active):
  custom:video-decoder-ogg-theora: a1e56fd34408186e4bbccfd4996cb3dc -> 
  custom:container-muxer-webm: aa71ff27fc2769a1b78a27578f13a17b -> 
  custom:container-demuxer-webm: 4f35f7cbe854078d1ac9338744f61a02 -> 
  custom:video-encoder-webm-vp8: eb34c28f22e8b96e1ab97ce403110664 -> 
  custom:framework-osx-AVFoundation: e770b220cccbd017edd2c1fefb359320 -> 
  custom:audio-encoder-webm-vorbis: bf7c407c2cedff20999df2af8eb42d56 -> 
  custom:container-demuxer-ogg: 62fdf1f143b41e24485cea50d1cbac27 -> 
  custom:video-decoder-webm-vp8: 9c59270c3fd7afecdb556c50c9e8de78 -> 
  custom:audio-decoder-ogg-vorbis: bf7c407c2cedff20999df2af8eb42d56 -> 
